<?xml version="1.0" encoding="UTF-8"?>
<robot generator="Robot 5.0.1 (Python 3.9.13 on win32)" generated="20230417 11:52:29.429" rpa="true" schemaversion="3">
<suite id="s1" name="Robocorp Test Robots" source="C:\Users\admin\Downloads\RoboCorp\Robocorp Test Robots">
<suite id="s1-s1" name="SAP-Project Task" source="C:\Users\admin\Downloads\RoboCorp\Robocorp Test Robots\SAP-Project Task">
<suite id="s1-s1-s1" name="Read Bank Stmnt" source="C:\Users\admin\Downloads\RoboCorp\Robocorp Test Robots\SAP-Project Task\Read Bank Stmnt">
<suite id="s1-s1-s1-s1" name="gettingFromStatement" source="C:\Users\admin\Downloads\RoboCorp\Robocorp Test Robots\SAP-Project Task\Read Bank Stmnt\gettingFromStatement.robot">
<test id="s1-s1-s1-s1-t1" name="main task" line="20">
<kw name="main page">
<kw name="Create List" library="BuiltIn">
<var>${auth_data}</var>
<arg>${username}</arg>
<arg>${password}</arg>
<doc>Returns a list containing given items.</doc>
<msg timestamp="20230417 11:52:31.150" level="INFO">${auth_data} = ['{"CompanyDB": "SBODemoGB","UserName": "favas"}', 'Test@123']</msg>
<status status="PASS" starttime="20230417 11:52:31.150" endtime="20230417 11:52:31.151"/>
</kw>
<kw name="Create Session" library="RequestsLibrary">
<arg>${sessionname}</arg>
<arg>${base_url}/Login</arg>
<arg>auth=${auth_data}</arg>
<doc>Create Session: create a HTTP session to a server</doc>
<msg timestamp="20230417 11:52:31.152" level="INFO">Creating Session using : alias=sapb1, url=http://socius.sapserver.in:50001/b1s/v1/Login, headers={},                     cookies={}, auth=&lt;requests.auth.HTTPBasicAuth object at 0x00000289509A6070&gt;, timeout=None, proxies=None, verify=False,                     debug=0 </msg>
<status status="PASS" starttime="20230417 11:52:31.151" endtime="20230417 11:52:31.155"/>
</kw>
<status status="PASS" starttime="20230417 11:52:31.148" endtime="20230417 11:52:31.155"/>
</kw>
<kw name=" second">
<kw name="Open Workbook" library="RPA.Excel.Files">
<arg>${url}</arg>
<doc>Open an existing Excel workbook.</doc>
<msg timestamp="20230417 11:52:31.394" level="INFO">Opened workbook: &lt;RPA.Excel.Files.XlsxWorkbook object at 0x000002895098C850&gt;</msg>
<status status="PASS" starttime="20230417 11:52:31.158" endtime="20230417 11:52:31.395"/>
</kw>
<kw name="Read Worksheet As Table" library="RPA.Excel.Files">
<var>${sales_reps}</var>
<arg>header=True</arg>
<doc>Read the contents of a worksheet into a Table container. Allows
sorting/filtering/manipulating using the ``RPA.Tables`` library.</doc>
<msg timestamp="20230417 11:52:31.896" level="INFO">Created table: Table(columns=['Sequence', 'AcctCode', 'DueDate', 'Memo', 'DebAmount', 'CredAmnt'], rows=42)</msg>
<msg timestamp="20230417 11:52:31.897" level="INFO">${sales_reps} = Table(columns=['Sequence', 'AcctCode', 'DueDate', 'Memo', 'DebAmount', 'CredAmnt'], rows=42)</msg>
<status status="PASS" starttime="20230417 11:52:31.395" endtime="20230417 11:52:31.898"/>
</kw>
<for flavor="IN">
<var>${sales_rep}</var>
<value>@{sales_reps}</value>
<iter>
<var name="${sales_rep}">{'Sequence': 1, 'AcctCode': 100000, 'DueDate': datetime.datetime(2022, 12, 8, 0, 0), 'Memo': 123456, 'DebAmount': 1000, 'CredAmnt': 0}</var>
<kw name="Convert To Integer" library="BuiltIn">
<var>${AccNo}</var>
<arg>${sales_rep}[AcctCode]</arg>
<doc>Converts the given item to an integer number.</doc>
<msg timestamp="20230417 11:52:31.900" level="INFO">${AccNo} = 100000</msg>
<status status="PASS" starttime="20230417 11:52:31.899" endtime="20230417 11:52:31.901"/>
</kw>
<kw name="Convert To Integer" library="BuiltIn">
<var>${SqNo}</var>
<arg>${sales_rep}[Sequence]</arg>
<doc>Converts the given item to an integer number.</doc>
<msg timestamp="20230417 11:52:31.902" level="INFO">${SqNo} = 1</msg>
<status status="PASS" starttime="20230417 11:52:31.901" endtime="20230417 11:52:31.903"/>
</kw>
<kw name="Get Request" library="RequestsLibrary">
<var>${customer_response}</var>
<arg>${sessionname}</arg>
<arg>${base_url}/BankPages(AccountCode='${AccNo}',Sequence=${SqNo})</arg>
<doc>*DEPRECATED* Please use `GET On Session` instead.</doc>
<msg timestamp="20230417 11:52:31.904" level="WARN">Keyword 'RequestsLibrary.Get Request' is deprecated. Please use `GET On Session` instead.</msg>
<msg timestamp="20230417 11:52:32.896" level="INFO">GET Request : url=http://socius.sapserver.in:50001/b1s/v1/BankPages(AccountCode='100000',Sequence=1) 
 path_url=/b1s/v1/BankPages(AccountCode='100000',Sequence=1) 
 headers={'User-Agent': 'python-requests/2.28.2', 'Accept-Encoding': 'gzip, deflate', 'Accept': '*/*', 'Connection': 'keep-alive', 'Authorization': 'Basic eyJDb21wYW55REIiOiAiU0JPRGVtb0dCIiwiVXNlck5hbWUiOiAiZmF2YXMifTpUZXN0QDEyMw=='} 
 body=None 
 </msg>
<msg timestamp="20230417 11:52:32.898" level="INFO">GET Response : url=http://socius.sapserver.in:50001/b1s/v1/BankPages(AccountCode='100000',Sequence=1) 
 status=200, reason=OK 
 headers={'Date': 'Mon, 17 Apr 2023 06:41:34 GMT', 'Server': 'Apache', 'Set-Cookie': 'B1SESSION=e5291c78-dcea-11ed-8000-005056009c46;HttpOnly;', 'DataServiceVersion': '3.0', 'Keep-Alive': 'timeout=5, max=100', 'Connection': 'Keep-Alive', 'Transfer-Encoding': 'chunked', 'Content-Type': 'application/json;odata=minimalmetadata;charset=utf-8'} 
 body={
   "odata.metadata" : "http://socius.sapserver.in:50001/b1s/v1/$metadata#BankPages/@Element",
   "AccountCode" : "100000",
   "Sequence" : 1,
   "AccountName" : "Called Up Capital Not Paid",
   "Reference" : "12345",
   "DueDate" : "2022-12-08T00:00:00Z",
   "Memo" : "123456",
   "DebitAmount" : 1000.0,
   "CreditAmount" : 0.0,
   "BankMatch" : 0,
   "DataSource" : "N",
   "UserSignature" : 43,
   "ExternalCode" : "12345",
   "CardCode" : "C08111",
   "CardName" : "SIGB Customer 1",
   "StatementNumber" : 123456,
   "InvoiceNumber" : "",
   "PaymentCreated" : "tNO",
   "VisualOrder" : 1,
   "DocNumberType" : "bpdt_DocNum",
   "PaymentReference" : null,
   "InvoiceNumberEx" : "",
   "BICSwiftCode" : null
}
 
 </msg>
<msg timestamp="20230417 11:52:32.898" level="INFO">${customer_response} = &lt;Response [200]&gt;</msg>
<status status="PASS" starttime="20230417 11:52:31.903" endtime="20230417 11:52:32.899"/>
</kw>
<kw name="Set Variable" library="BuiltIn">
<var>${customer_data}</var>
<arg>${customer_response.json()}</arg>
<doc>Returns the given values which can then be assigned to a variables.</doc>
<msg timestamp="20230417 11:52:32.902" level="INFO">${customer_data} = {'odata.metadata': 'http://socius.sapserver.in:50001/b1s/v1/$metadata#BankPages/@Element', 'AccountCode': '100000', 'Sequence': 1, 'AccountName': 'Called Up Capital Not Paid', 'Reference': '12345', 'D...</msg>
<status status="PASS" starttime="20230417 11:52:32.900" endtime="20230417 11:52:32.903"/>
</kw>
<kw name="Set Variable" library="BuiltIn">
<var>${AccountCode}</var>
<arg>${customer_data['AccountCode']}</arg>
<doc>Returns the given values which can then be assigned to a variables.</doc>
<msg timestamp="20230417 11:52:32.905" level="INFO">${AccountCode} = 100000</msg>
<status status="PASS" starttime="20230417 11:52:32.903" endtime="20230417 11:52:32.905"/>
</kw>
<kw name="Set Variable" library="BuiltIn">
<var>${Sequence}</var>
<arg>${customer_data['Sequence']}</arg>
<doc>Returns the given values which can then be assigned to a variables.</doc>
<msg timestamp="20230417 11:52:32.907" level="INFO">${Sequence} = 1</msg>
<status status="PASS" starttime="20230417 11:52:32.906" endtime="20230417 11:52:32.908"/>
</kw>
<kw name="Set Variable" library="BuiltIn">
<var>${AccountName}</var>
<arg>${customer_data['AccountName']}</arg>
<doc>Returns the given values which can then be assigned to a variables.</doc>
<msg timestamp="20230417 11:52:32.910" level="INFO">${AccountName} = Called Up Capital Not Paid</msg>
<status status="PASS" starttime="20230417 11:52:32.908" endtime="20230417 11:52:32.912"/>
</kw>
<kw name="Set Variable" library="BuiltIn">
<var>${DueDate}</var>
<arg>${customer_data['DueDate']}</arg>
<doc>Returns the given values which can then be assigned to a variables.</doc>
<msg timestamp="20230417 11:52:32.915" level="INFO">${DueDate} = 2022-12-08T00:00:00Z</msg>
<status status="PASS" starttime="20230417 11:52:32.913" endtime="20230417 11:52:32.916"/>
</kw>
<kw name="Convert Date" library="DateTime">
<var>${DueDate}</var>
<arg>${customer_data['DueDate']}</arg>
<arg>result_format=%d%m%Y</arg>
<doc>Converts between supported `date formats`.</doc>
<msg timestamp="20230417 11:52:32.925" level="INFO">${DueDate} = 08122022</msg>
<status status="PASS" starttime="20230417 11:52:32.917" endtime="20230417 11:52:32.926"/>
</kw>
<kw name="Convert To Number" library="BuiltIn">
<var>${DueDate}</var>
<arg>${DueDate}</arg>
<doc>Converts the given item to a floating point number.</doc>
<msg timestamp="20230417 11:52:32.928" level="INFO">${DueDate} = 8122022.0</msg>
<status status="PASS" starttime="20230417 11:52:32.926" endtime="20230417 11:52:32.929"/>
</kw>
<kw name="Set Variable" library="BuiltIn">
<var>${Memo}</var>
<arg>${customer_data['Memo']}</arg>
<doc>Returns the given values which can then be assigned to a variables.</doc>
<msg timestamp="20230417 11:52:32.932" level="INFO">${Memo} = 123456</msg>
<status status="PASS" starttime="20230417 11:52:32.929" endtime="20230417 11:52:32.933"/>
</kw>
<kw name="Set Variable" library="BuiltIn">
<var>${DebitAmount}</var>
<arg>${customer_data['DebitAmount']}</arg>
<doc>Returns the given values which can then be assigned to a variables.</doc>
<msg timestamp="20230417 11:52:32.935" level="INFO">${DebitAmount} = 1000.0</msg>
<status status="PASS" starttime="20230417 11:52:32.933" endtime="20230417 11:52:32.936"/>
</kw>
<kw name="Convert To Integer" library="BuiltIn">
<var>${DebitAmount}</var>
<arg>${DebitAmount}</arg>
<doc>Converts the given item to an integer number.</doc>
<msg timestamp="20230417 11:52:32.938" level="INFO">${DebitAmount} = 1000</msg>
<status status="PASS" starttime="20230417 11:52:32.936" endtime="20230417 11:52:32.939"/>
</kw>
<kw name="Set Variable" library="BuiltIn">
<var>${CreditAmount}</var>
<arg>${customer_data['CreditAmount']}</arg>
<doc>Returns the given values which can then be assigned to a variables.</doc>
<msg timestamp="20230417 11:52:32.941" level="INFO">${CreditAmount} = 0.0</msg>
<status status="PASS" starttime="20230417 11:52:32.940" endtime="20230417 11:52:32.941"/>
</kw>
<kw name="Convert To Integer" library="BuiltIn">
<var>${CreditAmount}</var>
<arg>${CreditAmount}</arg>
<doc>Converts the given item to an integer number.</doc>
<msg timestamp="20230417 11:52:32.942" level="INFO">${CreditAmount} = 0</msg>
<status status="PASS" starttime="20230417 11:52:32.942" endtime="20230417 11:52:32.943"/>
</kw>
<kw name="Set Variable" library="BuiltIn">
<var>${exAcctCode}</var>
<arg>${sales_rep}[AcctCode]</arg>
<doc>Returns the given values which can then be assigned to a variables.</doc>
<msg timestamp="20230417 11:52:32.945" level="INFO">${exAcctCode} = 100000</msg>
<status status="PASS" starttime="20230417 11:52:32.944" endtime="20230417 11:52:32.956"/>
</kw>
<kw name="Set Variable" library="BuiltIn">
<var>${exSequence}</var>
<arg>${sales_rep}[Sequence]</arg>
<doc>Returns the given values which can then be assigned to a variables.</doc>
<msg timestamp="20230417 11:52:32.958" level="INFO">${exSequence} = 1</msg>
<status status="PASS" starttime="20230417 11:52:32.957" endtime="20230417 11:52:32.980"/>
</kw>
<kw name="Convert To Integer" library="BuiltIn">
<var>${exSequence}</var>
<arg>${exSequence}</arg>
<doc>Converts the given item to an integer number.</doc>
<msg timestamp="20230417 11:52:32.982" level="INFO">${exSequence} = 1</msg>
<status status="PASS" starttime="20230417 11:52:32.981" endtime="20230417 11:52:32.983"/>
</kw>
<kw name="Set Variable" library="BuiltIn">
<var>${exDueDate}</var>
<arg>${sales_rep}[DueDate]</arg>
<doc>Returns the given values which can then be assigned to a variables.</doc>
<msg timestamp="20230417 11:52:32.985" level="INFO">${exDueDate} = 2022-12-08 00:00:00</msg>
<status status="PASS" starttime="20230417 11:52:32.984" endtime="20230417 11:52:32.986"/>
</kw>
<kw name="Convert Date" library="DateTime">
<var>${exDueDate}</var>
<arg>${exDueDate}</arg>
<arg>result_format=%d%m%Y</arg>
<doc>Converts between supported `date formats`.</doc>
<msg timestamp="20230417 11:52:32.988" level="INFO">${exDueDate} = 08122022</msg>
<status status="PASS" starttime="20230417 11:52:32.987" endtime="20230417 11:52:32.989"/>
</kw>
<kw name="Convert To Number" library="BuiltIn">
<var>${exDueDate}</var>
<arg>${exDueDate}</arg>
<doc>Converts the given item to a floating point number.</doc>
<msg timestamp="20230417 11:52:32.991" level="INFO">${exDueDate} = 8122022.0</msg>
<status status="PASS" starttime="20230417 11:52:32.989" endtime="20230417 11:52:32.991"/>
</kw>
<kw name="Set Variable" library="BuiltIn">
<var>${exMemo}</var>
<arg>${sales_rep}[Memo]</arg>
<doc>Returns the given values which can then be assigned to a variables.</doc>
<msg timestamp="20230417 11:52:32.993" level="INFO">${exMemo} = 123456</msg>
<status status="PASS" starttime="20230417 11:52:32.992" endtime="20230417 11:52:32.994"/>
</kw>
<kw name="Set Variable" library="BuiltIn">
<var>${exDebAmount}</var>
<arg>${sales_rep}[DebAmount]</arg>
<doc>Returns the given values which can then be assigned to a variables.</doc>
<msg timestamp="20230417 11:52:32.998" level="INFO">${exDebAmount} = 1000</msg>
<status status="PASS" starttime="20230417 11:52:32.995" endtime="20230417 11:52:32.999"/>
</kw>
<kw name="Set Variable" library="BuiltIn">
<var>${exCredAmnt}</var>
<arg>${sales_rep}[CredAmnt]</arg>
<doc>Returns the given values which can then be assigned to a variables.</doc>
<msg timestamp="20230417 11:52:33.001" level="INFO">${exCredAmnt} = 0</msg>
<status status="PASS" starttime="20230417 11:52:32.999" endtime="20230417 11:52:33.004"/>
</kw>
<kw name="Run Keyword And Ignore Error" library="BuiltIn">
<var>${memo1}</var>
<arg>Should Be Equal As Strings</arg>
<arg>${Memo}</arg>
<arg>${exMemo}</arg>
<doc>Runs the given keyword with the given arguments and ignores possible error.</doc>
<kw name="Should Be Equal As Strings" library="BuiltIn">
<arg>${Memo}</arg>
<arg>${exMemo}</arg>
<doc>Fails if objects are unequal after converting them to strings.</doc>
<msg timestamp="20230417 11:52:33.009" level="INFO">Argument types are:
&lt;class 'str'&gt;
&lt;class 'int'&gt;</msg>
<status status="PASS" starttime="20230417 11:52:33.008" endtime="20230417 11:52:33.010"/>
</kw>
<msg timestamp="20230417 11:52:33.010" level="INFO">${memo1} = ('PASS', None)</msg>
<status status="PASS" starttime="20230417 11:52:33.005" endtime="20230417 11:52:33.011"/>
</kw>
<kw name="Set Variable" library="BuiltIn">
<var>${memo1}</var>
<arg>${memo1}[0]</arg>
<doc>Returns the given values which can then be assigned to a variables.</doc>
<msg timestamp="20230417 11:52:33.014" level="INFO">${memo1} = PASS</msg>
<status status="PASS" starttime="20230417 11:52:33.012" endtime="20230417 11:52:33.016"/>
</kw>
<kw name="Run Keyword And Ignore Error" library="BuiltIn">
<arg>${Sequence} ==${exSequence} and ${memo1} == PASS and ${AccountCode} ==${exAcctCode} and ${exDueDate} == ${DueDate} and ${Memo} ==${exMemo} and ${DebitAmount} ==${exDebAmount} and ${CreditAmount} ==${exCredAmnt}</arg>
<doc>Runs the given keyword with the given arguments and ignores possible error.</doc>
<kw name="1 ==1 and PASS == PASS and 100000 ==100000 and 8122022.0 == 8122022.0 and 123456 ==123456 and 1000 ==1000 and 0 ==0">
<msg timestamp="20230417 11:52:33.026" level="FAIL">No keyword with name '1 ==1 and PASS == PASS and 100000 ==100000 and 8122022.0 == 8122022.0 and 123456 ==123456 and 1000 ==1000 and 0 ==0' found.</msg>
<status status="FAIL" starttime="20230417 11:52:33.023" endtime="20230417 11:52:33.027"/>
</kw>
<status status="PASS" starttime="20230417 11:52:33.016" endtime="20230417 11:52:33.031"/>
</kw>
<kw name="Log To Console" library="BuiltIn">
<arg>Sequence number:${customer_data['Sequence']}, AccountCode: ${customer_data['AccountCode']}-match</arg>
<doc>Logs the given message to the console.</doc>
<status status="PASS" starttime="20230417 11:52:33.031" endtime="20230417 11:52:33.034"/>
</kw>
<status status="PASS" starttime="20230417 11:52:31.899" endtime="20230417 11:52:33.035"/>
</iter>
<iter>
<var name="${sales_rep}">{'Sequence': 2, 'AcctCode': 100000, 'DueDate': datetime.datetime(2022, 12, 8, 0, 0), 'Memo': 'NULL', 'DebAmount': 0, 'CredAmnt': 4080}</var>
<kw name="Convert To Integer" library="BuiltIn">
<var>${AccNo}</var>
<arg>${sales_rep}[AcctCode]</arg>
<doc>Converts the given item to an integer number.</doc>
<msg timestamp="20230417 11:52:33.037" level="INFO">${AccNo} = 100000</msg>
<status status="PASS" starttime="20230417 11:52:33.035" endtime="20230417 11:52:33.038"/>
</kw>
<kw name="Convert To Integer" library="BuiltIn">
<var>${SqNo}</var>
<arg>${sales_rep}[Sequence]</arg>
<doc>Converts the given item to an integer number.</doc>
<msg timestamp="20230417 11:52:33.040" level="INFO">${SqNo} = 2</msg>
<status status="PASS" starttime="20230417 11:52:33.038" endtime="20230417 11:52:33.041"/>
</kw>
<kw name="Get Request" library="RequestsLibrary">
<var>${customer_response}</var>
<arg>${sessionname}</arg>
<arg>${base_url}/BankPages(AccountCode='${AccNo}',Sequence=${SqNo})</arg>
<doc>*DEPRECATED* Please use `GET On Session` instead.</doc>
<msg timestamp="20230417 11:52:33.042" level="WARN">Keyword 'RequestsLibrary.Get Request' is deprecated. Please use `GET On Session` instead.</msg>
<msg timestamp="20230417 11:52:33.210" level="INFO">GET Request : url=http://socius.sapserver.in:50001/b1s/v1/BankPages(AccountCode='100000',Sequence=2) 
 path_url=/b1s/v1/BankPages(AccountCode='100000',Sequence=2) 
 headers={'User-Agent': 'python-requests/2.28.2', 'Accept-Encoding': 'gzip, deflate', 'Accept': '*/*', 'Connection': 'keep-alive', 'Cookie': 'B1SESSION=e5291c78-dcea-11ed-8000-005056009c46', 'Authorization': 'Basic eyJDb21wYW55REIiOiAiU0JPRGVtb0dCIiwiVXNlck5hbWUiOiAiZmF2YXMifTpUZXN0QDEyMw=='} 
 body=None 
 </msg>
<msg timestamp="20230417 11:52:33.211" level="INFO">GET Response : url=http://socius.sapserver.in:50001/b1s/v1/BankPages(AccountCode='100000',Sequence=2) 
 status=200, reason=OK 
 headers={'Date': 'Mon, 17 Apr 2023 06:41:34 GMT', 'Server': 'Apache', 'DataServiceVersion': '3.0', 'Keep-Alive': 'timeout=5, max=99', 'Connection': 'Keep-Alive', 'Transfer-Encoding': 'chunked', 'Content-Type': 'application/json;odata=minimalmetadata;charset=utf-8'} 
 body={
   "odata.metadata" : "http://socius.sapserver.in:50001/b1s/v1/$metadata#BankPages/@Element",
   "AccountCode" : "100000",
   "Sequence" : 2,
   "AccountName" : "Called Up Capital Not Paid",
   "Reference" : null,
   "DueDate" : "2022-12-08T00:00:00Z",
   "Memo" : null,
   "DebitAmount" : 0.0,
   "CreditAmount" : 4080.0,
   "BankMatch" : 0,
   "DataSource" : "S",
   "UserSignature" : 43,
   "ExternalCode" : null,
   "CardCode" : "",
   "CardName" : null,
   "StatementNumber" : null,
   "InvoiceNumber" : null,
   "PaymentCreated" : "tNO",
   "VisualOrder" : 2,
   "DocNumberType" : "bpdt_DocNum",
   "PaymentReference" : "first pay",
   "InvoiceNumberEx" : null,
   "BICSwiftCode" : null
}
 
 </msg>
<msg timestamp="20230417 11:52:33.212" level="INFO">${customer_response} = &lt;Response [200]&gt;</msg>
<status status="PASS" starttime="20230417 11:52:33.041" endtime="20230417 11:52:33.212"/>
</kw>
<kw name="Set Variable" library="BuiltIn">
<var>${customer_data}</var>
<arg>${customer_response.json()}</arg>
<doc>Returns the given values which can then be assigned to a variables.</doc>
<msg timestamp="20230417 11:52:33.215" level="INFO">${customer_data} = {'odata.metadata': 'http://socius.sapserver.in:50001/b1s/v1/$metadata#BankPages/@Element', 'AccountCode': '100000', 'Sequence': 2, 'AccountName': 'Called Up Capital Not Paid', 'Reference': None, 'DueD...</msg>
<status status="PASS" starttime="20230417 11:52:33.213" endtime="20230417 11:52:33.216"/>
</kw>
<kw name="Set Variable" library="BuiltIn">
<var>${AccountCode}</var>
<arg>${customer_data['AccountCode']}</arg>
<doc>Returns the given values which can then be assigned to a variables.</doc>
<msg timestamp="20230417 11:52:33.218" level="INFO">${AccountCode} = 100000</msg>
<status status="PASS" starttime="20230417 11:52:33.217" endtime="20230417 11:52:33.219"/>
</kw>
<kw name="Set Variable" library="BuiltIn">
<var>${Sequence}</var>
<arg>${customer_data['Sequence']}</arg>
<doc>Returns the given values which can then be assigned to a variables.</doc>
<msg timestamp="20230417 11:52:33.221" level="INFO">${Sequence} = 2</msg>
<status status="PASS" starttime="20230417 11:52:33.219" endtime="20230417 11:52:33.222"/>
</kw>
<kw name="Set Variable" library="BuiltIn">
<var>${AccountName}</var>
<arg>${customer_data['AccountName']}</arg>
<doc>Returns the given values which can then be assigned to a variables.</doc>
<msg timestamp="20230417 11:52:33.224" level="INFO">${AccountName} = Called Up Capital Not Paid</msg>
<status status="PASS" starttime="20230417 11:52:33.223" endtime="20230417 11:52:33.225"/>
</kw>
<kw name="Set Variable" library="BuiltIn">
<var>${DueDate}</var>
<arg>${customer_data['DueDate']}</arg>
<doc>Returns the given values which can then be assigned to a variables.</doc>
<msg timestamp="20230417 11:52:33.227" level="INFO">${DueDate} = 2022-12-08T00:00:00Z</msg>
<status status="PASS" starttime="20230417 11:52:33.226" endtime="20230417 11:52:33.228"/>
</kw>
<kw name="Convert Date" library="DateTime">
<var>${DueDate}</var>
<arg>${customer_data['DueDate']}</arg>
<arg>result_format=%d%m%Y</arg>
<doc>Converts between supported `date formats`.</doc>
<msg timestamp="20230417 11:52:33.232" level="INFO">${DueDate} = 08122022</msg>
<status status="PASS" starttime="20230417 11:52:33.228" endtime="20230417 11:52:33.233"/>
</kw>
<kw name="Convert To Number" library="BuiltIn">
<var>${DueDate}</var>
<arg>${DueDate}</arg>
<doc>Converts the given item to a floating point number.</doc>
<msg timestamp="20230417 11:52:33.234" level="INFO">${DueDate} = 8122022.0</msg>
<status status="PASS" starttime="20230417 11:52:33.233" endtime="20230417 11:52:33.235"/>
</kw>
<kw name="Set Variable" library="BuiltIn">
<var>${Memo}</var>
<arg>${customer_data['Memo']}</arg>
<doc>Returns the given values which can then be assigned to a variables.</doc>
<msg timestamp="20230417 11:52:33.237" level="INFO">${Memo} = None</msg>
<status status="PASS" starttime="20230417 11:52:33.235" endtime="20230417 11:52:33.238"/>
</kw>
<kw name="Set Variable" library="BuiltIn">
<var>${DebitAmount}</var>
<arg>${customer_data['DebitAmount']}</arg>
<doc>Returns the given values which can then be assigned to a variables.</doc>
<msg timestamp="20230417 11:52:33.240" level="INFO">${DebitAmount} = 0.0</msg>
<status status="PASS" starttime="20230417 11:52:33.238" endtime="20230417 11:52:33.240"/>
</kw>
<kw name="Convert To Integer" library="BuiltIn">
<var>${DebitAmount}</var>
<arg>${DebitAmount}</arg>
<doc>Converts the given item to an integer number.</doc>
<msg timestamp="20230417 11:52:33.242" level="INFO">${DebitAmount} = 0</msg>
<status status="PASS" starttime="20230417 11:52:33.241" endtime="20230417 11:52:33.243"/>
</kw>
<kw name="Set Variable" library="BuiltIn">
<var>${CreditAmount}</var>
<arg>${customer_data['CreditAmount']}</arg>
<doc>Returns the given values which can then be assigned to a variables.</doc>
<msg timestamp="20230417 11:52:33.245" level="INFO">${CreditAmount} = 4080.0</msg>
<status status="PASS" starttime="20230417 11:52:33.243" endtime="20230417 11:52:33.247"/>
</kw>
<kw name="Convert To Integer" library="BuiltIn">
<var>${CreditAmount}</var>
<arg>${CreditAmount}</arg>
<doc>Converts the given item to an integer number.</doc>
<msg timestamp="20230417 11:52:33.248" level="INFO">${CreditAmount} = 4080</msg>
<status status="PASS" starttime="20230417 11:52:33.247" endtime="20230417 11:52:33.249"/>
</kw>
<kw name="Set Variable" library="BuiltIn">
<var>${exAcctCode}</var>
<arg>${sales_rep}[AcctCode]</arg>
<doc>Returns the given values which can then be assigned to a variables.</doc>
<msg timestamp="20230417 11:52:33.251" level="INFO">${exAcctCode} = 100000</msg>
<status status="PASS" starttime="20230417 11:52:33.250" endtime="20230417 11:52:33.252"/>
</kw>
<kw name="Set Variable" library="BuiltIn">
<var>${exSequence}</var>
<arg>${sales_rep}[Sequence]</arg>
<doc>Returns the given values which can then be assigned to a variables.</doc>
<msg timestamp="20230417 11:52:33.254" level="INFO">${exSequence} = 2</msg>
<status status="PASS" starttime="20230417 11:52:33.252" endtime="20230417 11:52:33.255"/>
</kw>
<kw name="Convert To Integer" library="BuiltIn">
<var>${exSequence}</var>
<arg>${exSequence}</arg>
<doc>Converts the given item to an integer number.</doc>
<msg timestamp="20230417 11:52:33.256" level="INFO">${exSequence} = 2</msg>
<status status="PASS" starttime="20230417 11:52:33.255" endtime="20230417 11:52:33.257"/>
</kw>
<kw name="Set Variable" library="BuiltIn">
<var>${exDueDate}</var>
<arg>${sales_rep}[DueDate]</arg>
<doc>Returns the given values which can then be assigned to a variables.</doc>
<msg timestamp="20230417 11:52:33.258" level="INFO">${exDueDate} = 2022-12-08 00:00:00</msg>
<status status="PASS" starttime="20230417 11:52:33.257" endtime="20230417 11:52:33.259"/>
</kw>
<kw name="Convert Date" library="DateTime">
<var>${exDueDate}</var>
<arg>${exDueDate}</arg>
<arg>result_format=%d%m%Y</arg>
<doc>Converts between supported `date formats`.</doc>
<msg timestamp="20230417 11:52:33.261" level="INFO">${exDueDate} = 08122022</msg>
<status status="PASS" starttime="20230417 11:52:33.259" endtime="20230417 11:52:33.262"/>
</kw>
<kw name="Convert To Number" library="BuiltIn">
<var>${exDueDate}</var>
<arg>${exDueDate}</arg>
<doc>Converts the given item to a floating point number.</doc>
<msg timestamp="20230417 11:52:33.265" level="INFO">${exDueDate} = 8122022.0</msg>
<status status="PASS" starttime="20230417 11:52:33.263" endtime="20230417 11:52:33.266"/>
</kw>
<kw name="Set Variable" library="BuiltIn">
<var>${exMemo}</var>
<arg>${sales_rep}[Memo]</arg>
<doc>Returns the given values which can then be assigned to a variables.</doc>
<msg timestamp="20230417 11:52:33.268" level="INFO">${exMemo} = NULL</msg>
<status status="PASS" starttime="20230417 11:52:33.267" endtime="20230417 11:52:33.269"/>
</kw>
<kw name="Set Variable" library="BuiltIn">
<var>${exDebAmount}</var>
<arg>${sales_rep}[DebAmount]</arg>
<doc>Returns the given values which can then be assigned to a variables.</doc>
<msg timestamp="20230417 11:52:33.271" level="INFO">${exDebAmount} = 0</msg>
<status status="PASS" starttime="20230417 11:52:33.269" endtime="20230417 11:52:33.272"/>
</kw>
<kw name="Set Variable" library="BuiltIn">
<var>${exCredAmnt}</var>
<arg>${sales_rep}[CredAmnt]</arg>
<doc>Returns the given values which can then be assigned to a variables.</doc>
<msg timestamp="20230417 11:52:33.273" level="INFO">${exCredAmnt} = 4080</msg>
<status status="PASS" starttime="20230417 11:52:33.272" endtime="20230417 11:52:33.275"/>
</kw>
<kw name="Run Keyword And Ignore Error" library="BuiltIn">
<var>${memo1}</var>
<arg>Should Be Equal As Strings</arg>
<arg>${Memo}</arg>
<arg>${exMemo}</arg>
<doc>Runs the given keyword with the given arguments and ignores possible error.</doc>
<kw name="Should Be Equal As Strings" library="BuiltIn">
<arg>${Memo}</arg>
<arg>${exMemo}</arg>
<doc>Fails if objects are unequal after converting them to strings.</doc>
<msg timestamp="20230417 11:52:33.276" level="INFO">Argument types are:
&lt;class 'NoneType'&gt;
&lt;class 'str'&gt;</msg>
<msg timestamp="20230417 11:52:33.278" level="FAIL">None != NULL</msg>
<status status="FAIL" starttime="20230417 11:52:33.276" endtime="20230417 11:52:33.279"/>
</kw>
<msg timestamp="20230417 11:52:33.280" level="INFO">${memo1} = ('FAIL', 'None != NULL')</msg>
<status status="PASS" starttime="20230417 11:52:33.275" endtime="20230417 11:52:33.281"/>
</kw>
<kw name="Set Variable" library="BuiltIn">
<var>${memo1}</var>
<arg>${memo1}[0]</arg>
<doc>Returns the given values which can then be assigned to a variables.</doc>
<msg timestamp="20230417 11:52:33.283" level="INFO">${memo1} = FAIL</msg>
<status status="PASS" starttime="20230417 11:52:33.282" endtime="20230417 11:52:33.284"/>
</kw>
<kw name="Run Keyword And Ignore Error" library="BuiltIn">
<arg>${Sequence} ==${exSequence} and ${memo1} == PASS and ${AccountCode} ==${exAcctCode} and ${exDueDate} == ${DueDate} and ${Memo} ==${exMemo} and ${DebitAmount} ==${exDebAmount} and ${CreditAmount} ==${exCredAmnt}</arg>
<doc>Runs the given keyword with the given arguments and ignores possible error.</doc>
<kw name="2 ==2 and FAIL == PASS and 100000 ==100000 and 8122022.0 == 8122022.0 and None ==NULL and 0 ==0 and 4080 ==4080">
<msg timestamp="20230417 11:52:33.293" level="FAIL">No keyword with name '2 ==2 and FAIL == PASS and 100000 ==100000 and 8122022.0 == 8122022.0 and None ==NULL and 0 ==0 and 4080 ==4080' found.</msg>
<status status="FAIL" starttime="20230417 11:52:33.289" endtime="20230417 11:52:33.294"/>
</kw>
<status status="PASS" starttime="20230417 11:52:33.284" endtime="20230417 11:52:33.299"/>
</kw>
<kw name="Log To Console" library="BuiltIn">
<arg>Sequence number:${customer_data['Sequence']}, AccountCode: ${customer_data['AccountCode']}-match</arg>
<doc>Logs the given message to the console.</doc>
<status status="PASS" starttime="20230417 11:52:33.300" endtime="20230417 11:52:33.302"/>
</kw>
<status status="PASS" starttime="20230417 11:52:33.035" endtime="20230417 11:52:33.303"/>
</iter>
<iter>
<var name="${sales_rep}">{'Sequence': 3, 'AcctCode': 100000, 'DueDate': datetime.datetime(2022, 12, 19, 0, 0), 'Memo': 'NULL', 'DebAmount': 0, 'CredAmnt': 4080}</var>
<kw name="Convert To Integer" library="BuiltIn">
<var>${AccNo}</var>
<arg>${sales_rep}[AcctCode]</arg>
<doc>Converts the given item to an integer number.</doc>
<msg timestamp="20230417 11:52:33.305" level="INFO">${AccNo} = 100000</msg>
<status status="PASS" starttime="20230417 11:52:33.304" endtime="20230417 11:52:33.306"/>
</kw>
<kw name="Convert To Integer" library="BuiltIn">
<var>${SqNo}</var>
<arg>${sales_rep}[Sequence]</arg>
<doc>Converts the given item to an integer number.</doc>
<msg timestamp="20230417 11:52:33.307" level="INFO">${SqNo} = 3</msg>
<status status="PASS" starttime="20230417 11:52:33.306" endtime="20230417 11:52:33.308"/>
</kw>
<kw name="Get Request" library="RequestsLibrary">
<var>${customer_response}</var>
<arg>${sessionname}</arg>
<arg>${base_url}/BankPages(AccountCode='${AccNo}',Sequence=${SqNo})</arg>
<doc>*DEPRECATED* Please use `GET On Session` instead.</doc>
<msg timestamp="20230417 11:52:33.309" level="WARN">Keyword 'RequestsLibrary.Get Request' is deprecated. Please use `GET On Session` instead.</msg>
<msg timestamp="20230417 11:52:33.479" level="INFO">GET Request : url=http://socius.sapserver.in:50001/b1s/v1/BankPages(AccountCode='100000',Sequence=3) 
 path_url=/b1s/v1/BankPages(AccountCode='100000',Sequence=3) 
 headers={'User-Agent': 'python-requests/2.28.2', 'Accept-Encoding': 'gzip, deflate', 'Accept': '*/*', 'Connection': 'keep-alive', 'Cookie': 'B1SESSION=e5291c78-dcea-11ed-8000-005056009c46', 'Authorization': 'Basic eyJDb21wYW55REIiOiAiU0JPRGVtb0dCIiwiVXNlck5hbWUiOiAiZmF2YXMifTpUZXN0QDEyMw=='} 
 body=None 
 </msg>
<msg timestamp="20230417 11:52:33.479" level="INFO">GET Response : url=http://socius.sapserver.in:50001/b1s/v1/BankPages(AccountCode='100000',Sequence=3) 
 status=200, reason=OK 
 headers={'Date': 'Mon, 17 Apr 2023 06:41:35 GMT', 'Server': 'Apache', 'DataServiceVersion': '3.0', 'Keep-Alive': 'timeout=5, max=98', 'Connection': 'Keep-Alive', 'Transfer-Encoding': 'chunked', 'Content-Type': 'application/json;odata=minimalmetadata;charset=utf-8'} 
 body={
   "odata.metadata" : "http://socius.sapserver.in:50001/b1s/v1/$metadata#BankPages/@Element",
   "AccountCode" : "100000",
   "Sequence" : 3,
   "AccountName" : "Called Up Capital Not Paid",
   "Reference" : null,
   "DueDate" : "2022-12-19T00:00:00Z",
   "Memo" : null,
   "DebitAmount" : 0.0,
   "CreditAmount" : 4080.0,
   "BankMatch" : 0,
   "DataSource" : "S",
   "UserSignature" : 43,
   "ExternalCode" : null,
   "CardCode" : "",
   "CardName" : null,
   "StatementNumber" : null,
   "InvoiceNumber" : null,
   "PaymentCreated" : "tNO",
   "VisualOrder" : 3,
   "DocNumberType" : "bpdt_DocNum",
   "PaymentReference" : "first pay",
   "InvoiceNumberEx" : null,
   "BICSwiftCode" : null
}
 
 </msg>
<msg timestamp="20230417 11:52:33.482" level="INFO">${customer_response} = &lt;Response [200]&gt;</msg>
<status status="PASS" starttime="20230417 11:52:33.308" endtime="20230417 11:52:33.482"/>
</kw>
<kw name="Set Variable" library="BuiltIn">
<var>${customer_data}</var>
<arg>${customer_response.json()}</arg>
<doc>Returns the given values which can then be assigned to a variables.</doc>
<msg timestamp="20230417 11:52:33.484" level="INFO">${customer_data} = {'odata.metadata': 'http://socius.sapserver.in:50001/b1s/v1/$metadata#BankPages/@Element', 'AccountCode': '100000', 'Sequence': 3, 'AccountName': 'Called Up Capital Not Paid', 'Reference': None, 'DueD...</msg>
<status status="PASS" starttime="20230417 11:52:33.482" endtime="20230417 11:52:33.485"/>
</kw>
<kw name="Set Variable" library="BuiltIn">
<var>${AccountCode}</var>
<arg>${customer_data['AccountCode']}</arg>
<doc>Returns the given values which can then be assigned to a variables.</doc>
<msg timestamp="20230417 11:52:33.487" level="INFO">${AccountCode} = 100000</msg>
<status status="PASS" starttime="20230417 11:52:33.485" endtime="20230417 11:52:33.488"/>
</kw>
<kw name="Set Variable" library="BuiltIn">
<var>${Sequence}</var>
<arg>${customer_data['Sequence']}</arg>
<doc>Returns the given values which can then be assigned to a variables.</doc>
<msg timestamp="20230417 11:52:33.490" level="INFO">${Sequence} = 3</msg>
<status status="PASS" starttime="20230417 11:52:33.488" endtime="20230417 11:52:33.491"/>
</kw>
<kw name="Set Variable" library="BuiltIn">
<var>${AccountName}</var>
<arg>${customer_data['AccountName']}</arg>
<doc>Returns the given values which can then be assigned to a variables.</doc>
<msg timestamp="20230417 11:52:33.493" level="INFO">${AccountName} = Called Up Capital Not Paid</msg>
<status status="PASS" starttime="20230417 11:52:33.492" endtime="20230417 11:52:33.494"/>
</kw>
<kw name="Set Variable" library="BuiltIn">
<var>${DueDate}</var>
<arg>${customer_data['DueDate']}</arg>
<doc>Returns the given values which can then be assigned to a variables.</doc>
<msg timestamp="20230417 11:52:33.496" level="INFO">${DueDate} = 2022-12-19T00:00:00Z</msg>
<status status="PASS" starttime="20230417 11:52:33.494" endtime="20230417 11:52:33.497"/>
</kw>
<kw name="Convert Date" library="DateTime">
<var>${DueDate}</var>
<arg>${customer_data['DueDate']}</arg>
<arg>result_format=%d%m%Y</arg>
<doc>Converts between supported `date formats`.</doc>
<msg timestamp="20230417 11:52:33.500" level="INFO">${DueDate} = 19122022</msg>
<status status="PASS" starttime="20230417 11:52:33.498" endtime="20230417 11:52:33.501"/>
</kw>
<kw name="Convert To Number" library="BuiltIn">
<var>${DueDate}</var>
<arg>${DueDate}</arg>
<doc>Converts the given item to a floating point number.</doc>
<msg timestamp="20230417 11:52:33.503" level="INFO">${DueDate} = 19122022.0</msg>
<status status="PASS" starttime="20230417 11:52:33.502" endtime="20230417 11:52:33.503"/>
</kw>
<kw name="Set Variable" library="BuiltIn">
<var>${Memo}</var>
<arg>${customer_data['Memo']}</arg>
<doc>Returns the given values which can then be assigned to a variables.</doc>
<msg timestamp="20230417 11:52:33.506" level="INFO">${Memo} = None</msg>
<status status="PASS" starttime="20230417 11:52:33.504" endtime="20230417 11:52:33.506"/>
</kw>
<kw name="Set Variable" library="BuiltIn">
<var>${DebitAmount}</var>
<arg>${customer_data['DebitAmount']}</arg>
<doc>Returns the given values which can then be assigned to a variables.</doc>
<msg timestamp="20230417 11:52:33.508" level="INFO">${DebitAmount} = 0.0</msg>
<status status="PASS" starttime="20230417 11:52:33.507" endtime="20230417 11:52:33.509"/>
</kw>
<kw name="Convert To Integer" library="BuiltIn">
<var>${DebitAmount}</var>
<arg>${DebitAmount}</arg>
<doc>Converts the given item to an integer number.</doc>
<msg timestamp="20230417 11:52:33.511" level="INFO">${DebitAmount} = 0</msg>
<status status="PASS" starttime="20230417 11:52:33.509" endtime="20230417 11:52:33.512"/>
</kw>
<kw name="Set Variable" library="BuiltIn">
<var>${CreditAmount}</var>
<arg>${customer_data['CreditAmount']}</arg>
<doc>Returns the given values which can then be assigned to a variables.</doc>
<msg timestamp="20230417 11:52:33.513" level="INFO">${CreditAmount} = 4080.0</msg>
<status status="PASS" starttime="20230417 11:52:33.512" endtime="20230417 11:52:33.515"/>
</kw>
<kw name="Convert To Integer" library="BuiltIn">
<var>${CreditAmount}</var>
<arg>${CreditAmount}</arg>
<doc>Converts the given item to an integer number.</doc>
<msg timestamp="20230417 11:52:33.516" level="INFO">${CreditAmount} = 4080</msg>
<status status="PASS" starttime="20230417 11:52:33.515" endtime="20230417 11:52:33.517"/>
</kw>
<kw name="Set Variable" library="BuiltIn">
<var>${exAcctCode}</var>
<arg>${sales_rep}[AcctCode]</arg>
<doc>Returns the given values which can then be assigned to a variables.</doc>
<msg timestamp="20230417 11:52:33.518" level="INFO">${exAcctCode} = 100000</msg>
<status status="PASS" starttime="20230417 11:52:33.517" endtime="20230417 11:52:33.519"/>
</kw>
<kw name="Set Variable" library="BuiltIn">
<var>${exSequence}</var>
<arg>${sales_rep}[Sequence]</arg>
<doc>Returns the given values which can then be assigned to a variables.</doc>
<msg timestamp="20230417 11:52:33.520" level="INFO">${exSequence} = 3</msg>
<status status="PASS" starttime="20230417 11:52:33.519" endtime="20230417 11:52:33.522"/>
</kw>
<kw name="Convert To Integer" library="BuiltIn">
<var>${exSequence}</var>
<arg>${exSequence}</arg>
<doc>Converts the given item to an integer number.</doc>
<msg timestamp="20230417 11:52:33.524" level="INFO">${exSequence} = 3</msg>
<status status="PASS" starttime="20230417 11:52:33.522" endtime="20230417 11:52:33.525"/>
</kw>
<kw name="Set Variable" library="BuiltIn">
<var>${exDueDate}</var>
<arg>${sales_rep}[DueDate]</arg>
<doc>Returns the given values which can then be assigned to a variables.</doc>
<msg timestamp="20230417 11:52:33.526" level="INFO">${exDueDate} = 2022-12-19 00:00:00</msg>
<status status="PASS" starttime="20230417 11:52:33.525" endtime="20230417 11:52:33.527"/>
</kw>
<kw name="Convert Date" library="DateTime">
<var>${exDueDate}</var>
<arg>${exDueDate}</arg>
<arg>result_format=%d%m%Y</arg>
<doc>Converts between supported `date formats`.</doc>
<msg timestamp="20230417 11:52:33.528" level="INFO">${exDueDate} = 19122022</msg>
<status status="PASS" starttime="20230417 11:52:33.527" endtime="20230417 11:52:33.530"/>
</kw>
<kw name="Convert To Number" library="BuiltIn">
<var>${exDueDate}</var>
<arg>${exDueDate}</arg>
<doc>Converts the given item to a floating point number.</doc>
<msg timestamp="20230417 11:52:33.532" level="INFO">${exDueDate} = 19122022.0</msg>
<status status="PASS" starttime="20230417 11:52:33.530" endtime="20230417 11:52:33.534"/>
</kw>
<kw name="Set Variable" library="BuiltIn">
<var>${exMemo}</var>
<arg>${sales_rep}[Memo]</arg>
<doc>Returns the given values which can then be assigned to a variables.</doc>
<msg timestamp="20230417 11:52:33.535" level="INFO">${exMemo} = NULL</msg>
<status status="PASS" starttime="20230417 11:52:33.534" endtime="20230417 11:52:33.536"/>
</kw>
<kw name="Set Variable" library="BuiltIn">
<var>${exDebAmount}</var>
<arg>${sales_rep}[DebAmount]</arg>
<doc>Returns the given values which can then be assigned to a variables.</doc>
<msg timestamp="20230417 11:52:33.538" level="INFO">${exDebAmount} = 0</msg>
<status status="PASS" starttime="20230417 11:52:33.536" endtime="20230417 11:52:33.538"/>
</kw>
<kw name="Set Variable" library="BuiltIn">
<var>${exCredAmnt}</var>
<arg>${sales_rep}[CredAmnt]</arg>
<doc>Returns the given values which can then be assigned to a variables.</doc>
<msg timestamp="20230417 11:52:33.540" level="INFO">${exCredAmnt} = 4080</msg>
<status status="PASS" starttime="20230417 11:52:33.539" endtime="20230417 11:52:33.540"/>
</kw>
<kw name="Run Keyword And Ignore Error" library="BuiltIn">
<var>${memo1}</var>
<arg>Should Be Equal As Strings</arg>
<arg>${Memo}</arg>
<arg>${exMemo}</arg>
<doc>Runs the given keyword with the given arguments and ignores possible error.</doc>
<kw name="Should Be Equal As Strings" library="BuiltIn">
<arg>${Memo}</arg>
<arg>${exMemo}</arg>
<doc>Fails if objects are unequal after converting them to strings.</doc>
<msg timestamp="20230417 11:52:33.542" level="INFO">Argument types are:
&lt;class 'NoneType'&gt;
&lt;class 'str'&gt;</msg>
<msg timestamp="20230417 11:52:33.543" level="FAIL">None != NULL</msg>
<status status="FAIL" starttime="20230417 11:52:33.541" endtime="20230417 11:52:33.544"/>
</kw>
<msg timestamp="20230417 11:52:33.545" level="INFO">${memo1} = ('FAIL', 'None != NULL')</msg>
<status status="PASS" starttime="20230417 11:52:33.541" endtime="20230417 11:52:33.546"/>
</kw>
<kw name="Set Variable" library="BuiltIn">
<var>${memo1}</var>
<arg>${memo1}[0]</arg>
<doc>Returns the given values which can then be assigned to a variables.</doc>
<msg timestamp="20230417 11:52:33.549" level="INFO">${memo1} = FAIL</msg>
<status status="PASS" starttime="20230417 11:52:33.546" endtime="20230417 11:52:33.550"/>
</kw>
<kw name="Run Keyword And Ignore Error" library="BuiltIn">
<arg>${Sequence} ==${exSequence} and ${memo1} == PASS and ${AccountCode} ==${exAcctCode} and ${exDueDate} == ${DueDate} and ${Memo} ==${exMemo} and ${DebitAmount} ==${exDebAmount} and ${CreditAmount} ==${exCredAmnt}</arg>
<doc>Runs the given keyword with the given arguments and ignores possible error.</doc>
<kw name="3 ==3 and FAIL == PASS and 100000 ==100000 and 19122022.0 == 19122022.0 and None ==NULL and 0 ==0 and 4080 ==4080">
<msg timestamp="20230417 11:52:33.561" level="FAIL">No keyword with name '3 ==3 and FAIL == PASS and 100000 ==100000 and 19122022.0 == 19122022.0 and None ==NULL and 0 ==0 and 4080 ==4080' found.</msg>
<status status="FAIL" starttime="20230417 11:52:33.557" endtime="20230417 11:52:33.561"/>
</kw>
<status status="PASS" starttime="20230417 11:52:33.550" endtime="20230417 11:52:33.565"/>
</kw>
<kw name="Log To Console" library="BuiltIn">
<arg>Sequence number:${customer_data['Sequence']}, AccountCode: ${customer_data['AccountCode']}-match</arg>
<doc>Logs the given message to the console.</doc>
<status status="PASS" starttime="20230417 11:52:33.566" endtime="20230417 11:52:33.568"/>
</kw>
<status status="PASS" starttime="20230417 11:52:33.303" endtime="20230417 11:52:33.569"/>
</iter>
<iter>
<var name="${sales_rep}">{'Sequence': 4, 'AcctCode': 100000, 'DueDate': datetime.datetime(2022, 12, 27, 0, 0), 'Memo': 'NULL', 'DebAmount': 0, 'CredAmnt': 4080}</var>
<kw name="Convert To Integer" library="BuiltIn">
<var>${AccNo}</var>
<arg>${sales_rep}[AcctCode]</arg>
<doc>Converts the given item to an integer number.</doc>
<msg timestamp="20230417 11:52:33.571" level="INFO">${AccNo} = 100000</msg>
<status status="PASS" starttime="20230417 11:52:33.570" endtime="20230417 11:52:33.571"/>
</kw>
<kw name="Convert To Integer" library="BuiltIn">
<var>${SqNo}</var>
<arg>${sales_rep}[Sequence]</arg>
<doc>Converts the given item to an integer number.</doc>
<msg timestamp="20230417 11:52:33.573" level="INFO">${SqNo} = 4</msg>
<status status="PASS" starttime="20230417 11:52:33.572" endtime="20230417 11:52:33.573"/>
</kw>
<kw name="Get Request" library="RequestsLibrary">
<var>${customer_response}</var>
<arg>${sessionname}</arg>
<arg>${base_url}/BankPages(AccountCode='${AccNo}',Sequence=${SqNo})</arg>
<doc>*DEPRECATED* Please use `GET On Session` instead.</doc>
<msg timestamp="20230417 11:52:33.574" level="WARN">Keyword 'RequestsLibrary.Get Request' is deprecated. Please use `GET On Session` instead.</msg>
<msg timestamp="20230417 11:52:33.738" level="INFO">GET Request : url=http://socius.sapserver.in:50001/b1s/v1/BankPages(AccountCode='100000',Sequence=4) 
 path_url=/b1s/v1/BankPages(AccountCode='100000',Sequence=4) 
 headers={'User-Agent': 'python-requests/2.28.2', 'Accept-Encoding': 'gzip, deflate', 'Accept': '*/*', 'Connection': 'keep-alive', 'Cookie': 'B1SESSION=e5291c78-dcea-11ed-8000-005056009c46', 'Authorization': 'Basic eyJDb21wYW55REIiOiAiU0JPRGVtb0dCIiwiVXNlck5hbWUiOiAiZmF2YXMifTpUZXN0QDEyMw=='} 
 body=None 
 </msg>
<msg timestamp="20230417 11:52:33.739" level="INFO">GET Response : url=http://socius.sapserver.in:50001/b1s/v1/BankPages(AccountCode='100000',Sequence=4) 
 status=200, reason=OK 
 headers={'Date': 'Mon, 17 Apr 2023 06:41:35 GMT', 'Server': 'Apache', 'DataServiceVersion': '3.0', 'Keep-Alive': 'timeout=5, max=97', 'Connection': 'Keep-Alive', 'Transfer-Encoding': 'chunked', 'Content-Type': 'application/json;odata=minimalmetadata;charset=utf-8'} 
 body={
   "odata.metadata" : "http://socius.sapserver.in:50001/b1s/v1/$metadata#BankPages/@Element",
   "AccountCode" : "100000",
   "Sequence" : 4,
   "AccountName" : "Called Up Capital Not Paid",
   "Reference" : null,
   "DueDate" : "2022-12-27T00:00:00Z",
   "Memo" : null,
   "DebitAmount" : 0.0,
   "CreditAmount" : 4080.0,
   "BankMatch" : 0,
   "DataSource" : "S",
   "UserSignature" : 43,
   "ExternalCode" : null,
   "CardCode" : "",
   "CardName" : null,
   "StatementNumber" : null,
   "InvoiceNumber" : null,
   "PaymentCreated" : "tNO",
   "VisualOrder" : 4,
   "DocNumberType" : "bpdt_DocNum",
   "PaymentReference" : "first pay",
   "InvoiceNumberEx" : null,
   "BICSwiftCode" : null
}
 
 </msg>
<msg timestamp="20230417 11:52:33.740" level="INFO">${customer_response} = &lt;Response [200]&gt;</msg>
<status status="PASS" starttime="20230417 11:52:33.573" endtime="20230417 11:52:33.740"/>
</kw>
<kw name="Set Variable" library="BuiltIn">
<var>${customer_data}</var>
<arg>${customer_response.json()}</arg>
<doc>Returns the given values which can then be assigned to a variables.</doc>
<msg timestamp="20230417 11:52:33.743" level="INFO">${customer_data} = {'odata.metadata': 'http://socius.sapserver.in:50001/b1s/v1/$metadata#BankPages/@Element', 'AccountCode': '100000', 'Sequence': 4, 'AccountName': 'Called Up Capital Not Paid', 'Reference': None, 'DueD...</msg>
<status status="PASS" starttime="20230417 11:52:33.741" endtime="20230417 11:52:33.744"/>
</kw>
<kw name="Set Variable" library="BuiltIn">
<var>${AccountCode}</var>
<arg>${customer_data['AccountCode']}</arg>
<doc>Returns the given values which can then be assigned to a variables.</doc>
<msg timestamp="20230417 11:52:33.747" level="INFO">${AccountCode} = 100000</msg>
<status status="PASS" starttime="20230417 11:52:33.745" endtime="20230417 11:52:33.749"/>
</kw>
<kw name="Set Variable" library="BuiltIn">
<var>${Sequence}</var>
<arg>${customer_data['Sequence']}</arg>
<doc>Returns the given values which can then be assigned to a variables.</doc>
<msg timestamp="20230417 11:52:33.752" level="INFO">${Sequence} = 4</msg>
<status status="PASS" starttime="20230417 11:52:33.750" endtime="20230417 11:52:33.753"/>
</kw>
<kw name="Set Variable" library="BuiltIn">
<var>${AccountName}</var>
<arg>${customer_data['AccountName']}</arg>
<doc>Returns the given values which can then be assigned to a variables.</doc>
<msg timestamp="20230417 11:52:33.757" level="INFO">${AccountName} = Called Up Capital Not Paid</msg>
<status status="PASS" starttime="20230417 11:52:33.754" endtime="20230417 11:52:33.758"/>
</kw>
<kw name="Set Variable" library="BuiltIn">
<var>${DueDate}</var>
<arg>${customer_data['DueDate']}</arg>
<doc>Returns the given values which can then be assigned to a variables.</doc>
<msg timestamp="20230417 11:52:33.760" level="INFO">${DueDate} = 2022-12-27T00:00:00Z</msg>
<status status="PASS" starttime="20230417 11:52:33.759" endtime="20230417 11:52:33.761"/>
</kw>
<kw name="Convert Date" library="DateTime">
<var>${DueDate}</var>
<arg>${customer_data['DueDate']}</arg>
<arg>result_format=%d%m%Y</arg>
<doc>Converts between supported `date formats`.</doc>
<msg timestamp="20230417 11:52:33.764" level="INFO">${DueDate} = 27122022</msg>
<status status="PASS" starttime="20230417 11:52:33.762" endtime="20230417 11:52:33.767"/>
</kw>
<kw name="Convert To Number" library="BuiltIn">
<var>${DueDate}</var>
<arg>${DueDate}</arg>
<doc>Converts the given item to a floating point number.</doc>
<msg timestamp="20230417 11:52:33.768" level="INFO">${DueDate} = 27122022.0</msg>
<status status="PASS" starttime="20230417 11:52:33.767" endtime="20230417 11:52:33.769"/>
</kw>
<kw name="Set Variable" library="BuiltIn">
<var>${Memo}</var>
<arg>${customer_data['Memo']}</arg>
<doc>Returns the given values which can then be assigned to a variables.</doc>
<msg timestamp="20230417 11:52:33.772" level="INFO">${Memo} = None</msg>
<status status="PASS" starttime="20230417 11:52:33.770" endtime="20230417 11:52:33.772"/>
</kw>
<kw name="Set Variable" library="BuiltIn">
<var>${DebitAmount}</var>
<arg>${customer_data['DebitAmount']}</arg>
<doc>Returns the given values which can then be assigned to a variables.</doc>
<msg timestamp="20230417 11:52:33.775" level="INFO">${DebitAmount} = 0.0</msg>
<status status="PASS" starttime="20230417 11:52:33.773" endtime="20230417 11:52:33.775"/>
</kw>
<kw name="Convert To Integer" library="BuiltIn">
<var>${DebitAmount}</var>
<arg>${DebitAmount}</arg>
<doc>Converts the given item to an integer number.</doc>
<msg timestamp="20230417 11:52:33.777" level="INFO">${DebitAmount} = 0</msg>
<status status="PASS" starttime="20230417 11:52:33.775" endtime="20230417 11:52:33.778"/>
</kw>
<kw name="Set Variable" library="BuiltIn">
<var>${CreditAmount}</var>
<arg>${customer_data['CreditAmount']}</arg>
<doc>Returns the given values which can then be assigned to a variables.</doc>
<msg timestamp="20230417 11:52:33.781" level="INFO">${CreditAmount} = 4080.0</msg>
<status status="PASS" starttime="20230417 11:52:33.779" endtime="20230417 11:52:33.784"/>
</kw>
<kw name="Convert To Integer" library="BuiltIn">
<var>${CreditAmount}</var>
<arg>${CreditAmount}</arg>
<doc>Converts the given item to an integer number.</doc>
<msg timestamp="20230417 11:52:33.785" level="INFO">${CreditAmount} = 4080</msg>
<status status="PASS" starttime="20230417 11:52:33.784" endtime="20230417 11:52:33.786"/>
</kw>
<kw name="Set Variable" library="BuiltIn">
<var>${exAcctCode}</var>
<arg>${sales_rep}[AcctCode]</arg>
<doc>Returns the given values which can then be assigned to a variables.</doc>
<msg timestamp="20230417 11:52:33.788" level="INFO">${exAcctCode} = 100000</msg>
<status status="PASS" starttime="20230417 11:52:33.787" endtime="20230417 11:52:33.789"/>
</kw>
<kw name="Set Variable" library="BuiltIn">
<var>${exSequence}</var>
<arg>${sales_rep}[Sequence]</arg>
<doc>Returns the given values which can then be assigned to a variables.</doc>
<msg timestamp="20230417 11:52:33.790" level="INFO">${exSequence} = 4</msg>
<status status="PASS" starttime="20230417 11:52:33.790" endtime="20230417 11:52:33.791"/>
</kw>
<kw name="Convert To Integer" library="BuiltIn">
<var>${exSequence}</var>
<arg>${exSequence}</arg>
<doc>Converts the given item to an integer number.</doc>
<msg timestamp="20230417 11:52:33.793" level="INFO">${exSequence} = 4</msg>
<status status="PASS" starttime="20230417 11:52:33.792" endtime="20230417 11:52:33.794"/>
</kw>
<kw name="Set Variable" library="BuiltIn">
<var>${exDueDate}</var>
<arg>${sales_rep}[DueDate]</arg>
<doc>Returns the given values which can then be assigned to a variables.</doc>
<msg timestamp="20230417 11:52:33.795" level="INFO">${exDueDate} = 2022-12-27 00:00:00</msg>
<status status="PASS" starttime="20230417 11:52:33.794" endtime="20230417 11:52:33.796"/>
</kw>
<kw name="Convert Date" library="DateTime">
<var>${exDueDate}</var>
<arg>${exDueDate}</arg>
<arg>result_format=%d%m%Y</arg>
<doc>Converts between supported `date formats`.</doc>
<msg timestamp="20230417 11:52:33.799" level="INFO">${exDueDate} = 27122022</msg>
<status status="PASS" starttime="20230417 11:52:33.797" endtime="20230417 11:52:33.801"/>
</kw>
<kw name="Convert To Number" library="BuiltIn">
<var>${exDueDate}</var>
<arg>${exDueDate}</arg>
<doc>Converts the given item to a floating point number.</doc>
<msg timestamp="20230417 11:52:33.802" level="INFO">${exDueDate} = 27122022.0</msg>
<status status="PASS" starttime="20230417 11:52:33.801" endtime="20230417 11:52:33.803"/>
</kw>
<kw name="Set Variable" library="BuiltIn">
<var>${exMemo}</var>
<arg>${sales_rep}[Memo]</arg>
<doc>Returns the given values which can then be assigned to a variables.</doc>
<msg timestamp="20230417 11:52:33.805" level="INFO">${exMemo} = NULL</msg>
<status status="PASS" starttime="20230417 11:52:33.804" endtime="20230417 11:52:33.807"/>
</kw>
<kw name="Set Variable" library="BuiltIn">
<var>${exDebAmount}</var>
<arg>${sales_rep}[DebAmount]</arg>
<doc>Returns the given values which can then be assigned to a variables.</doc>
<msg timestamp="20230417 11:52:33.809" level="INFO">${exDebAmount} = 0</msg>
<status status="PASS" starttime="20230417 11:52:33.808" endtime="20230417 11:52:33.810"/>
</kw>
<kw name="Set Variable" library="BuiltIn">
<var>${exCredAmnt}</var>
<arg>${sales_rep}[CredAmnt]</arg>
<doc>Returns the given values which can then be assigned to a variables.</doc>
<msg timestamp="20230417 11:52:33.811" level="INFO">${exCredAmnt} = 4080</msg>
<status status="PASS" starttime="20230417 11:52:33.810" endtime="20230417 11:52:33.812"/>
</kw>
<kw name="Run Keyword And Ignore Error" library="BuiltIn">
<var>${memo1}</var>
<arg>Should Be Equal As Strings</arg>
<arg>${Memo}</arg>
<arg>${exMemo}</arg>
<doc>Runs the given keyword with the given arguments and ignores possible error.</doc>
<kw name="Should Be Equal As Strings" library="BuiltIn">
<arg>${Memo}</arg>
<arg>${exMemo}</arg>
<doc>Fails if objects are unequal after converting them to strings.</doc>
<msg timestamp="20230417 11:52:33.816" level="INFO">Argument types are:
&lt;class 'NoneType'&gt;
&lt;class 'str'&gt;</msg>
<msg timestamp="20230417 11:52:33.818" level="FAIL">None != NULL</msg>
<status status="FAIL" starttime="20230417 11:52:33.814" endtime="20230417 11:52:33.820"/>
</kw>
<msg timestamp="20230417 11:52:33.820" level="INFO">${memo1} = ('FAIL', 'None != NULL')</msg>
<status status="PASS" starttime="20230417 11:52:33.813" endtime="20230417 11:52:33.821"/>
</kw>
<kw name="Set Variable" library="BuiltIn">
<var>${memo1}</var>
<arg>${memo1}[0]</arg>
<doc>Returns the given values which can then be assigned to a variables.</doc>
<msg timestamp="20230417 11:52:33.822" level="INFO">${memo1} = FAIL</msg>
<status status="PASS" starttime="20230417 11:52:33.822" endtime="20230417 11:52:33.824"/>
</kw>
<kw name="Run Keyword And Ignore Error" library="BuiltIn">
<arg>${Sequence} ==${exSequence} and ${memo1} == PASS and ${AccountCode} ==${exAcctCode} and ${exDueDate} == ${DueDate} and ${Memo} ==${exMemo} and ${DebitAmount} ==${exDebAmount} and ${CreditAmount} ==${exCredAmnt}</arg>
<doc>Runs the given keyword with the given arguments and ignores possible error.</doc>
<kw name="4 ==4 and FAIL == PASS and 100000 ==100000 and 27122022.0 == 27122022.0 and None ==NULL and 0 ==0 and 4080 ==4080">
<msg timestamp="20230417 11:52:33.835" level="FAIL">No keyword with name '4 ==4 and FAIL == PASS and 100000 ==100000 and 27122022.0 == 27122022.0 and None ==NULL and 0 ==0 and 4080 ==4080' found.</msg>
<status status="FAIL" starttime="20230417 11:52:33.830" endtime="20230417 11:52:33.849"/>
</kw>
<status status="PASS" starttime="20230417 11:52:33.824" endtime="20230417 11:52:33.854"/>
</kw>
<kw name="Log To Console" library="BuiltIn">
<arg>Sequence number:${customer_data['Sequence']}, AccountCode: ${customer_data['AccountCode']}-match</arg>
<doc>Logs the given message to the console.</doc>
<status status="PASS" starttime="20230417 11:52:33.855" endtime="20230417 11:52:33.858"/>
</kw>
<status status="PASS" starttime="20230417 11:52:33.569" endtime="20230417 11:52:33.859"/>
</iter>
<iter>
<var name="${sales_rep}">{'Sequence': 5, 'AcctCode': 100000, 'DueDate': datetime.datetime(2022, 12, 27, 0, 0), 'Memo': 'NULL', 'DebAmount': 0, 'CredAmnt': 4080}</var>
<kw name="Convert To Integer" library="BuiltIn">
<var>${AccNo}</var>
<arg>${sales_rep}[AcctCode]</arg>
<doc>Converts the given item to an integer number.</doc>
<msg timestamp="20230417 11:52:33.860" level="INFO">${AccNo} = 100000</msg>
<status status="PASS" starttime="20230417 11:52:33.859" endtime="20230417 11:52:33.863"/>
</kw>
<kw name="Convert To Integer" library="BuiltIn">
<var>${SqNo}</var>
<arg>${sales_rep}[Sequence]</arg>
<doc>Converts the given item to an integer number.</doc>
<msg timestamp="20230417 11:52:33.867" level="INFO">${SqNo} = 5</msg>
<status status="PASS" starttime="20230417 11:52:33.863" endtime="20230417 11:52:33.870"/>
</kw>
<kw name="Get Request" library="RequestsLibrary">
<var>${customer_response}</var>
<arg>${sessionname}</arg>
<arg>${base_url}/BankPages(AccountCode='${AccNo}',Sequence=${SqNo})</arg>
<doc>*DEPRECATED* Please use `GET On Session` instead.</doc>
<msg timestamp="20230417 11:52:33.872" level="WARN">Keyword 'RequestsLibrary.Get Request' is deprecated. Please use `GET On Session` instead.</msg>
<msg timestamp="20230417 11:52:34.038" level="INFO">GET Request : url=http://socius.sapserver.in:50001/b1s/v1/BankPages(AccountCode='100000',Sequence=5) 
 path_url=/b1s/v1/BankPages(AccountCode='100000',Sequence=5) 
 headers={'User-Agent': 'python-requests/2.28.2', 'Accept-Encoding': 'gzip, deflate', 'Accept': '*/*', 'Connection': 'keep-alive', 'Cookie': 'B1SESSION=e5291c78-dcea-11ed-8000-005056009c46', 'Authorization': 'Basic eyJDb21wYW55REIiOiAiU0JPRGVtb0dCIiwiVXNlck5hbWUiOiAiZmF2YXMifTpUZXN0QDEyMw=='} 
 body=None 
 </msg>
<msg timestamp="20230417 11:52:34.038" level="INFO">GET Response : url=http://socius.sapserver.in:50001/b1s/v1/BankPages(AccountCode='100000',Sequence=5) 
 status=200, reason=OK 
 headers={'Date': 'Mon, 17 Apr 2023 06:41:35 GMT', 'Server': 'Apache', 'DataServiceVersion': '3.0', 'Keep-Alive': 'timeout=5, max=96', 'Connection': 'Keep-Alive', 'Transfer-Encoding': 'chunked', 'Content-Type': 'application/json;odata=minimalmetadata;charset=utf-8'} 
 body={
   "odata.metadata" : "http://socius.sapserver.in:50001/b1s/v1/$metadata#BankPages/@Element",
   "AccountCode" : "100000",
   "Sequence" : 5,
   "AccountName" : "Called Up Capital Not Paid",
   "Reference" : null,
   "DueDate" : "2022-12-27T00:00:00Z",
   "Memo" : null,
   "DebitAmount" : 0.0,
   "CreditAmount" : 4080.0,
   "BankMatch" : 0,
   "DataSource" : "S",
   "UserSignature" : 43,
   "ExternalCode" : null,
   "CardCode" : "",
   "CardName" : null,
   "StatementNumber" : null,
   "InvoiceNumber" : null,
   "PaymentCreated" : "tNO",
   "VisualOrder" : 5,
   "DocNumberType" : "bpdt_DocNum",
   "PaymentReference" : "first pay",
   "InvoiceNumberEx" : null,
   "BICSwiftCode" : null
}
 
 </msg>
<msg timestamp="20230417 11:52:34.038" level="INFO">${customer_response} = &lt;Response [200]&gt;</msg>
<status status="PASS" starttime="20230417 11:52:33.871" endtime="20230417 11:52:34.039"/>
</kw>
<kw name="Set Variable" library="BuiltIn">
<var>${customer_data}</var>
<arg>${customer_response.json()}</arg>
<doc>Returns the given values which can then be assigned to a variables.</doc>
<msg timestamp="20230417 11:52:34.040" level="INFO">${customer_data} = {'odata.metadata': 'http://socius.sapserver.in:50001/b1s/v1/$metadata#BankPages/@Element', 'AccountCode': '100000', 'Sequence': 5, 'AccountName': 'Called Up Capital Not Paid', 'Reference': None, 'DueD...</msg>
<status status="PASS" starttime="20230417 11:52:34.039" endtime="20230417 11:52:34.042"/>
</kw>
<kw name="Set Variable" library="BuiltIn">
<var>${AccountCode}</var>
<arg>${customer_data['AccountCode']}</arg>
<doc>Returns the given values which can then be assigned to a variables.</doc>
<msg timestamp="20230417 11:52:34.044" level="INFO">${AccountCode} = 100000</msg>
<status status="PASS" starttime="20230417 11:52:34.042" endtime="20230417 11:52:34.045"/>
</kw>
<kw name="Set Variable" library="BuiltIn">
<var>${Sequence}</var>
<arg>${customer_data['Sequence']}</arg>
<doc>Returns the given values which can then be assigned to a variables.</doc>
<msg timestamp="20230417 11:52:34.046" level="INFO">${Sequence} = 5</msg>
<status status="PASS" starttime="20230417 11:52:34.045" endtime="20230417 11:52:34.047"/>
</kw>
<kw name="Set Variable" library="BuiltIn">
<var>${AccountName}</var>
<arg>${customer_data['AccountName']}</arg>
<doc>Returns the given values which can then be assigned to a variables.</doc>
<msg timestamp="20230417 11:52:34.050" level="INFO">${AccountName} = Called Up Capital Not Paid</msg>
<status status="PASS" starttime="20230417 11:52:34.048" endtime="20230417 11:52:34.051"/>
</kw>
<kw name="Set Variable" library="BuiltIn">
<var>${DueDate}</var>
<arg>${customer_data['DueDate']}</arg>
<doc>Returns the given values which can then be assigned to a variables.</doc>
<msg timestamp="20230417 11:52:34.053" level="INFO">${DueDate} = 2022-12-27T00:00:00Z</msg>
<status status="PASS" starttime="20230417 11:52:34.052" endtime="20230417 11:52:34.055"/>
</kw>
<kw name="Convert Date" library="DateTime">
<var>${DueDate}</var>
<arg>${customer_data['DueDate']}</arg>
<arg>result_format=%d%m%Y</arg>
<doc>Converts between supported `date formats`.</doc>
<msg timestamp="20230417 11:52:34.057" level="INFO">${DueDate} = 27122022</msg>
<status status="PASS" starttime="20230417 11:52:34.055" endtime="20230417 11:52:34.057"/>
</kw>
<kw name="Convert To Number" library="BuiltIn">
<var>${DueDate}</var>
<arg>${DueDate}</arg>
<doc>Converts the given item to a floating point number.</doc>
<msg timestamp="20230417 11:52:34.058" level="INFO">${DueDate} = 27122022.0</msg>
<status status="PASS" starttime="20230417 11:52:34.058" endtime="20230417 11:52:34.060"/>
</kw>
<kw name="Set Variable" library="BuiltIn">
<var>${Memo}</var>
<arg>${customer_data['Memo']}</arg>
<doc>Returns the given values which can then be assigned to a variables.</doc>
<msg timestamp="20230417 11:52:34.062" level="INFO">${Memo} = None</msg>
<status status="PASS" starttime="20230417 11:52:34.060" endtime="20230417 11:52:34.063"/>
</kw>
<kw name="Set Variable" library="BuiltIn">
<var>${DebitAmount}</var>
<arg>${customer_data['DebitAmount']}</arg>
<doc>Returns the given values which can then be assigned to a variables.</doc>
<msg timestamp="20230417 11:52:34.065" level="INFO">${DebitAmount} = 0.0</msg>
<status status="PASS" starttime="20230417 11:52:34.063" endtime="20230417 11:52:34.065"/>
</kw>
<kw name="Convert To Integer" library="BuiltIn">
<var>${DebitAmount}</var>
<arg>${DebitAmount}</arg>
<doc>Converts the given item to an integer number.</doc>
<msg timestamp="20230417 11:52:34.067" level="INFO">${DebitAmount} = 0</msg>
<status status="PASS" starttime="20230417 11:52:34.066" endtime="20230417 11:52:34.068"/>
</kw>
<kw name="Set Variable" library="BuiltIn">
<var>${CreditAmount}</var>
<arg>${customer_data['CreditAmount']}</arg>
<doc>Returns the given values which can then be assigned to a variables.</doc>
<msg timestamp="20230417 11:52:34.070" level="INFO">${CreditAmount} = 4080.0</msg>
<status status="PASS" starttime="20230417 11:52:34.069" endtime="20230417 11:52:34.071"/>
</kw>
<kw name="Convert To Integer" library="BuiltIn">
<var>${CreditAmount}</var>
<arg>${CreditAmount}</arg>
<doc>Converts the given item to an integer number.</doc>
<msg timestamp="20230417 11:52:34.072" level="INFO">${CreditAmount} = 4080</msg>
<status status="PASS" starttime="20230417 11:52:34.071" endtime="20230417 11:52:34.073"/>
</kw>
<kw name="Set Variable" library="BuiltIn">
<var>${exAcctCode}</var>
<arg>${sales_rep}[AcctCode]</arg>
<doc>Returns the given values which can then be assigned to a variables.</doc>
<msg timestamp="20230417 11:52:34.074" level="INFO">${exAcctCode} = 100000</msg>
<status status="PASS" starttime="20230417 11:52:34.073" endtime="20230417 11:52:34.075"/>
</kw>
<kw name="Set Variable" library="BuiltIn">
<var>${exSequence}</var>
<arg>${sales_rep}[Sequence]</arg>
<doc>Returns the given values which can then be assigned to a variables.</doc>
<msg timestamp="20230417 11:52:34.076" level="INFO">${exSequence} = 5</msg>
<status status="PASS" starttime="20230417 11:52:34.075" endtime="20230417 11:52:34.076"/>
</kw>
<kw name="Convert To Integer" library="BuiltIn">
<var>${exSequence}</var>
<arg>${exSequence}</arg>
<doc>Converts the given item to an integer number.</doc>
<msg timestamp="20230417 11:52:34.077" level="INFO">${exSequence} = 5</msg>
<status status="PASS" starttime="20230417 11:52:34.076" endtime="20230417 11:52:34.078"/>
</kw>
<kw name="Set Variable" library="BuiltIn">
<var>${exDueDate}</var>
<arg>${sales_rep}[DueDate]</arg>
<doc>Returns the given values which can then be assigned to a variables.</doc>
<msg timestamp="20230417 11:52:34.079" level="INFO">${exDueDate} = 2022-12-27 00:00:00</msg>
<status status="PASS" starttime="20230417 11:52:34.078" endtime="20230417 11:52:34.080"/>
</kw>
<kw name="Convert Date" library="DateTime">
<var>${exDueDate}</var>
<arg>${exDueDate}</arg>
<arg>result_format=%d%m%Y</arg>
<doc>Converts between supported `date formats`.</doc>
<msg timestamp="20230417 11:52:34.082" level="INFO">${exDueDate} = 27122022</msg>
<status status="PASS" starttime="20230417 11:52:34.081" endtime="20230417 11:52:34.083"/>
</kw>
<kw name="Convert To Number" library="BuiltIn">
<var>${exDueDate}</var>
<arg>${exDueDate}</arg>
<doc>Converts the given item to a floating point number.</doc>
<msg timestamp="20230417 11:52:34.085" level="INFO">${exDueDate} = 27122022.0</msg>
<status status="PASS" starttime="20230417 11:52:34.084" endtime="20230417 11:52:34.086"/>
</kw>
<kw name="Set Variable" library="BuiltIn">
<var>${exMemo}</var>
<arg>${sales_rep}[Memo]</arg>
<doc>Returns the given values which can then be assigned to a variables.</doc>
<msg timestamp="20230417 11:52:34.087" level="INFO">${exMemo} = NULL</msg>
<status status="PASS" starttime="20230417 11:52:34.086" endtime="20230417 11:52:34.088"/>
</kw>
<kw name="Set Variable" library="BuiltIn">
<var>${exDebAmount}</var>
<arg>${sales_rep}[DebAmount]</arg>
<doc>Returns the given values which can then be assigned to a variables.</doc>
<msg timestamp="20230417 11:52:34.089" level="INFO">${exDebAmount} = 0</msg>
<status status="PASS" starttime="20230417 11:52:34.088" endtime="20230417 11:52:34.090"/>
</kw>
<kw name="Set Variable" library="BuiltIn">
<var>${exCredAmnt}</var>
<arg>${sales_rep}[CredAmnt]</arg>
<doc>Returns the given values which can then be assigned to a variables.</doc>
<msg timestamp="20230417 11:52:34.091" level="INFO">${exCredAmnt} = 4080</msg>
<status status="PASS" starttime="20230417 11:52:34.090" endtime="20230417 11:52:34.092"/>
</kw>
<kw name="Run Keyword And Ignore Error" library="BuiltIn">
<var>${memo1}</var>
<arg>Should Be Equal As Strings</arg>
<arg>${Memo}</arg>
<arg>${exMemo}</arg>
<doc>Runs the given keyword with the given arguments and ignores possible error.</doc>
<kw name="Should Be Equal As Strings" library="BuiltIn">
<arg>${Memo}</arg>
<arg>${exMemo}</arg>
<doc>Fails if objects are unequal after converting them to strings.</doc>
<msg timestamp="20230417 11:52:34.093" level="INFO">Argument types are:
&lt;class 'NoneType'&gt;
&lt;class 'str'&gt;</msg>
<msg timestamp="20230417 11:52:34.094" level="FAIL">None != NULL</msg>
<status status="FAIL" starttime="20230417 11:52:34.093" endtime="20230417 11:52:34.095"/>
</kw>
<msg timestamp="20230417 11:52:34.095" level="INFO">${memo1} = ('FAIL', 'None != NULL')</msg>
<status status="PASS" starttime="20230417 11:52:34.092" endtime="20230417 11:52:34.096"/>
</kw>
<kw name="Set Variable" library="BuiltIn">
<var>${memo1}</var>
<arg>${memo1}[0]</arg>
<doc>Returns the given values which can then be assigned to a variables.</doc>
<msg timestamp="20230417 11:52:34.097" level="INFO">${memo1} = FAIL</msg>
<status status="PASS" starttime="20230417 11:52:34.096" endtime="20230417 11:52:34.098"/>
</kw>
<kw name="Run Keyword And Ignore Error" library="BuiltIn">
<arg>${Sequence} ==${exSequence} and ${memo1} == PASS and ${AccountCode} ==${exAcctCode} and ${exDueDate} == ${DueDate} and ${Memo} ==${exMemo} and ${DebitAmount} ==${exDebAmount} and ${CreditAmount} ==${exCredAmnt}</arg>
<doc>Runs the given keyword with the given arguments and ignores possible error.</doc>
<kw name="5 ==5 and FAIL == PASS and 100000 ==100000 and 27122022.0 == 27122022.0 and None ==NULL and 0 ==0 and 4080 ==4080">
<msg timestamp="20230417 11:52:34.109" level="FAIL">No keyword with name '5 ==5 and FAIL == PASS and 100000 ==100000 and 27122022.0 == 27122022.0 and None ==NULL and 0 ==0 and 4080 ==4080' found.</msg>
<status status="FAIL" starttime="20230417 11:52:34.105" endtime="20230417 11:52:34.110"/>
</kw>
<status status="PASS" starttime="20230417 11:52:34.099" endtime="20230417 11:52:34.113"/>
</kw>
<kw name="Log To Console" library="BuiltIn">
<arg>Sequence number:${customer_data['Sequence']}, AccountCode: ${customer_data['AccountCode']}-match</arg>
<doc>Logs the given message to the console.</doc>
<status status="PASS" starttime="20230417 11:52:34.114" endtime="20230417 11:52:34.118"/>
</kw>
<status status="PASS" starttime="20230417 11:52:33.859" endtime="20230417 11:52:34.118"/>
</iter>
<iter>
<var name="${sales_rep}">{'Sequence': 6, 'AcctCode': 100000, 'DueDate': datetime.datetime(2022, 12, 27, 0, 0), 'Memo': 'NULL', 'DebAmount': 0, 'CredAmnt': 4080}</var>
<kw name="Convert To Integer" library="BuiltIn">
<var>${AccNo}</var>
<arg>${sales_rep}[AcctCode]</arg>
<doc>Converts the given item to an integer number.</doc>
<msg timestamp="20230417 11:52:34.120" level="INFO">${AccNo} = 100000</msg>
<status status="PASS" starttime="20230417 11:52:34.119" endtime="20230417 11:52:34.121"/>
</kw>
<kw name="Convert To Integer" library="BuiltIn">
<var>${SqNo}</var>
<arg>${sales_rep}[Sequence]</arg>
<doc>Converts the given item to an integer number.</doc>
<msg timestamp="20230417 11:52:34.123" level="INFO">${SqNo} = 6</msg>
<status status="PASS" starttime="20230417 11:52:34.121" endtime="20230417 11:52:34.123"/>
</kw>
<kw name="Get Request" library="RequestsLibrary">
<var>${customer_response}</var>
<arg>${sessionname}</arg>
<arg>${base_url}/BankPages(AccountCode='${AccNo}',Sequence=${SqNo})</arg>
<doc>*DEPRECATED* Please use `GET On Session` instead.</doc>
<msg timestamp="20230417 11:52:34.124" level="WARN">Keyword 'RequestsLibrary.Get Request' is deprecated. Please use `GET On Session` instead.</msg>
<msg timestamp="20230417 11:52:34.288" level="INFO">GET Request : url=http://socius.sapserver.in:50001/b1s/v1/BankPages(AccountCode='100000',Sequence=6) 
 path_url=/b1s/v1/BankPages(AccountCode='100000',Sequence=6) 
 headers={'User-Agent': 'python-requests/2.28.2', 'Accept-Encoding': 'gzip, deflate', 'Accept': '*/*', 'Connection': 'keep-alive', 'Cookie': 'B1SESSION=e5291c78-dcea-11ed-8000-005056009c46', 'Authorization': 'Basic eyJDb21wYW55REIiOiAiU0JPRGVtb0dCIiwiVXNlck5hbWUiOiAiZmF2YXMifTpUZXN0QDEyMw=='} 
 body=None 
 </msg>
<msg timestamp="20230417 11:52:34.288" level="INFO">GET Response : url=http://socius.sapserver.in:50001/b1s/v1/BankPages(AccountCode='100000',Sequence=6) 
 status=200, reason=OK 
 headers={'Date': 'Mon, 17 Apr 2023 06:41:35 GMT', 'Server': 'Apache', 'DataServiceVersion': '3.0', 'Keep-Alive': 'timeout=5, max=95', 'Connection': 'Keep-Alive', 'Transfer-Encoding': 'chunked', 'Content-Type': 'application/json;odata=minimalmetadata;charset=utf-8'} 
 body={
   "odata.metadata" : "http://socius.sapserver.in:50001/b1s/v1/$metadata#BankPages/@Element",
   "AccountCode" : "100000",
   "Sequence" : 6,
   "AccountName" : "Called Up Capital Not Paid",
   "Reference" : null,
   "DueDate" : "2022-12-27T00:00:00Z",
   "Memo" : null,
   "DebitAmount" : 0.0,
   "CreditAmount" : 4080.0,
   "BankMatch" : 0,
   "DataSource" : "S",
   "UserSignature" : 43,
   "ExternalCode" : null,
   "CardCode" : "",
   "CardName" : null,
   "StatementNumber" : null,
   "InvoiceNumber" : null,
   "PaymentCreated" : "tNO",
   "VisualOrder" : 6,
   "DocNumberType" : "bpdt_DocNum",
   "PaymentReference" : "first pay",
   "InvoiceNumberEx" : null,
   "BICSwiftCode" : null
}
 
 </msg>
<msg timestamp="20230417 11:52:34.289" level="INFO">${customer_response} = &lt;Response [200]&gt;</msg>
<status status="PASS" starttime="20230417 11:52:34.123" endtime="20230417 11:52:34.290"/>
</kw>
<kw name="Set Variable" library="BuiltIn">
<var>${customer_data}</var>
<arg>${customer_response.json()}</arg>
<doc>Returns the given values which can then be assigned to a variables.</doc>
<msg timestamp="20230417 11:52:34.292" level="INFO">${customer_data} = {'odata.metadata': 'http://socius.sapserver.in:50001/b1s/v1/$metadata#BankPages/@Element', 'AccountCode': '100000', 'Sequence': 6, 'AccountName': 'Called Up Capital Not Paid', 'Reference': None, 'DueD...</msg>
<status status="PASS" starttime="20230417 11:52:34.290" endtime="20230417 11:52:34.292"/>
</kw>
<kw name="Set Variable" library="BuiltIn">
<var>${AccountCode}</var>
<arg>${customer_data['AccountCode']}</arg>
<doc>Returns the given values which can then be assigned to a variables.</doc>
<msg timestamp="20230417 11:52:34.295" level="INFO">${AccountCode} = 100000</msg>
<status status="PASS" starttime="20230417 11:52:34.293" endtime="20230417 11:52:34.296"/>
</kw>
<kw name="Set Variable" library="BuiltIn">
<var>${Sequence}</var>
<arg>${customer_data['Sequence']}</arg>
<doc>Returns the given values which can then be assigned to a variables.</doc>
<msg timestamp="20230417 11:52:34.300" level="INFO">${Sequence} = 6</msg>
<status status="PASS" starttime="20230417 11:52:34.296" endtime="20230417 11:52:34.301"/>
</kw>
<kw name="Set Variable" library="BuiltIn">
<var>${AccountName}</var>
<arg>${customer_data['AccountName']}</arg>
<doc>Returns the given values which can then be assigned to a variables.</doc>
<msg timestamp="20230417 11:52:34.303" level="INFO">${AccountName} = Called Up Capital Not Paid</msg>
<status status="PASS" starttime="20230417 11:52:34.302" endtime="20230417 11:52:34.305"/>
</kw>
<kw name="Set Variable" library="BuiltIn">
<var>${DueDate}</var>
<arg>${customer_data['DueDate']}</arg>
<doc>Returns the given values which can then be assigned to a variables.</doc>
<msg timestamp="20230417 11:52:34.307" level="INFO">${DueDate} = 2022-12-27T00:00:00Z</msg>
<status status="PASS" starttime="20230417 11:52:34.305" endtime="20230417 11:52:34.308"/>
</kw>
<kw name="Convert Date" library="DateTime">
<var>${DueDate}</var>
<arg>${customer_data['DueDate']}</arg>
<arg>result_format=%d%m%Y</arg>
<doc>Converts between supported `date formats`.</doc>
<msg timestamp="20230417 11:52:34.310" level="INFO">${DueDate} = 27122022</msg>
<status status="PASS" starttime="20230417 11:52:34.308" endtime="20230417 11:52:34.311"/>
</kw>
<kw name="Convert To Number" library="BuiltIn">
<var>${DueDate}</var>
<arg>${DueDate}</arg>
<doc>Converts the given item to a floating point number.</doc>
<msg timestamp="20230417 11:52:34.313" level="INFO">${DueDate} = 27122022.0</msg>
<status status="PASS" starttime="20230417 11:52:34.311" endtime="20230417 11:52:34.313"/>
</kw>
<kw name="Set Variable" library="BuiltIn">
<var>${Memo}</var>
<arg>${customer_data['Memo']}</arg>
<doc>Returns the given values which can then be assigned to a variables.</doc>
<msg timestamp="20230417 11:52:34.316" level="INFO">${Memo} = None</msg>
<status status="PASS" starttime="20230417 11:52:34.314" endtime="20230417 11:52:34.318"/>
</kw>
<kw name="Set Variable" library="BuiltIn">
<var>${DebitAmount}</var>
<arg>${customer_data['DebitAmount']}</arg>
<doc>Returns the given values which can then be assigned to a variables.</doc>
<msg timestamp="20230417 11:52:34.320" level="INFO">${DebitAmount} = 0.0</msg>
<status status="PASS" starttime="20230417 11:52:34.318" endtime="20230417 11:52:34.321"/>
</kw>
<kw name="Convert To Integer" library="BuiltIn">
<var>${DebitAmount}</var>
<arg>${DebitAmount}</arg>
<doc>Converts the given item to an integer number.</doc>
<msg timestamp="20230417 11:52:34.323" level="INFO">${DebitAmount} = 0</msg>
<status status="PASS" starttime="20230417 11:52:34.322" endtime="20230417 11:52:34.324"/>
</kw>
<kw name="Set Variable" library="BuiltIn">
<var>${CreditAmount}</var>
<arg>${customer_data['CreditAmount']}</arg>
<doc>Returns the given values which can then be assigned to a variables.</doc>
<msg timestamp="20230417 11:52:34.326" level="INFO">${CreditAmount} = 4080.0</msg>
<status status="PASS" starttime="20230417 11:52:34.325" endtime="20230417 11:52:34.327"/>
</kw>
<kw name="Convert To Integer" library="BuiltIn">
<var>${CreditAmount}</var>
<arg>${CreditAmount}</arg>
<doc>Converts the given item to an integer number.</doc>
<msg timestamp="20230417 11:52:34.328" level="INFO">${CreditAmount} = 4080</msg>
<status status="PASS" starttime="20230417 11:52:34.327" endtime="20230417 11:52:34.330"/>
</kw>
<kw name="Set Variable" library="BuiltIn">
<var>${exAcctCode}</var>
<arg>${sales_rep}[AcctCode]</arg>
<doc>Returns the given values which can then be assigned to a variables.</doc>
<msg timestamp="20230417 11:52:34.331" level="INFO">${exAcctCode} = 100000</msg>
<status status="PASS" starttime="20230417 11:52:34.330" endtime="20230417 11:52:34.332"/>
</kw>
<kw name="Set Variable" library="BuiltIn">
<var>${exSequence}</var>
<arg>${sales_rep}[Sequence]</arg>
<doc>Returns the given values which can then be assigned to a variables.</doc>
<msg timestamp="20230417 11:52:34.336" level="INFO">${exSequence} = 6</msg>
<status status="PASS" starttime="20230417 11:52:34.333" endtime="20230417 11:52:34.337"/>
</kw>
<kw name="Convert To Integer" library="BuiltIn">
<var>${exSequence}</var>
<arg>${exSequence}</arg>
<doc>Converts the given item to an integer number.</doc>
<msg timestamp="20230417 11:52:34.338" level="INFO">${exSequence} = 6</msg>
<status status="PASS" starttime="20230417 11:52:34.337" endtime="20230417 11:52:34.339"/>
</kw>
<kw name="Set Variable" library="BuiltIn">
<var>${exDueDate}</var>
<arg>${sales_rep}[DueDate]</arg>
<doc>Returns the given values which can then be assigned to a variables.</doc>
<msg timestamp="20230417 11:52:34.340" level="INFO">${exDueDate} = 2022-12-27 00:00:00</msg>
<status status="PASS" starttime="20230417 11:52:34.339" endtime="20230417 11:52:34.341"/>
</kw>
<kw name="Convert Date" library="DateTime">
<var>${exDueDate}</var>
<arg>${exDueDate}</arg>
<arg>result_format=%d%m%Y</arg>
<doc>Converts between supported `date formats`.</doc>
<msg timestamp="20230417 11:52:34.343" level="INFO">${exDueDate} = 27122022</msg>
<status status="PASS" starttime="20230417 11:52:34.341" endtime="20230417 11:52:34.344"/>
</kw>
<kw name="Convert To Number" library="BuiltIn">
<var>${exDueDate}</var>
<arg>${exDueDate}</arg>
<doc>Converts the given item to a floating point number.</doc>
<msg timestamp="20230417 11:52:34.345" level="INFO">${exDueDate} = 27122022.0</msg>
<status status="PASS" starttime="20230417 11:52:34.344" endtime="20230417 11:52:34.346"/>
</kw>
<kw name="Set Variable" library="BuiltIn">
<var>${exMemo}</var>
<arg>${sales_rep}[Memo]</arg>
<doc>Returns the given values which can then be assigned to a variables.</doc>
<msg timestamp="20230417 11:52:34.349" level="INFO">${exMemo} = NULL</msg>
<status status="PASS" starttime="20230417 11:52:34.347" endtime="20230417 11:52:34.350"/>
</kw>
<kw name="Set Variable" library="BuiltIn">
<var>${exDebAmount}</var>
<arg>${sales_rep}[DebAmount]</arg>
<doc>Returns the given values which can then be assigned to a variables.</doc>
<msg timestamp="20230417 11:52:34.353" level="INFO">${exDebAmount} = 0</msg>
<status status="PASS" starttime="20230417 11:52:34.351" endtime="20230417 11:52:34.354"/>
</kw>
<kw name="Set Variable" library="BuiltIn">
<var>${exCredAmnt}</var>
<arg>${sales_rep}[CredAmnt]</arg>
[...]
</kw>
<kw name="Get Request" library="RequestsLibrary">
<var>${customer_response}</var>
<arg>${sessionname}</arg>
<arg>${base_url}/BankPages(AccountCode='${AccNo}',Sequence=${SqNo})</arg>
<doc>*DEPRECATED* Please use `GET On Session` instead.</doc>
<msg timestamp="20230417 11:52:44.480" level="WARN">Keyword 'RequestsLibrary.Get Request' is deprecated. Please use `GET On Session` instead.</msg>
<msg timestamp="20230417 11:52:44.645" level="INFO">GET Request : url=http://socius.sapserver.in:50001/b1s/v1/BankPages(AccountCode='161000',Sequence=2) 
 path_url=/b1s/v1/BankPages(AccountCode='161000',Sequence=2) 
 headers={'User-Agent': 'python-requests/2.28.2', 'Accept-Encoding': 'gzip, deflate', 'Accept': '*/*', 'Connection': 'keep-alive', 'Cookie': 'B1SESSION=e5291c78-dcea-11ed-8000-005056009c46', 'Authorization': 'Basic eyJDb21wYW55REIiOiAiU0JPRGVtb0dCIiwiVXNlck5hbWUiOiAiZmF2YXMifTpUZXN0QDEyMw=='} 
 body=None 
 </msg>
<msg timestamp="20230417 11:52:44.649" level="INFO">GET Response : url=http://socius.sapserver.in:50001/b1s/v1/BankPages(AccountCode='161000',Sequence=2) 
 status=200, reason=OK 
 headers={'Date': 'Mon, 17 Apr 2023 06:41:46 GMT', 'Server': 'Apache', 'DataServiceVersion': '3.0', 'Keep-Alive': 'timeout=5, max=59', 'Connection': 'Keep-Alive', 'Transfer-Encoding': 'chunked', 'Content-Type': 'application/json;odata=minimalmetadata;charset=utf-8'} 
 body={
   "odata.metadata" : "http://socius.sapserver.in:50001/b1s/v1/$metadata#BankPages/@Element",
   "AccountCode" : "161000",
   "Sequence" : 2,
   "AccountName" : "Bank Account",
   "Reference" : null,
   "DueDate" : "2014-06-30T00:00:00Z",
   "Memo" : null,
   "DebitAmount" : 412100.0,
   "CreditAmount" : 0.0,
   "BankMatch" : 2,
   "DataSource" : "N",
   "UserSignature" : 1,
   "ExternalCode" : null,
   "CardCode" : null,
   "CardName" : null,
   "StatementNumber" : 2,
   "InvoiceNumber" : null,
   "PaymentCreated" : "tNO",
   "VisualOrder" : 2,
   "DocNumberType" : "bpdt_DocNum",
   "PaymentReference" : null,
   "InvoiceNumberEx" : null,
   "BICSwiftCode" : null
}
 
 </msg>
<msg timestamp="20230417 11:52:44.651" level="INFO">${customer_response} = &lt;Response [200]&gt;</msg>
<status status="PASS" starttime="20230417 11:52:44.480" endtime="20230417 11:52:44.656"/>
</kw>
<kw name="Set Variable" library="BuiltIn">
<var>${customer_data}</var>
<arg>${customer_response.json()}</arg>
<doc>Returns the given values which can then be assigned to a variables.</doc>
<msg timestamp="20230417 11:52:44.665" level="INFO">${customer_data} = {'odata.metadata': 'http://socius.sapserver.in:50001/b1s/v1/$metadata#BankPages/@Element', 'AccountCode': '161000', 'Sequence': 2, 'AccountName': 'Bank Account', 'Reference': None, 'DueDate': '2014-06...</msg>
<status status="PASS" starttime="20230417 11:52:44.658" endtime="20230417 11:52:44.667"/>
</kw>
<kw name="Set Variable" library="BuiltIn">
<var>${AccountCode}</var>
<arg>${customer_data['AccountCode']}</arg>
<doc>Returns the given values which can then be assigned to a variables.</doc>
<msg timestamp="20230417 11:52:44.679" level="INFO">${AccountCode} = 161000</msg>
<status status="PASS" starttime="20230417 11:52:44.672" endtime="20230417 11:52:44.681"/>
</kw>
<kw name="Set Variable" library="BuiltIn">
<var>${Sequence}</var>
<arg>${customer_data['Sequence']}</arg>
<doc>Returns the given values which can then be assigned to a variables.</doc>
<msg timestamp="20230417 11:52:44.693" level="INFO">${Sequence} = 2</msg>
<status status="PASS" starttime="20230417 11:52:44.683" endtime="20230417 11:52:44.695"/>
</kw>
<kw name="Set Variable" library="BuiltIn">
<var>${AccountName}</var>
<arg>${customer_data['AccountName']}</arg>
<doc>Returns the given values which can then be assigned to a variables.</doc>
<msg timestamp="20230417 11:52:44.701" level="INFO">${AccountName} = Bank Account</msg>
<status status="PASS" starttime="20230417 11:52:44.696" endtime="20230417 11:52:44.703"/>
</kw>
<kw name="Set Variable" library="BuiltIn">
<var>${DueDate}</var>
<arg>${customer_data['DueDate']}</arg>
<doc>Returns the given values which can then be assigned to a variables.</doc>
<msg timestamp="20230417 11:52:44.707" level="INFO">${DueDate} = 2014-06-30T00:00:00Z</msg>
<status status="PASS" starttime="20230417 11:52:44.704" endtime="20230417 11:52:44.709"/>
</kw>
<kw name="Convert Date" library="DateTime">
<var>${DueDate}</var>
<arg>${customer_data['DueDate']}</arg>
<arg>result_format=%d%m%Y</arg>
<doc>Converts between supported `date formats`.</doc>
<msg timestamp="20230417 11:52:44.712" level="INFO">${DueDate} = 30062014</msg>
<status status="PASS" starttime="20230417 11:52:44.709" endtime="20230417 11:52:44.714"/>
</kw>
<kw name="Convert To Number" library="BuiltIn">
<var>${DueDate}</var>
<arg>${DueDate}</arg>
<doc>Converts the given item to a floating point number.</doc>
<msg timestamp="20230417 11:52:44.716" level="INFO">${DueDate} = 30062014.0</msg>
<status status="PASS" starttime="20230417 11:52:44.715" endtime="20230417 11:52:44.718"/>
</kw>
<kw name="Set Variable" library="BuiltIn">
<var>${Memo}</var>
<arg>${customer_data['Memo']}</arg>
<doc>Returns the given values which can then be assigned to a variables.</doc>
<msg timestamp="20230417 11:52:44.721" level="INFO">${Memo} = None</msg>
<status status="PASS" starttime="20230417 11:52:44.718" endtime="20230417 11:52:44.722"/>
</kw>
<kw name="Set Variable" library="BuiltIn">
<var>${DebitAmount}</var>
<arg>${customer_data['DebitAmount']}</arg>
<doc>Returns the given values which can then be assigned to a variables.</doc>
<msg timestamp="20230417 11:52:44.725" level="INFO">${DebitAmount} = 412100.0</msg>
<status status="PASS" starttime="20230417 11:52:44.723" endtime="20230417 11:52:44.725"/>
</kw>
<kw name="Convert To Integer" library="BuiltIn">
<var>${DebitAmount}</var>
<arg>${DebitAmount}</arg>
<doc>Converts the given item to an integer number.</doc>
<msg timestamp="20230417 11:52:44.727" level="INFO">${DebitAmount} = 412100</msg>
<status status="PASS" starttime="20230417 11:52:44.726" endtime="20230417 11:52:44.727"/>
</kw>
<kw name="Set Variable" library="BuiltIn">
<var>${CreditAmount}</var>
<arg>${customer_data['CreditAmount']}</arg>
<doc>Returns the given values which can then be assigned to a variables.</doc>
<msg timestamp="20230417 11:52:44.730" level="INFO">${CreditAmount} = 0.0</msg>
<status status="PASS" starttime="20230417 11:52:44.728" endtime="20230417 11:52:44.731"/>
</kw>
<kw name="Convert To Integer" library="BuiltIn">
<var>${CreditAmount}</var>
<arg>${CreditAmount}</arg>
<doc>Converts the given item to an integer number.</doc>
<msg timestamp="20230417 11:52:44.732" level="INFO">${CreditAmount} = 0</msg>
<status status="PASS" starttime="20230417 11:52:44.731" endtime="20230417 11:52:44.734"/>
</kw>
<kw name="Set Variable" library="BuiltIn">
<var>${exAcctCode}</var>
<arg>${sales_rep}[AcctCode]</arg>
<doc>Returns the given values which can then be assigned to a variables.</doc>
<msg timestamp="20230417 11:52:44.735" level="INFO">${exAcctCode} = 161000</msg>
<status status="PASS" starttime="20230417 11:52:44.735" endtime="20230417 11:52:44.736"/>
</kw>
<kw name="Set Variable" library="BuiltIn">
<var>${exSequence}</var>
<arg>${sales_rep}[Sequence]</arg>
<doc>Returns the given values which can then be assigned to a variables.</doc>
<msg timestamp="20230417 11:52:44.739" level="INFO">${exSequence} = 2</msg>
<status status="PASS" starttime="20230417 11:52:44.736" endtime="20230417 11:52:44.739"/>
</kw>
<kw name="Convert To Integer" library="BuiltIn">
<var>${exSequence}</var>
<arg>${exSequence}</arg>
<doc>Converts the given item to an integer number.</doc>
<msg timestamp="20230417 11:52:44.741" level="INFO">${exSequence} = 2</msg>
<status status="PASS" starttime="20230417 11:52:44.740" endtime="20230417 11:52:44.741"/>
</kw>
<kw name="Set Variable" library="BuiltIn">
<var>${exDueDate}</var>
<arg>${sales_rep}[DueDate]</arg>
<doc>Returns the given values which can then be assigned to a variables.</doc>
<msg timestamp="20230417 11:52:44.743" level="INFO">${exDueDate} = 2014-06-30 00:00:00</msg>
<status status="PASS" starttime="20230417 11:52:44.742" endtime="20230417 11:52:44.744"/>
</kw>
<kw name="Convert Date" library="DateTime">
<var>${exDueDate}</var>
<arg>${exDueDate}</arg>
<arg>result_format=%d%m%Y</arg>
<doc>Converts between supported `date formats`.</doc>
<msg timestamp="20230417 11:52:44.745" level="INFO">${exDueDate} = 30062014</msg>
<status status="PASS" starttime="20230417 11:52:44.744" endtime="20230417 11:52:44.746"/>
</kw>
<kw name="Convert To Number" library="BuiltIn">
<var>${exDueDate}</var>
<arg>${exDueDate}</arg>
<doc>Converts the given item to a floating point number.</doc>
<msg timestamp="20230417 11:52:44.746" level="INFO">${exDueDate} = 30062014.0</msg>
<status status="PASS" starttime="20230417 11:52:44.746" endtime="20230417 11:52:44.747"/>
</kw>
<kw name="Set Variable" library="BuiltIn">
<var>${exMemo}</var>
<arg>${sales_rep}[Memo]</arg>
<doc>Returns the given values which can then be assigned to a variables.</doc>
<msg timestamp="20230417 11:52:44.749" level="INFO">${exMemo} = NULL</msg>
<status status="PASS" starttime="20230417 11:52:44.748" endtime="20230417 11:52:44.749"/>
</kw>
<kw name="Set Variable" library="BuiltIn">
<var>${exDebAmount}</var>
<arg>${sales_rep}[DebAmount]</arg>
<doc>Returns the given values which can then be assigned to a variables.</doc>
<msg timestamp="20230417 11:52:44.751" level="INFO">${exDebAmount} = 412100</msg>
<status status="PASS" starttime="20230417 11:52:44.750" endtime="20230417 11:52:44.751"/>
</kw>
<kw name="Set Variable" library="BuiltIn">
<var>${exCredAmnt}</var>
<arg>${sales_rep}[CredAmnt]</arg>
<doc>Returns the given values which can then be assigned to a variables.</doc>
<msg timestamp="20230417 11:52:44.752" level="INFO">${exCredAmnt} = 0</msg>
<status status="PASS" starttime="20230417 11:52:44.751" endtime="20230417 11:52:44.752"/>
</kw>
<kw name="Run Keyword And Ignore Error" library="BuiltIn">
<var>${memo1}</var>
<arg>Should Be Equal As Strings</arg>
<arg>${Memo}</arg>
<arg>${exMemo}</arg>
<doc>Runs the given keyword with the given arguments and ignores possible error.</doc>
<kw name="Should Be Equal As Strings" library="BuiltIn">
<arg>${Memo}</arg>
<arg>${exMemo}</arg>
<doc>Fails if objects are unequal after converting them to strings.</doc>
<msg timestamp="20230417 11:52:44.755" level="INFO">Argument types are:
&lt;class 'NoneType'&gt;
&lt;class 'str'&gt;</msg>
<msg timestamp="20230417 11:52:44.756" level="FAIL">None != NULL</msg>
<status status="FAIL" starttime="20230417 11:52:44.755" endtime="20230417 11:52:44.757"/>
</kw>
<msg timestamp="20230417 11:52:44.757" level="INFO">${memo1} = ('FAIL', 'None != NULL')</msg>
<status status="PASS" starttime="20230417 11:52:44.752" endtime="20230417 11:52:44.758"/>
</kw>
<kw name="Set Variable" library="BuiltIn">
<var>${memo1}</var>
<arg>${memo1}[0]</arg>
<doc>Returns the given values which can then be assigned to a variables.</doc>
<msg timestamp="20230417 11:52:44.759" level="INFO">${memo1} = FAIL</msg>
<status status="PASS" starttime="20230417 11:52:44.758" endtime="20230417 11:52:44.760"/>
</kw>
<kw name="Run Keyword And Ignore Error" library="BuiltIn">
<arg>${Sequence} ==${exSequence} and ${memo1} == PASS and ${AccountCode} ==${exAcctCode} and ${exDueDate} == ${DueDate} and ${Memo} ==${exMemo} and ${DebitAmount} ==${exDebAmount} and ${CreditAmount} ==${exCredAmnt}</arg>
<doc>Runs the given keyword with the given arguments and ignores possible error.</doc>
<kw name="2 ==2 and FAIL == PASS and 161000 ==161000 and 30062014.0 == 30062014.0 and None ==NULL and 412100 ==412100 and 0 ==0">
<msg timestamp="20230417 11:52:44.768" level="FAIL">No keyword with name '2 ==2 and FAIL == PASS and 161000 ==161000 and 30062014.0 == 30062014.0 and None ==NULL and 412100 ==412100 and 0 ==0' found.</msg>
<status status="FAIL" starttime="20230417 11:52:44.765" endtime="20230417 11:52:44.768"/>
</kw>
<status status="PASS" starttime="20230417 11:52:44.761" endtime="20230417 11:52:44.773"/>
</kw>
<kw name="Log To Console" library="BuiltIn">
<arg>Sequence number:${customer_data['Sequence']}, AccountCode: ${customer_data['AccountCode']}-match</arg>
<doc>Logs the given message to the console.</doc>
<status status="PASS" starttime="20230417 11:52:44.773" endtime="20230417 11:52:44.776"/>
</kw>
<status status="PASS" starttime="20230417 11:52:44.475" endtime="20230417 11:52:44.776"/>
</iter>
<status status="PASS" starttime="20230417 11:52:31.898" endtime="20230417 11:52:44.776"/>
</for>
<status status="PASS" starttime="20230417 11:52:31.157" endtime="20230417 11:52:44.777"/>
</kw>
<status status="PASS" starttime="20230417 11:52:31.147" endtime="20230417 11:52:44.778"/>
</test>
<status status="PASS" starttime="20230417 11:52:29.490" endtime="20230417 11:52:44.780"/>
</suite>
<status status="PASS" starttime="20230417 11:52:29.486" endtime="20230417 11:52:44.782"/>
</suite>
<status status="PASS" starttime="20230417 11:52:29.480" endtime="20230417 11:52:44.786"/>
</suite>
<status status="PASS" starttime="20230417 11:52:29.440" endtime="20230417 11:52:44.790"/>
</suite>
<statistics>
<total>
<stat pass="1" fail="0" skip="0">All Tasks</stat>
</total>
<tag>
</tag>
<suite>
<stat pass="1" fail="0" skip="0" id="s1" name="Robocorp Test Robots">Robocorp Test Robots</stat>
<stat pass="1" fail="0" skip="0" id="s1-s1" name="SAP-Project Task">Robocorp Test Robots.SAP-Project Task</stat>
<stat pass="1" fail="0" skip="0" id="s1-s1-s1" name="Read Bank Stmnt">Robocorp Test Robots.SAP-Project Task.Read Bank Stmnt</stat>
<stat pass="1" fail="0" skip="0" id="s1-s1-s1-s1" name="gettingFromStatement">Robocorp Test Robots.SAP-Project Task.Read Bank Stmnt.gettingFromStatement</stat>
</suite>
</statistics>
<errors>
<msg timestamp="20230417 11:52:31.904" level="WARN">Keyword 'RequestsLibrary.Get Request' is deprecated. Please use `GET On Session` instead.</msg>
<msg timestamp="20230417 11:52:33.042" level="WARN">Keyword 'RequestsLibrary.Get Request' is deprecated. Please use `GET On Session` instead.</msg>
<msg timestamp="20230417 11:52:33.309" level="WARN">Keyword 'RequestsLibrary.Get Request' is deprecated. Please use `GET On Session` instead.</msg>
<msg timestamp="20230417 11:52:33.574" level="WARN">Keyword 'RequestsLibrary.Get Request' is deprecated. Please use `GET On Session` instead.</msg>
<msg timestamp="20230417 11:52:33.872" level="WARN">Keyword 'RequestsLibrary.Get Request' is deprecated. Please use `GET On Session` instead.</msg>
<msg timestamp="20230417 11:52:34.124" level="WARN">Keyword 'RequestsLibrary.Get Request' is deprecated. Please use `GET On Session` instead.</msg>
<msg timestamp="20230417 11:52:34.395" level="WARN">Keyword 'RequestsLibrary.Get Request' is deprecated. Please use `GET On Session` instead.</msg>
<msg timestamp="20230417 11:52:34.666" level="WARN">Keyword 'RequestsLibrary.Get Request' is deprecated. Please use `GET On Session` instead.</msg>
<msg timestamp="20230417 11:52:34.917" level="WARN">Keyword 'RequestsLibrary.Get Request' is deprecated. Please use `GET On Session` instead.</msg>
<msg timestamp="20230417 11:52:35.188" level="WARN">Keyword 'RequestsLibrary.Get Request' is deprecated. Please use `GET On Session` instead.</msg>
<msg timestamp="20230417 11:52:35.488" level="WARN">Keyword 'RequestsLibrary.Get Request' is deprecated. Please use `GET On Session` instead.</msg>
<msg timestamp="20230417 11:52:35.734" level="WARN">Keyword 'RequestsLibrary.Get Request' is deprecated. Please use `GET On Session` instead.</msg>
<msg timestamp="20230417 11:52:35.987" level="WARN">Keyword 'RequestsLibrary.Get Request' is deprecated. Please use `GET On Session` instead.</msg>
<msg timestamp="20230417 11:52:36.278" level="WARN">Keyword 'RequestsLibrary.Get Request' is deprecated. Please use `GET On Session` instead.</msg>
<msg timestamp="20230417 11:52:36.527" level="WARN">Keyword 'RequestsLibrary.Get Request' is deprecated. Please use `GET On Session` instead.</msg>
<msg timestamp="20230417 11:52:36.827" level="WARN">Keyword 'RequestsLibrary.Get Request' is deprecated. Please use `GET On Session` instead.</msg>
<msg timestamp="20230417 11:52:37.141" level="WARN">Keyword 'RequestsLibrary.Get Request' is deprecated. Please use `GET On Session` instead.</msg>
<msg timestamp="20230417 11:52:37.472" level="WARN">Keyword 'RequestsLibrary.Get Request' is deprecated. Please use `GET On Session` instead.</msg>
<msg timestamp="20230417 11:52:37.778" level="WARN">Keyword 'RequestsLibrary.Get Request' is deprecated. Please use `GET On Session` instead.</msg>
<msg timestamp="20230417 11:52:38.039" level="WARN">Keyword 'RequestsLibrary.Get Request' is deprecated. Please use `GET On Session` instead.</msg>
<msg timestamp="20230417 11:52:38.335" level="WARN">Keyword 'RequestsLibrary.Get Request' is deprecated. Please use `GET On Session` instead.</msg>
<msg timestamp="20230417 11:52:38.635" level="WARN">Keyword 'RequestsLibrary.Get Request' is deprecated. Please use `GET On Session` instead.</msg>
<msg timestamp="20230417 11:52:38.892" level="WARN">Keyword 'RequestsLibrary.Get Request' is deprecated. Please use `GET On Session` instead.</msg>
<msg timestamp="20230417 11:52:39.192" level="WARN">Keyword 'RequestsLibrary.Get Request' is deprecated. Please use `GET On Session` instead.</msg>
<msg timestamp="20230417 11:52:39.516" level="WARN">Keyword 'RequestsLibrary.Get Request' is deprecated. Please use `GET On Session` instead.</msg>
<msg timestamp="20230417 11:52:39.811" level="WARN">Keyword 'RequestsLibrary.Get Request' is deprecated. Please use `GET On Session` instead.</msg>
<msg timestamp="20230417 11:52:40.127" level="WARN">Keyword 'RequestsLibrary.Get Request' is deprecated. Please use `GET On Session` instead.</msg>
<msg timestamp="20230417 11:52:40.433" level="WARN">Keyword 'RequestsLibrary.Get Request' is deprecated. Please use `GET On Session` instead.</msg>
<msg timestamp="20230417 11:52:40.693" level="WARN">Keyword 'RequestsLibrary.Get Request' is deprecated. Please use `GET On Session` instead.</msg>
<msg timestamp="20230417 11:52:41.047" level="WARN">Keyword 'RequestsLibrary.Get Request' is deprecated. Please use `GET On Session` instead.</msg>
<msg timestamp="20230417 11:52:41.358" level="WARN">Keyword 'RequestsLibrary.Get Request' is deprecated. Please use `GET On Session` instead.</msg>
<msg timestamp="20230417 11:52:41.652" level="WARN">Keyword 'RequestsLibrary.Get Request' is deprecated. Please use `GET On Session` instead.</msg>
<msg timestamp="20230417 11:52:41.890" level="WARN">Keyword 'RequestsLibrary.Get Request' is deprecated. Please use `GET On Session` instead.</msg>
<msg timestamp="20230417 11:52:42.194" level="WARN">Keyword 'RequestsLibrary.Get Request' is deprecated. Please use `GET On Session` instead.</msg>
<msg timestamp="20230417 11:52:42.521" level="WARN">Keyword 'RequestsLibrary.Get Request' is deprecated. Please use `GET On Session` instead.</msg>
<msg timestamp="20230417 11:52:42.770" level="WARN">Keyword 'RequestsLibrary.Get Request' is deprecated. Please use `GET On Session` instead.</msg>
<msg timestamp="20230417 11:52:43.057" level="WARN">Keyword 'RequestsLibrary.Get Request' is deprecated. Please use `GET On Session` instead.</msg>
<msg timestamp="20230417 11:52:43.342" level="WARN">Keyword 'RequestsLibrary.Get Request' is deprecated. Please use `GET On Session` instead.</msg>
<msg timestamp="20230417 11:52:43.640" level="WARN">Keyword 'RequestsLibrary.Get Request' is deprecated. Please use `GET On Session` instead.</msg>
<msg timestamp="20230417 11:52:43.913" level="WARN">Keyword 'RequestsLibrary.Get Request' is deprecated. Please use `GET On Session` instead.</msg>
<msg timestamp="20230417 11:52:44.196" level="WARN">Keyword 'RequestsLibrary.Get Request' is deprecated. Please use `GET On Session` instead.</msg>
<msg timestamp="20230417 11:52:44.480" level="WARN">Keyword 'RequestsLibrary.Get Request' is deprecated. Please use `GET On Session` instead.</msg>
</errors>
</robot>
