<?xml version="1.0" encoding="UTF-8"?>
<robot generator="Robot 5.0.1 (Python 3.8.10 on linux)" generated="20230703 13:57:39.806" rpa="true" schemaversion="3">
<suite id="s1" name="reconciliationCheck" source="/var/lib/jenkins/workspace/rpa-reconciliation/RobocorpTestRobots/SAP-Project/reconciliationCheck.robot">
<test id="s1-t1" name="main task" line="26">
<kw name="main page">
<kw name="Create List" library="BuiltIn">
<var>${auth_data}</var>
<arg>${username}</arg>
<arg>${password}</arg>
<doc>Returns a list containing given items.</doc>
<msg timestamp="20230703 13:57:40.187" level="INFO">${auth_data} = ['{"CompanyDB": "SBODemoIN","UserName": "favas"}', 'Test@123']</msg>
<status status="PASS" starttime="20230703 13:57:40.187" endtime="20230703 13:57:40.187"/>
</kw>
<kw name="Create Session" library="RequestsLibrary">
<arg>${sessionname}</arg>
<arg>${base_url}/Login</arg>
<arg>auth=${auth_data}</arg>
<doc>Create Session: create a HTTP session to a server</doc>
<msg timestamp="20230703 13:57:40.188" level="INFO">Creating Session using : alias=sapb, url=http://116.74.253.177:50001/b1s/v1/Login, headers={},                     cookies={}, auth=&lt;requests.auth.HTTPBasicAuth object at 0x7f3506a96040&gt;, timeout=None, proxies=None, verify=False,                     debug=0 </msg>
<status status="PASS" starttime="20230703 13:57:40.187" endtime="20230703 13:57:40.188"/>
</kw>
<status status="PASS" starttime="20230703 13:57:40.186" endtime="20230703 13:57:40.188"/>
</kw>
<kw name="first page">
<var>${excelinfo}</var>
<var>${exceld}</var>
<var>${From_Date}</var>
<var>${To_Date}</var>
<kw name="Open Workbook" library="RPA.Excel.Files">
<arg>${url}</arg>
<doc>Open an existing Excel workbook.</doc>
<msg timestamp="20230703 13:57:40.197" level="INFO">Opened workbook: &lt;RPA.Excel.Files.XlsxWorkbook object at 0x7f3506a96be0&gt;</msg>
<status status="PASS" starttime="20230703 13:57:40.188" endtime="20230703 13:57:40.197"/>
</kw>
<kw name="Set Active Worksheet" library="RPA.Excel.Files">
<arg>Sheet1</arg>
<doc>Set the active worksheet.</doc>
<status status="PASS" starttime="20230703 13:57:40.197" endtime="20230703 13:57:40.197"/>
</kw>
<kw name="Get Cell Value" library="RPA.Excel.Files">
<var>${code}</var>
<arg>1</arg>
<arg>2</arg>
<doc>Get a cell value in the given worksheet.</doc>
<msg timestamp="20230703 13:57:40.197" level="INFO">${code} = 161012</msg>
<status status="PASS" starttime="20230703 13:57:40.197" endtime="20230703 13:57:40.197"/>
</kw>
<kw name="Get Cell Value" library="RPA.Excel.Files">
<var>${From_Date}</var>
<arg>2</arg>
<arg>3</arg>
<doc>Get a cell value in the given worksheet.</doc>
<msg timestamp="20230703 13:57:40.198" level="INFO">${From_Date} = 2023-07-01 00:00:00</msg>
<status status="PASS" starttime="20230703 13:57:40.197" endtime="20230703 13:57:40.198"/>
</kw>
<kw name="Convert Date" library="DateTime">
<var>${From_Date}</var>
<arg>${From_Date}</arg>
<arg>result_format=%Y-%m-%dT%H:%M:%SZ</arg>
<doc>Converts between supported `date formats`.</doc>
<msg timestamp="20230703 13:57:40.198" level="INFO">${From_Date} = 2023-07-01T00:00:00Z</msg>
<status status="PASS" starttime="20230703 13:57:40.198" endtime="20230703 13:57:40.198"/>
</kw>
<kw name="Get Cell Value" library="RPA.Excel.Files">
<var>${To_Date}</var>
<arg>3</arg>
<arg>3</arg>
<doc>Get a cell value in the given worksheet.</doc>
<msg timestamp="20230703 13:57:40.198" level="INFO">${To_Date} = 2023-07-03 00:00:00</msg>
<status status="PASS" starttime="20230703 13:57:40.198" endtime="20230703 13:57:40.198"/>
</kw>
<kw name="Convert Date" library="DateTime">
<var>${To_Date}</var>
<arg>${To_Date}</arg>
<arg>result_format=%Y-%m-%dT%H:%M:%SZ</arg>
<doc>Converts between supported `date formats`.</doc>
<msg timestamp="20230703 13:57:40.199" level="INFO">${To_Date} = 2023-07-03T00:00:00Z</msg>
<status status="PASS" starttime="20230703 13:57:40.198" endtime="20230703 13:57:40.199"/>
</kw>
<kw name="Read Worksheet As Table" library="RPA.Excel.Files">
<var>${exceldata}</var>
<arg>header=True</arg>
<arg>start=5</arg>
<arg>trim=${True}</arg>
<doc>Read the contents of a worksheet into a Table container. Allows
sorting/filtering/manipulating using the ``RPA.Tables`` library.</doc>
<msg timestamp="20230703 13:57:40.200" level="INFO">Created table: Table(columns=['Transaction ID', 'Transaction date', 'Reference No.', 'Details', 'Debit', 'Credit', 'STATUS'], rows=2)</msg>
<msg timestamp="20230703 13:57:40.200" level="INFO">${exceldata} = Table(columns=['Transaction ID', 'Transaction date', 'Reference No.', 'Details', 'Debit', 'Credit', 'STATUS'], rows=2)</msg>
<status status="PASS" starttime="20230703 13:57:40.199" endtime="20230703 13:57:40.200"/>
</kw>
<kw name="Save Workbook" library="RPA.Excel.Files">
<doc>Save the active workbook.</doc>
<status status="PASS" starttime="20230703 13:57:40.200" endtime="20230703 13:57:40.206"/>
</kw>
<msg timestamp="20230703 13:57:40.206" level="INFO">${excelinfo} = Table(columns=['Transaction ID', 'Transaction date', 'Reference No.', 'Details', 'Debit', 'Credit', 'STATUS'], rows=2)</msg>
<msg timestamp="20230703 13:57:40.206" level="INFO">${exceld} = 161012</msg>
<msg timestamp="20230703 13:57:40.206" level="INFO">${From_Date} = 2023-07-01T00:00:00Z</msg>
<msg timestamp="20230703 13:57:40.206" level="INFO">${To_Date} = 2023-07-03T00:00:00Z</msg>
<status status="PASS" starttime="20230703 13:57:40.188" endtime="20230703 13:57:40.206"/>
</kw>
<kw name="second page">
<arg>${excelinfo}</arg>
<arg>${exceld}</arg>
<arg>${From_Date}</arg>
<arg>${To_Date}</arg>
<kw name="Create List" library="BuiltIn">
<var>${linidlist}</var>
<doc>Returns a list containing given items.</doc>
<msg timestamp="20230703 13:57:40.207" level="INFO">${linidlist} = []</msg>
<status status="PASS" starttime="20230703 13:57:40.207" endtime="20230703 13:57:40.207"/>
</kw>
<kw name="Create List" library="BuiltIn">
<var>${Refnolist}</var>
<doc>Returns a list containing given items.</doc>
<msg timestamp="20230703 13:57:40.207" level="INFO">${Refnolist} = []</msg>
<status status="PASS" starttime="20230703 13:57:40.207" endtime="20230703 13:57:40.207"/>
</kw>
<kw name="Create List" library="BuiltIn">
<var>${Excel_Debitlist}</var>
<doc>Returns a list containing given items.</doc>
<msg timestamp="20230703 13:57:40.208" level="INFO">${Excel_Debitlist} = []</msg>
<status status="PASS" starttime="20230703 13:57:40.207" endtime="20230703 13:57:40.208"/>
</kw>
<kw name="Create List" library="BuiltIn">
<var>${Excel_Creditlist}</var>
<doc>Returns a list containing given items.</doc>
<msg timestamp="20230703 13:57:40.208" level="INFO">${Excel_Creditlist} = []</msg>
<status status="PASS" starttime="20230703 13:57:40.208" endtime="20230703 13:57:40.208"/>
</kw>
<kw name="Create List" library="BuiltIn">
<var>${sequencelist}</var>
<doc>Returns a list containing given items.</doc>
<msg timestamp="20230703 13:57:40.208" level="INFO">${sequencelist} = []</msg>
<status status="PASS" starttime="20230703 13:57:40.208" endtime="20230703 13:57:40.208"/>
</kw>
<kw name="Create List" library="BuiltIn">
<var>${TransIDlist}</var>
<doc>Returns a list containing given items.</doc>
<msg timestamp="20230703 13:57:40.208" level="INFO">${TransIDlist} = []</msg>
<status status="PASS" starttime="20230703 13:57:40.208" endtime="20230703 13:57:40.208"/>
</kw>
<kw name="Create List" library="BuiltIn">
<var>${Transdatelist}</var>
<doc>Returns a list containing given items.</doc>
<msg timestamp="20230703 13:57:40.208" level="INFO">${Transdatelist} = []</msg>
<status status="PASS" starttime="20230703 13:57:40.208" endtime="20230703 13:57:40.208"/>
</kw>
<kw name="Create List" library="BuiltIn">
<var>${Detailslist}</var>
<doc>Returns a list containing given items.</doc>
<msg timestamp="20230703 13:57:40.209" level="INFO">${Detailslist} = []</msg>
<status status="PASS" starttime="20230703 13:57:40.209" endtime="20230703 13:57:40.209"/>
</kw>
<kw name="Create List" library="BuiltIn">
<var>${RecNumberlist}</var>
<doc>Returns a list containing given items.</doc>
<msg timestamp="20230703 13:57:40.209" level="INFO">${RecNumberlist} = []</msg>
<status status="PASS" starttime="20230703 13:57:40.209" endtime="20230703 13:57:40.209"/>
</kw>
<kw name="Create Dictionary" library="BuiltIn">
<var>${get_reconciled_data}</var>
<doc>Creates and returns a dictionary based on the given ``items``.</doc>
<msg timestamp="20230703 13:57:40.209" level="INFO">${get_reconciled_data} = {}</msg>
<status status="PASS" starttime="20230703 13:57:40.209" endtime="20230703 13:57:40.209"/>
</kw>
<kw name="Create Dictionary" library="BuiltIn">
<var>${headers}</var>
<arg>Content-Type=application/json</arg>
<doc>Creates and returns a dictionary based on the given ``items``.</doc>
<msg timestamp="20230703 13:57:40.210" level="INFO">${headers} = {'Content-Type': 'application/json'}</msg>
<status status="PASS" starttime="20230703 13:57:40.209" endtime="20230703 13:57:40.210"/>
</kw>
<for flavor="IN">
<var>${data}</var>
<value>@{exceld}</value>
<iter>
<var name="${data}">{'Transaction ID': 25545, 'Transaction date': datetime.datetime(2023, 7, 3, 0, 0), 'Reference No.': 2034, 'Details': 'Incoming Payment', 'Debit': None, 'Credit': 18720, 'STATUS': None}</var>
<kw name="Set Variable" library="BuiltIn">
<var>${Excel_TransID}</var>
<arg>${data}[Transaction ID]</arg>
<doc>Returns the given values which can then be assigned to a variables.</doc>
<msg timestamp="20230703 13:57:40.210" level="INFO">${Excel_TransID} = 25545</msg>
<status status="PASS" starttime="20230703 13:57:40.210" endtime="20230703 13:57:40.210"/>
</kw>
<kw name="Set Variable" library="BuiltIn">
<var>${Excel_Debit}</var>
<arg>${data}[Debit]</arg>
<doc>Returns the given values which can then be assigned to a variables.</doc>
<msg timestamp="20230703 13:57:40.211" level="INFO">${Excel_Debit} = None</msg>
<status status="PASS" starttime="20230703 13:57:40.210" endtime="20230703 13:57:40.211"/>
</kw>
<kw name="Set Variable" library="BuiltIn">
<var>${Excel_Credit}</var>
<arg>${data}[Credit]</arg>
<doc>Returns the given values which can then be assigned to a variables.</doc>
<msg timestamp="20230703 13:57:40.211" level="INFO">${Excel_Credit} = 18720</msg>
<status status="PASS" starttime="20230703 13:57:40.211" endtime="20230703 13:57:40.211"/>
</kw>
<kw name="Set Variable" library="BuiltIn">
<var>${Excel_Details}</var>
<arg>${data}[Details]</arg>
<doc>Returns the given values which can then be assigned to a variables.</doc>
<msg timestamp="20230703 13:57:40.211" level="INFO">${Excel_Details} = Incoming Payment</msg>
<status status="PASS" starttime="20230703 13:57:40.211" endtime="20230703 13:57:40.211"/>
</kw>
<kw name="Set Variable" library="BuiltIn">
<var>${exTransID}</var>
<arg>${data}[Transaction ID]</arg>
<doc>Returns the given values which can then be assigned to a variables.</doc>
<msg timestamp="20230703 13:57:40.211" level="INFO">${exTransID} = 25545</msg>
<status status="PASS" starttime="20230703 13:57:40.211" endtime="20230703 13:57:40.211"/>
</kw>
<kw name="Run Keyword If" library="BuiltIn">
<var>${exTransID}</var>
<arg>'${exTransID}' == 'None'</arg>
<arg>Set Variable</arg>
<arg>0</arg>
<arg>ELSE</arg>
<arg>Set Variable</arg>
<arg>${exTransID}</arg>
<doc>Runs the given keyword with the given arguments, if ``condition`` is true.</doc>
<kw name="Set Variable" library="BuiltIn">
<arg>${exTransID}</arg>
<doc>Returns the given values which can then be assigned to a variables.</doc>
<status status="PASS" starttime="20230703 13:57:40.212" endtime="20230703 13:57:40.212"/>
</kw>
<msg timestamp="20230703 13:57:40.212" level="INFO">${exTransID} = 25545</msg>
<status status="PASS" starttime="20230703 13:57:40.211" endtime="20230703 13:57:40.212"/>
</kw>
<kw name="Set Variable" library="BuiltIn">
<var>${exTransdate}</var>
<arg>${data}[Transaction date]</arg>
<doc>Returns the given values which can then be assigned to a variables.</doc>
<msg timestamp="20230703 13:57:40.212" level="INFO">${exTransdate} = 2023-07-03 00:00:00</msg>
<status status="PASS" starttime="20230703 13:57:40.212" endtime="20230703 13:57:40.212"/>
</kw>
<kw name="Convert Date" library="DateTime">
<var>${exTransdate}</var>
<arg>${exTransdate}</arg>
<arg>result_format=%Y-%m-%dT%H:%M:%SZ</arg>
<doc>Converts between supported `date formats`.</doc>
<msg timestamp="20230703 13:57:40.213" level="INFO">${exTransdate} = 2023-07-03T00:00:00Z</msg>
<status status="PASS" starttime="20230703 13:57:40.212" endtime="20230703 13:57:40.213"/>
</kw>
<kw name="Set Variable" library="BuiltIn">
<var>${exRefno}</var>
<arg>${data}[Reference No.]</arg>
<doc>Returns the given values which can then be assigned to a variables.</doc>
<msg timestamp="20230703 13:57:40.213" level="INFO">${exRefno} = 2034</msg>
<status status="PASS" starttime="20230703 13:57:40.213" endtime="20230703 13:57:40.213"/>
</kw>
<kw name="Run Keyword If" library="BuiltIn">
<var>${exRefno}</var>
<arg>'${exRefno}' == 'None'</arg>
<arg>Set Variable</arg>
<arg>0</arg>
<arg>ELSE</arg>
<arg>Set Variable</arg>
<arg>${exRefno}</arg>
<doc>Runs the given keyword with the given arguments, if ``condition`` is true.</doc>
<kw name="Set Variable" library="BuiltIn">
<arg>${exRefno}</arg>
<doc>Returns the given values which can then be assigned to a variables.</doc>
<status status="PASS" starttime="20230703 13:57:40.213" endtime="20230703 13:57:40.213"/>
</kw>
<msg timestamp="20230703 13:57:40.213" level="INFO">${exRefno} = 2034</msg>
<status status="PASS" starttime="20230703 13:57:40.213" endtime="20230703 13:57:40.213"/>
</kw>
<kw name="Set Variable" library="BuiltIn">
<var>${exDetails}</var>
<arg>${data}[Details]</arg>
<doc>Returns the given values which can then be assigned to a variables.</doc>
<msg timestamp="20230703 13:57:40.214" level="INFO">${exDetails} = Incoming Payment</msg>
<status status="PASS" starttime="20230703 13:57:40.214" endtime="20230703 13:57:40.214"/>
</kw>
<kw name="Run Keyword If" library="BuiltIn">
<var>${exDetails}</var>
<arg>'${exDetails}' == 'None'</arg>
<arg>Set Variable</arg>
<arg>0</arg>
<arg>ELSE</arg>
<arg>Set Variable</arg>
<arg>${exDetails}</arg>
<doc>Runs the given keyword with the given arguments, if ``condition`` is true.</doc>
<kw name="Set Variable" library="BuiltIn">
<arg>${exDetails}</arg>
<doc>Returns the given values which can then be assigned to a variables.</doc>
<status status="PASS" starttime="20230703 13:57:40.214" endtime="20230703 13:57:40.214"/>
</kw>
<msg timestamp="20230703 13:57:40.214" level="INFO">${exDetails} = Incoming Payment</msg>
<status status="PASS" starttime="20230703 13:57:40.214" endtime="20230703 13:57:40.214"/>
</kw>
<kw name="Set Variable" library="BuiltIn">
<var>${exDebit}</var>
<arg>${data}[Debit]</arg>
<doc>Returns the given values which can then be assigned to a variables.</doc>
<msg timestamp="20230703 13:57:40.214" level="INFO">${exDebit} = None</msg>
<status status="PASS" starttime="20230703 13:57:40.214" endtime="20230703 13:57:40.215"/>
</kw>
<kw name="Run Keyword If" library="BuiltIn">
<var>${exDebit}</var>
<arg>'${exDebit}' == 'None'</arg>
<arg>Set Variable</arg>
<arg>0</arg>
<arg>ELSE</arg>
<arg>Set Variable</arg>
<arg>${exDebit}</arg>
<doc>Runs the given keyword with the given arguments, if ``condition`` is true.</doc>
<kw name="Set Variable" library="BuiltIn">
<arg>0</arg>
<doc>Returns the given values which can then be assigned to a variables.</doc>
<status status="PASS" starttime="20230703 13:57:40.215" endtime="20230703 13:57:40.215"/>
</kw>
<msg timestamp="20230703 13:57:40.215" level="INFO">${exDebit} = 0</msg>
<status status="PASS" starttime="20230703 13:57:40.215" endtime="20230703 13:57:40.215"/>
</kw>
<kw name="Set Variable" library="BuiltIn">
<var>${exCredit}</var>
<arg>${data}[Credit]</arg>
<doc>Returns the given values which can then be assigned to a variables.</doc>
<msg timestamp="20230703 13:57:40.215" level="INFO">${exCredit} = 18720</msg>
<status status="PASS" starttime="20230703 13:57:40.215" endtime="20230703 13:57:40.215"/>
</kw>
<kw name="Run Keyword If" library="BuiltIn">
<var>${exCredit}</var>
<arg>'${exCredit}' == 'None'</arg>
<arg>Set Variable</arg>
<arg>0</arg>
<arg>ELSE</arg>
<arg>Set Variable</arg>
<arg>${exCredit}</arg>
<doc>Runs the given keyword with the given arguments, if ``condition`` is true.</doc>
<kw name="Set Variable" library="BuiltIn">
<arg>${exCredit}</arg>
<doc>Returns the given values which can then be assigned to a variables.</doc>
<status status="PASS" starttime="20230703 13:57:40.216" endtime="20230703 13:57:40.216"/>
</kw>
<msg timestamp="20230703 13:57:40.216" level="INFO">${exCredit} = 18720</msg>
<status status="PASS" starttime="20230703 13:57:40.215" endtime="20230703 13:57:40.216"/>
</kw>
<kw name="Append To List" library="Collections">
<arg>${TransIDlist}</arg>
<arg>${exTransID}</arg>
<doc>Adds ``values`` to the end of ``list``.</doc>
<status status="PASS" starttime="20230703 13:57:40.216" endtime="20230703 13:57:40.216"/>
</kw>
<kw name="Append To List" library="Collections">
<arg>${Transdatelist}</arg>
<arg>${exTransdate}</arg>
<doc>Adds ``values`` to the end of ``list``.</doc>
<status status="PASS" starttime="20230703 13:57:40.216" endtime="20230703 13:57:40.216"/>
</kw>
<kw name="Append To List" library="Collections">
<arg>${Refnolist}</arg>
<arg>${exRefno}</arg>
<doc>Adds ``values`` to the end of ``list``.</doc>
<status status="PASS" starttime="20230703 13:57:40.216" endtime="20230703 13:57:40.217"/>
</kw>
<kw name="Append To List" library="Collections">
<arg>${Excel_Debitlist}</arg>
<arg>${exDebit}</arg>
<doc>Adds ``values`` to the end of ``list``.</doc>
<status status="PASS" starttime="20230703 13:57:40.217" endtime="20230703 13:57:40.217"/>
</kw>
<kw name="Append To List" library="Collections">
<arg>${Excel_Creditlist}</arg>
<arg>${exCredit}</arg>
<doc>Adds ``values`` to the end of ``list``.</doc>
<status status="PASS" starttime="20230703 13:57:40.217" endtime="20230703 13:57:40.217"/>
</kw>
<kw name="Append To List" library="Collections">
<arg>${Detailslist}</arg>
<arg>${exDetails}</arg>
<doc>Adds ``values`` to the end of ``list``.</doc>
<status status="PASS" starttime="20230703 13:57:40.217" endtime="20230703 13:57:40.217"/>
</kw>
<status status="PASS" starttime="20230703 13:57:40.210" endtime="20230703 13:57:40.217"/>
</iter>
<iter>
<var name="${data}">{'Transaction ID': 25546, 'Transaction date': datetime.datetime(2023, 7, 3, 0, 0), 'Reference No.': None, 'Details': 'Bank Charge', 'Debit': 500, 'Credit': None, 'STATUS': 'Reconciliation Success'}</var>
<kw name="Set Variable" library="BuiltIn">
<var>${Excel_TransID}</var>
<arg>${data}[Transaction ID]</arg>
<doc>Returns the given values which can then be assigned to a variables.</doc>
<msg timestamp="20230703 13:57:40.218" level="INFO">${Excel_TransID} = 25546</msg>
<status status="PASS" starttime="20230703 13:57:40.218" endtime="20230703 13:57:40.218"/>
</kw>
<kw name="Set Variable" library="BuiltIn">
<var>${Excel_Debit}</var>
<arg>${data}[Debit]</arg>
<doc>Returns the given values which can then be assigned to a variables.</doc>
<msg timestamp="20230703 13:57:40.218" level="INFO">${Excel_Debit} = 500</msg>
<status status="PASS" starttime="20230703 13:57:40.218" endtime="20230703 13:57:40.218"/>
</kw>
<kw name="Set Variable" library="BuiltIn">
<var>${Excel_Credit}</var>
<arg>${data}[Credit]</arg>
<doc>Returns the given values which can then be assigned to a variables.</doc>
<msg timestamp="20230703 13:57:40.218" level="INFO">${Excel_Credit} = None</msg>
<status status="PASS" starttime="20230703 13:57:40.218" endtime="20230703 13:57:40.218"/>
</kw>
<kw name="Set Variable" library="BuiltIn">
<var>${Excel_Details}</var>
<arg>${data}[Details]</arg>
<doc>Returns the given values which can then be assigned to a variables.</doc>
<msg timestamp="20230703 13:57:40.219" level="INFO">${Excel_Details} = Bank Charge</msg>
<status status="PASS" starttime="20230703 13:57:40.218" endtime="20230703 13:57:40.219"/>
</kw>
<kw name="Set Variable" library="BuiltIn">
<var>${exTransID}</var>
<arg>${data}[Transaction ID]</arg>
<doc>Returns the given values which can then be assigned to a variables.</doc>
<msg timestamp="20230703 13:57:40.219" level="INFO">${exTransID} = 25546</msg>
<status status="PASS" starttime="20230703 13:57:40.219" endtime="20230703 13:57:40.219"/>
</kw>
<kw name="Run Keyword If" library="BuiltIn">
<var>${exTransID}</var>
<arg>'${exTransID}' == 'None'</arg>
<arg>Set Variable</arg>
<arg>0</arg>
<arg>ELSE</arg>
<arg>Set Variable</arg>
<arg>${exTransID}</arg>
<doc>Runs the given keyword with the given arguments, if ``condition`` is true.</doc>
<kw name="Set Variable" library="BuiltIn">
<arg>${exTransID}</arg>
<doc>Returns the given values which can then be assigned to a variables.</doc>
<status status="PASS" starttime="20230703 13:57:40.219" endtime="20230703 13:57:40.219"/>
</kw>
<msg timestamp="20230703 13:57:40.219" level="INFO">${exTransID} = 25546</msg>
<status status="PASS" starttime="20230703 13:57:40.219" endtime="20230703 13:57:40.219"/>
</kw>
<kw name="Set Variable" library="BuiltIn">
<var>${exTransdate}</var>
<arg>${data}[Transaction date]</arg>
<doc>Returns the given values which can then be assigned to a variables.</doc>
<msg timestamp="20230703 13:57:40.220" level="INFO">${exTransdate} = 2023-07-03 00:00:00</msg>
<status status="PASS" starttime="20230703 13:57:40.219" endtime="20230703 13:57:40.220"/>
</kw>
<kw name="Convert Date" library="DateTime">
<var>${exTransdate}</var>
<arg>${exTransdate}</arg>
<arg>result_format=%Y-%m-%dT%H:%M:%SZ</arg>
<doc>Converts between supported `date formats`.</doc>
<msg timestamp="20230703 13:57:40.220" level="INFO">${exTransdate} = 2023-07-03T00:00:00Z</msg>
<status status="PASS" starttime="20230703 13:57:40.220" endtime="20230703 13:57:40.220"/>
</kw>
<kw name="Set Variable" library="BuiltIn">
<var>${exRefno}</var>
<arg>${data}[Reference No.]</arg>
<doc>Returns the given values which can then be assigned to a variables.</doc>
<msg timestamp="20230703 13:57:40.220" level="INFO">${exRefno} = None</msg>
<status status="PASS" starttime="20230703 13:57:40.220" endtime="20230703 13:57:40.220"/>
</kw>
<kw name="Run Keyword If" library="BuiltIn">
<var>${exRefno}</var>
<arg>'${exRefno}' == 'None'</arg>
<arg>Set Variable</arg>
<arg>0</arg>
<arg>ELSE</arg>
<arg>Set Variable</arg>
<arg>${exRefno}</arg>
<doc>Runs the given keyword with the given arguments, if ``condition`` is true.</doc>
<kw name="Set Variable" library="BuiltIn">
<arg>0</arg>
<doc>Returns the given values which can then be assigned to a variables.</doc>
<status status="PASS" starttime="20230703 13:57:40.221" endtime="20230703 13:57:40.221"/>
</kw>
<msg timestamp="20230703 13:57:40.221" level="INFO">${exRefno} = 0</msg>
<status status="PASS" starttime="20230703 13:57:40.220" endtime="20230703 13:57:40.221"/>
</kw>
<kw name="Set Variable" library="BuiltIn">
<var>${exDetails}</var>
<arg>${data}[Details]</arg>
<doc>Returns the given values which can then be assigned to a variables.</doc>
<msg timestamp="20230703 13:57:40.221" level="INFO">${exDetails} = Bank Charge</msg>
<status status="PASS" starttime="20230703 13:57:40.221" endtime="20230703 13:57:40.221"/>
</kw>
<kw name="Run Keyword If" library="BuiltIn">
<var>${exDetails}</var>
<arg>'${exDetails}' == 'None'</arg>
<arg>Set Variable</arg>
<arg>0</arg>
<arg>ELSE</arg>
<arg>Set Variable</arg>
<arg>${exDetails}</arg>
<doc>Runs the given keyword with the given arguments, if ``condition`` is true.</doc>
<kw name="Set Variable" library="BuiltIn">
<arg>${exDetails}</arg>
<doc>Returns the given values which can then be assigned to a variables.</doc>
<status status="PASS" starttime="20230703 13:57:40.221" endtime="20230703 13:57:40.222"/>
</kw>
<msg timestamp="20230703 13:57:40.222" level="INFO">${exDetails} = Bank Charge</msg>
<status status="PASS" starttime="20230703 13:57:40.221" endtime="20230703 13:57:40.222"/>
</kw>
<kw name="Set Variable" library="BuiltIn">
<var>${exDebit}</var>
<arg>${data}[Debit]</arg>
<doc>Returns the given values which can then be assigned to a variables.</doc>
<msg timestamp="20230703 13:57:40.222" level="INFO">${exDebit} = 500</msg>
<status status="PASS" starttime="20230703 13:57:40.222" endtime="20230703 13:57:40.222"/>
</kw>
<kw name="Run Keyword If" library="BuiltIn">
<var>${exDebit}</var>
<arg>'${exDebit}' == 'None'</arg>
<arg>Set Variable</arg>
<arg>0</arg>
<arg>ELSE</arg>
<arg>Set Variable</arg>
<arg>${exDebit}</arg>
<doc>Runs the given keyword with the given arguments, if ``condition`` is true.</doc>
<kw name="Set Variable" library="BuiltIn">
<arg>${exDebit}</arg>
<doc>Returns the given values which can then be assigned to a variables.</doc>
<status status="PASS" starttime="20230703 13:57:40.222" endtime="20230703 13:57:40.222"/>
</kw>
<msg timestamp="20230703 13:57:40.223" level="INFO">${exDebit} = 500</msg>
<status status="PASS" starttime="20230703 13:57:40.222" endtime="20230703 13:57:40.223"/>
</kw>
<kw name="Set Variable" library="BuiltIn">
<var>${exCredit}</var>
<arg>${data}[Credit]</arg>
<doc>Returns the given values which can then be assigned to a variables.</doc>
<msg timestamp="20230703 13:57:40.223" level="INFO">${exCredit} = None</msg>
<status status="PASS" starttime="20230703 13:57:40.223" endtime="20230703 13:57:40.223"/>
</kw>
<kw name="Run Keyword If" library="BuiltIn">
<var>${exCredit}</var>
<arg>'${exCredit}' == 'None'</arg>
<arg>Set Variable</arg>
<arg>0</arg>
<arg>ELSE</arg>
<arg>Set Variable</arg>
<arg>${exCredit}</arg>
<doc>Runs the given keyword with the given arguments, if ``condition`` is true.</doc>
<kw name="Set Variable" library="BuiltIn">
<arg>0</arg>
<doc>Returns the given values which can then be assigned to a variables.</doc>
<status status="PASS" starttime="20230703 13:57:40.223" endtime="20230703 13:57:40.223"/>
</kw>
<msg timestamp="20230703 13:57:40.223" level="INFO">${exCredit} = 0</msg>
<status status="PASS" starttime="20230703 13:57:40.223" endtime="20230703 13:57:40.223"/>
</kw>
<kw name="Append To List" library="Collections">
<arg>${TransIDlist}</arg>
<arg>${exTransID}</arg>
<doc>Adds ``values`` to the end of ``list``.</doc>
<status status="PASS" starttime="20230703 13:57:40.224" endtime="20230703 13:57:40.224"/>
</kw>
<kw name="Append To List" library="Collections">
<arg>${Transdatelist}</arg>
<arg>${exTransdate}</arg>
<doc>Adds ``values`` to the end of ``list``.</doc>
<status status="PASS" starttime="20230703 13:57:40.224" endtime="20230703 13:57:40.224"/>
</kw>
<kw name="Append To List" library="Collections">
<arg>${Refnolist}</arg>
<arg>${exRefno}</arg>
<doc>Adds ``values`` to the end of ``list``.</doc>
<status status="PASS" starttime="20230703 13:57:40.224" endtime="20230703 13:57:40.224"/>
</kw>
<kw name="Append To List" library="Collections">
<arg>${Excel_Debitlist}</arg>
<arg>${exDebit}</arg>
<doc>Adds ``values`` to the end of ``list``.</doc>
<status status="PASS" starttime="20230703 13:57:40.224" endtime="20230703 13:57:40.225"/>
</kw>
<kw name="Append To List" library="Collections">
<arg>${Excel_Creditlist}</arg>
<arg>${exCredit}</arg>
<doc>Adds ``values`` to the end of ``list``.</doc>
<status status="PASS" starttime="20230703 13:57:40.225" endtime="20230703 13:57:40.225"/>
</kw>
<kw name="Append To List" library="Collections">
<arg>${Detailslist}</arg>
<arg>${exDetails}</arg>
<doc>Adds ``values`` to the end of ``list``.</doc>
<status status="PASS" starttime="20230703 13:57:40.225" endtime="20230703 13:57:40.225"/>
</kw>
<status status="PASS" starttime="20230703 13:57:40.218" endtime="20230703 13:57:40.225"/>
</iter>
<status status="PASS" starttime="20230703 13:57:40.210" endtime="20230703 13:57:40.225"/>
</for>
<kw name="Log To Console" library="BuiltIn">
<arg>\nTransID list From Excel : ${TransIDlist}</arg>
<doc>Logs the given message to the console.</doc>
<status status="PASS" starttime="20230703 13:57:40.225" endtime="20230703 13:57:40.225"/>
</kw>
<kw name="Log To Console" library="BuiltIn">
<arg>Transdatelist Excel : ${Transdatelist}</arg>
<doc>Logs the given message to the console.</doc>
<status status="PASS" starttime="20230703 13:57:40.225" endtime="20230703 13:57:40.226"/>
</kw>
<kw name="Log To Console" library="BuiltIn">
<arg>Excel_Debitlist : ${Excel_Debitlist}\n</arg>
<doc>Logs the given message to the console.</doc>
<status status="PASS" starttime="20230703 13:57:40.226" endtime="20230703 13:57:40.226"/>
</kw>
<kw name="Log To Console" library="BuiltIn">
<arg>Excel_Creditlist : ${Excel_Creditlist}\n</arg>
<doc>Logs the given message to the console.</doc>
<status status="PASS" starttime="20230703 13:57:40.226" endtime="20230703 13:57:40.226"/>
</kw>
<kw name="Create List" library="BuiltIn">
<var>${debitlist_without_zeros}</var>
<doc>Returns a list containing given items.</doc>
<msg timestamp="20230703 13:57:40.226" level="INFO">${debitlist_without_zeros} = []</msg>
<status status="PASS" starttime="20230703 13:57:40.226" endtime="20230703 13:57:40.226"/>
</kw>
<for flavor="IN">
<var>${debit}</var>
<value>@{Excel_Debitlist}</value>
<iter>
<var name="${debit}">0</var>
<kw name="Convert To Number" library="BuiltIn">
<var>${debit}</var>
<arg>${debit}</arg>
<doc>Converts the given item to a floating point number.</doc>
<msg timestamp="20230703 13:57:40.227" level="INFO">${debit} = 0.0</msg>
<status status="PASS" starttime="20230703 13:57:40.227" endtime="20230703 13:57:40.227"/>
</kw>
<kw name="Run Keyword If" library="BuiltIn">
<arg>'${debit}' != '0.0'</arg>
<arg>Append To List</arg>
<arg>${debitlist_without_zeros}</arg>
<arg>${debit}</arg>
<doc>Runs the given keyword with the given arguments, if ``condition`` is true.</doc>
<status status="PASS" starttime="20230703 13:57:40.227" endtime="20230703 13:57:40.227"/>
</kw>
<status status="PASS" starttime="20230703 13:57:40.227" endtime="20230703 13:57:40.227"/>
</iter>
<iter>
<var name="${debit}">500</var>
<kw name="Convert To Number" library="BuiltIn">
<var>${debit}</var>
<arg>${debit}</arg>
<doc>Converts the given item to a floating point number.</doc>
<msg timestamp="20230703 13:57:40.227" level="INFO">${debit} = 500.0</msg>
<status status="PASS" starttime="20230703 13:57:40.227" endtime="20230703 13:57:40.228"/>
</kw>
<kw name="Run Keyword If" library="BuiltIn">
<arg>'${debit}' != '0.0'</arg>
<arg>Append To List</arg>
<arg>${debitlist_without_zeros}</arg>
<arg>${debit}</arg>
<doc>Runs the given keyword with the given arguments, if ``condition`` is true.</doc>
<kw name="Append To List" library="Collections">
<arg>${debitlist_without_zeros}</arg>
<arg>${debit}</arg>
<doc>Adds ``values`` to the end of ``list``.</doc>
<status status="PASS" starttime="20230703 13:57:40.228" endtime="20230703 13:57:40.228"/>
</kw>
<status status="PASS" starttime="20230703 13:57:40.228" endtime="20230703 13:57:40.228"/>
</kw>
<status status="PASS" starttime="20230703 13:57:40.227" endtime="20230703 13:57:40.228"/>
</iter>
<status status="PASS" starttime="20230703 13:57:40.226" endtime="20230703 13:57:40.228"/>
</for>
<kw name="Create List" library="BuiltIn">
<var>${creditlist_without_zeros}</var>
<doc>Returns a list containing given items.</doc>
<msg timestamp="20230703 13:57:40.228" level="INFO">${creditlist_without_zeros} = []</msg>
<status status="PASS" starttime="20230703 13:57:40.228" endtime="20230703 13:57:40.228"/>
</kw>
<for flavor="IN">
<var>${credit}</var>
<value>@{Excel_Creditlist}</value>
<iter>
<var name="${credit}">18720</var>
<kw name="Convert To Number" library="BuiltIn">
<var>${credit}</var>
<arg>${credit}</arg>
<doc>Converts the given item to a floating point number.</doc>
<msg timestamp="20230703 13:57:40.229" level="INFO">${credit} = 18720.0</msg>
<status status="PASS" starttime="20230703 13:57:40.228" endtime="20230703 13:57:40.229"/>
</kw>
<kw name="Run Keyword If" library="BuiltIn">
<arg>'${credit}' != '0.0'</arg>
<arg>Append To List</arg>
<arg>${creditlist_without_zeros}</arg>
<arg>${credit}</arg>
<doc>Runs the given keyword with the given arguments, if ``condition`` is true.</doc>
<kw name="Append To List" library="Collections">
<arg>${creditlist_without_zeros}</arg>
<arg>${credit}</arg>
<doc>Adds ``values`` to the end of ``list``.</doc>
<status status="PASS" starttime="20230703 13:57:40.229" endtime="20230703 13:57:40.229"/>
</kw>
<status status="PASS" starttime="20230703 13:57:40.229" endtime="20230703 13:57:40.229"/>
</kw>
<status status="PASS" starttime="20230703 13:57:40.228" endtime="20230703 13:57:40.229"/>
</iter>
<iter>
<var name="${credit}">0</var>
<kw name="Convert To Number" library="BuiltIn">
<var>${credit}</var>
<arg>${credit}</arg>
<doc>Converts the given item to a floating point number.</doc>
<msg timestamp="20230703 13:57:40.230" level="INFO">${credit} = 0.0</msg>
<status status="PASS" starttime="20230703 13:57:40.229" endtime="20230703 13:57:40.230"/>
</kw>
<kw name="Run Keyword If" library="BuiltIn">
<arg>'${credit}' != '0.0'</arg>
<arg>Append To List</arg>
<arg>${creditlist_without_zeros}</arg>
<arg>${credit}</arg>
<doc>Runs the given keyword with the given arguments, if ``condition`` is true.</doc>
<status status="PASS" starttime="20230703 13:57:40.230" endtime="20230703 13:57:40.230"/>
</kw>
<status status="PASS" starttime="20230703 13:57:40.229" endtime="20230703 13:57:40.230"/>
</iter>
<status status="PASS" starttime="20230703 13:57:40.228" endtime="20230703 13:57:40.230"/>
</for>
<kw name="Evaluate" library="BuiltIn">
<var>${len_of_excel_credits}</var>
<arg>len(${creditlist_without_zeros})</arg>
<doc>Evaluates the given expression in Python and returns the result.</doc>
<msg timestamp="20230703 13:57:40.230" level="INFO">${len_of_excel_credits} = 1</msg>
<status status="PASS" starttime="20230703 13:57:40.230" endtime="20230703 13:57:40.230"/>
</kw>
<kw name="Evaluate" library="BuiltIn">
<var>${len_of_excel_debits}</var>
<arg>len(${debitlist_without_zeros})</arg>
<doc>Evaluates the given expression in Python and returns the result.</doc>
<msg timestamp="20230703 13:57:40.230" level="INFO">${len_of_excel_debits} = 1</msg>
<status status="PASS" starttime="20230703 13:57:40.230" endtime="20230703 13:57:40.231"/>
</kw>
<kw name="Log To Console" library="BuiltIn">
<arg>Excel_Debitlist without zeros: ${debitlist_without_zeros}</arg>
<doc>Logs the given message to the console.</doc>
<status status="PASS" starttime="20230703 13:57:40.231" endtime="20230703 13:57:40.231"/>
</kw>
<kw name="Log To Console" library="BuiltIn">
<arg>Excel_Creditlist without zeros: ${creditlist_without_zeros}</arg>
<doc>Logs the given message to the console.</doc>
<status status="PASS" starttime="20230703 13:57:40.231" endtime="20230703 13:57:40.231"/>
</kw>
<kw name="Evaluate" library="BuiltIn">
<var>${len_of_excel_debits}</var>
<arg>len(${TransIDlist})</arg>
<doc>Evaluates the given expression in Python and returns the result.</doc>
<msg timestamp="20230703 13:57:40.231" level="INFO">${len_of_excel_debits} = 2</msg>
<status status="PASS" starttime="20230703 13:57:40.231" endtime="20230703 13:57:40.231"/>
</kw>
<kw name="Log To Console" library="BuiltIn">
<arg>Excel_TransIdsLength: ${len_of_excel_debits}</arg>
<doc>Logs the given message to the console.</doc>
<status status="PASS" starttime="20230703 13:57:40.231" endtime="20230703 13:57:40.232"/>
</kw>
<kw name="Create List" library="BuiltIn">
<var>${Excel_transaction_details_list}</var>
<doc>Returns a list containing given items.</doc>
<msg timestamp="20230703 13:57:40.232" level="INFO">${Excel_transaction_details_list} = []</msg>
<status status="PASS" starttime="20230703 13:57:40.232" endtime="20230703 13:57:40.232"/>
</kw>
<for flavor="IN RANGE">
<var>${idx}</var>
<value>${len_of_excel_debits}</value>
<iter>
<var name="${idx}">0</var>
<kw name="Set Variable" library="BuiltIn">
<var>${trans_exId}</var>
<arg>${TransIDlist[${idx}]}</arg>
<doc>Returns the given values which can then be assigned to a variables.</doc>
<msg timestamp="20230703 13:57:40.233" level="INFO">${trans_exId} = 25545</msg>
<status status="PASS" starttime="20230703 13:57:40.232" endtime="20230703 13:57:40.233"/>
</kw>
<kw name="Set Variable" library="BuiltIn">
<var>${trans_exDate}</var>
<arg>${Transdatelist[${idx}]}</arg>
<doc>Returns the given values which can then be assigned to a variables.</doc>
<msg timestamp="20230703 13:57:40.234" level="INFO">${trans_exDate} = 2023-07-03T00:00:00Z</msg>
<status status="PASS" starttime="20230703 13:57:40.233" endtime="20230703 13:57:40.234"/>
</kw>
<kw name="Set Variable" library="BuiltIn">
<var>${trans_exRefNo}</var>
<arg>${Refnolist[${idx}]}</arg>
<doc>Returns the given values which can then be assigned to a variables.</doc>
<msg timestamp="20230703 13:57:40.234" level="INFO">${trans_exRefNo} = 2034</msg>
<status status="PASS" starttime="20230703 13:57:40.234" endtime="20230703 13:57:40.235"/>
</kw>
<kw name="Set Variable" library="BuiltIn">
<var>${trans_exDetails}</var>
<arg>${Detailslist[${idx}]}</arg>
<doc>Returns the given values which can then be assigned to a variables.</doc>
<msg timestamp="20230703 13:57:40.235" level="INFO">${trans_exDetails} = Incoming Payment</msg>
<status status="PASS" starttime="20230703 13:57:40.235" endtime="20230703 13:57:40.235"/>
</kw>
<kw name="Set Variable" library="BuiltIn">
<var>${trans_exDr}</var>
<arg>${Excel_Debitlist[${idx}]}</arg>
<doc>Returns the given values which can then be assigned to a variables.</doc>
<msg timestamp="20230703 13:57:40.236" level="INFO">${trans_exDr} = 0</msg>
<status status="PASS" starttime="20230703 13:57:40.235" endtime="20230703 13:57:40.236"/>
</kw>
<kw name="Convert To Number" library="BuiltIn">
<var>${trans_exDr}</var>
<arg>${trans_exDr}</arg>
<doc>Converts the given item to a floating point number.</doc>
<msg timestamp="20230703 13:57:40.236" level="INFO">${trans_exDr} = 0.0</msg>
<status status="PASS" starttime="20230703 13:57:40.236" endtime="20230703 13:57:40.236"/>
</kw>
<kw name="Set Variable" library="BuiltIn">
<var>${trans_exCr}</var>
<arg>${Excel_Creditlist[${idx}]}</arg>
<doc>Returns the given values which can then be assigned to a variables.</doc>
<msg timestamp="20230703 13:57:40.237" level="INFO">${trans_exCr} = 18720</msg>
<status status="PASS" starttime="20230703 13:57:40.237" endtime="20230703 13:57:40.237"/>
</kw>
<kw name="Convert To Number" library="BuiltIn">
<var>${trans_exCr}</var>
<arg>${trans_exCr}</arg>
<doc>Converts the given item to a floating point number.</doc>
<msg timestamp="20230703 13:57:40.238" level="INFO">${trans_exCr} = 18720.0</msg>
<status status="PASS" starttime="20230703 13:57:40.237" endtime="20230703 13:57:40.238"/>
</kw>
<kw name="Create Dictionary" library="BuiltIn">
<var>${ExcelTransactionDetails}</var>
<doc>Creates and returns a dictionary based on the given ``items``.</doc>
<msg timestamp="20230703 13:57:40.238" level="INFO">${ExcelTransactionDetails} = {}</msg>
<status status="PASS" starttime="20230703 13:57:40.238" endtime="20230703 13:57:40.238"/>
</kw>
<kw name="Set To Dictionary" library="Collections">
<arg>${ExcelTransactionDetails}</arg>
<arg>TransID</arg>
<arg>${trans_exId}</arg>
<doc>Adds the given ``key_value_pairs`` and ``items`` to the ``dictionary``.</doc>
<status status="PASS" starttime="20230703 13:57:40.238" endtime="20230703 13:57:40.238"/>
</kw>
<kw name="Set To Dictionary" library="Collections">
<arg>${ExcelTransactionDetails}</arg>
<arg>Date</arg>
<arg>${trans_exDate}</arg>
<doc>Adds the given ``key_value_pairs`` and ``items`` to the ``dictionary``.</doc>
<status status="PASS" starttime="20230703 13:57:40.238" endtime="20230703 13:57:40.238"/>
</kw>
<kw name="Set To Dictionary" library="Collections">
<arg>${ExcelTransactionDetails}</arg>
<arg>RefNo</arg>
<arg>${trans_exRefNo}</arg>
<doc>Adds the given ``key_value_pairs`` and ``items`` to the ``dictionary``.</doc>
<status status="PASS" starttime="20230703 13:57:40.239" endtime="20230703 13:57:40.239"/>
</kw>
<kw name="Set To Dictionary" library="Collections">
<arg>${ExcelTransactionDetails}</arg>
<arg>Details</arg>
<arg>${trans_exDetails}</arg>
<doc>Adds the given ``key_value_pairs`` and ``items`` to the ``dictionary``.</doc>
<status status="PASS" starttime="20230703 13:57:40.239" endtime="20230703 13:57:40.239"/>
</kw>
<kw name="Set To Dictionary" library="Collections">
<arg>${ExcelTransactionDetails}</arg>
<arg>Credit</arg>
<arg>${trans_exCr}</arg>
<doc>Adds the given ``key_value_pairs`` and ``items`` to the ``dictionary``.</doc>
<status status="PASS" starttime="20230703 13:57:40.239" endtime="20230703 13:57:40.239"/>
</kw>
<kw name="Set To Dictionary" library="Collections">
<arg>${ExcelTransactionDetails}</arg>
<arg>Debit</arg>
<arg>${trans_exDr}</arg>
<doc>Adds the given ``key_value_pairs`` and ``items`` to the ``dictionary``.</doc>
<status status="PASS" starttime="20230703 13:57:40.239" endtime="20230703 13:57:40.240"/>
</kw>
<kw name="Append To List" library="Collections">
<arg>${Excel_transaction_details_list}</arg>
<arg>${ExcelTransactionDetails}</arg>
<doc>Adds ``values`` to the end of ``list``.</doc>
<status status="PASS" starttime="20230703 13:57:40.240" endtime="20230703 13:57:40.240"/>
</kw>
<status status="PASS" starttime="20230703 13:57:40.232" endtime="20230703 13:57:40.240"/>
</iter>
<iter>
<var name="${idx}">1</var>
<kw name="Set Variable" library="BuiltIn">
<var>${trans_exId}</var>
<arg>${TransIDlist[${idx}]}</arg>
<doc>Returns the given values which can then be assigned to a variables.</doc>
<msg timestamp="20230703 13:57:40.241" level="INFO">${trans_exId} = 25546</msg>
<status status="PASS" starttime="20230703 13:57:40.240" endtime="20230703 13:57:40.241"/>
</kw>
<kw name="Set Variable" library="BuiltIn">
<var>${trans_exDate}</var>
<arg>${Transdatelist[${idx}]}</arg>
<doc>Returns the given values which can then be assigned to a variables.</doc>
<msg timestamp="20230703 13:57:40.242" level="INFO">${trans_exDate} = 2023-07-03T00:00:00Z</msg>
<status status="PASS" starttime="20230703 13:57:40.241" endtime="20230703 13:57:40.242"/>
</kw>
<kw name="Set Variable" library="BuiltIn">
<var>${trans_exRefNo}</var>
<arg>${Refnolist[${idx}]}</arg>
<doc>Returns the given values which can then be assigned to a variables.</doc>
<msg timestamp="20230703 13:57:40.243" level="INFO">${trans_exRefNo} = 0</msg>
<status status="PASS" starttime="20230703 13:57:40.242" endtime="20230703 13:57:40.243"/>
</kw>
<kw name="Set Variable" library="BuiltIn">
<var>${trans_exDetails}</var>
<arg>${Detailslist[${idx}]}</arg>
<doc>Returns the given values which can then be assigned to a variables.</doc>
<msg timestamp="20230703 13:57:40.243" level="INFO">${trans_exDetails} = Bank Charge</msg>
<status status="PASS" starttime="20230703 13:57:40.243" endtime="20230703 13:57:40.243"/>
</kw>
<kw name="Set Variable" library="BuiltIn">
<var>${trans_exDr}</var>
<arg>${Excel_Debitlist[${idx}]}</arg>
<doc>Returns the given values which can then be assigned to a variables.</doc>
<msg timestamp="20230703 13:57:40.244" level="INFO">${trans_exDr} = 500</msg>
<status status="PASS" starttime="20230703 13:57:40.243" endtime="20230703 13:57:40.244"/>
</kw>
<kw name="Convert To Number" library="BuiltIn">
<var>${trans_exDr}</var>
<arg>${trans_exDr}</arg>
<doc>Converts the given item to a floating point number.</doc>
<msg timestamp="20230703 13:57:40.244" level="INFO">${trans_exDr} = 500.0</msg>
<status status="PASS" starttime="20230703 13:57:40.244" endtime="20230703 13:57:40.244"/>
</kw>
<kw name="Set Variable" library="BuiltIn">
<var>${trans_exCr}</var>
<arg>${Excel_Creditlist[${idx}]}</arg>
<doc>Returns the given values which can then be assigned to a variables.</doc>
<msg timestamp="20230703 13:57:40.245" level="INFO">${trans_exCr} = 0</msg>
<status status="PASS" starttime="20230703 13:57:40.245" endtime="20230703 13:57:40.245"/>
</kw>
<kw name="Convert To Number" library="BuiltIn">
<var>${trans_exCr}</var>
<arg>${trans_exCr}</arg>
<doc>Converts the given item to a floating point number.</doc>
<msg timestamp="20230703 13:57:40.246" level="INFO">${trans_exCr} = 0.0</msg>
<status status="PASS" starttime="20230703 13:57:40.245" endtime="20230703 13:57:40.246"/>
</kw>
<kw name="Create Dictionary" library="BuiltIn">
<var>${ExcelTransactionDetails}</var>
<doc>Creates and returns a dictionary based on the given ``items``.</doc>
<msg timestamp="20230703 13:57:40.246" level="INFO">${ExcelTransactionDetails} = {}</msg>
<status status="PASS" starttime="20230703 13:57:40.246" endtime="20230703 13:57:40.246"/>
</kw>
<kw name="Set To Dictionary" library="Collections">
<arg>${ExcelTransactionDetails}</arg>
<arg>TransID</arg>
<arg>${trans_exId}</arg>
<doc>Adds the given ``key_value_pairs`` and ``items`` to the ``dictionary``.</doc>
<status status="PASS" starttime="20230703 13:57:40.246" endtime="20230703 13:57:40.246"/>
</kw>
<kw name="Set To Dictionary" library="Collections">
<arg>${ExcelTransactionDetails}</arg>
<arg>Date</arg>
<arg>${trans_exDate}</arg>
<doc>Adds the given ``key_value_pairs`` and ``items`` to the ``dictionary``.</doc>
<status status="PASS" starttime="20230703 13:57:40.246" endtime="20230703 13:57:40.246"/>
</kw>
<kw name="Set To Dictionary" library="Collections">
<arg>${ExcelTransactionDetails}</arg>
<arg>RefNo</arg>
<arg>${trans_exRefNo}</arg>
<doc>Adds the given ``key_value_pairs`` and ``items`` to the ``dictionary``.</doc>
<status status="PASS" starttime="20230703 13:57:40.246" endtime="20230703 13:57:40.247"/>
</kw>
<kw name="Set To Dictionary" library="Collections">
<arg>${ExcelTransactionDetails}</arg>
<arg>Details</arg>
<arg>${trans_exDetails}</arg>
<doc>Adds the given ``key_value_pairs`` and ``items`` to the ``dictionary``.</doc>
<status status="PASS" starttime="20230703 13:57:40.247" endtime="20230703 13:57:40.247"/>
</kw>
<kw name="Set To Dictionary" library="Collections">
<arg>${ExcelTransactionDetails}</arg>
<arg>Credit</arg>
<arg>${trans_exCr}</arg>
<doc>Adds the given ``key_value_pairs`` and ``items`` to the ``dictionary``.</doc>
<status status="PASS" starttime="20230703 13:57:40.247" endtime="20230703 13:57:40.247"/>
</kw>
<kw name="Set To Dictionary" library="Collections">
<arg>${ExcelTransactionDetails}</arg>
<arg>Debit</arg>
<arg>${trans_exDr}</arg>
<doc>Adds the given ``key_value_pairs`` and ``items`` to the ``dictionary``.</doc>
<status status="PASS" starttime="20230703 13:57:40.247" endtime="20230703 13:57:40.247"/>
</kw>
<kw name="Append To List" library="Collections">
<arg>${Excel_transaction_details_list}</arg>
<arg>${ExcelTransactionDetails}</arg>
<doc>Adds ``values`` to the end of ``list``.</doc>
<status status="PASS" starttime="20230703 13:57:40.248" endtime="20230703 13:57:40.248"/>
</kw>
<status status="PASS" starttime="20230703 13:57:40.240" endtime="20230703 13:57:40.248"/>
</iter>
<status status="PASS" starttime="20230703 13:57:40.232" endtime="20230703 13:57:40.248"/>
</for>
<kw name="Get Request" library="RequestsLibrary">
<var>${customer_response}</var>
<arg>${sessionname}</arg>
<arg>${base_url}/JournalEntries?$filter=DueDate ge '${From_Date}' and DueDate le '${To_Date}'</arg>
<doc>*DEPRECATED* Please use `GET On Session` instead.</doc>
<msg timestamp="20230703 13:57:40.248" level="WARN">Keyword 'RequestsLibrary.Get Request' is deprecated. Please use `GET On Session` instead.</msg>
<msg timestamp="20230703 13:57:42.145" level="INFO">GET Request : url=http://116.74.253.177:50001/b1s/v1/JournalEntries?$filter=DueDate%20ge%20'2023-07-01T00:00:00Z'%20and%20DueDate%20le%20'2023-07-03T00:00:00Z' 
 path_url=/b1s/v1/JournalEntries?$filter=DueDate%20ge%20'2023-07-01T00:00:00Z'%20and%20DueDate%20le%20'2023-07-03T00:00:00Z' 
 headers={'User-Agent': 'python-requests/2.30.0', 'Accept-Encoding': 'gzip, deflate', 'Accept': '*/*', 'Connection': 'keep-alive', 'Authorization': 'Basic eyJDb21wYW55REIiOiAiU0JPRGVtb0lOIiwiVXNlck5hbWUiOiAiZmF2YXMifTpUZXN0QDEyMw=='} 
 body=None 
 </msg>
<msg timestamp="20230703 13:57:42.146" level="INFO">GET Response : url=http://116.74.253.177:50001/b1s/v1/JournalEntries?$filter=DueDate%20ge%20'2023-07-01T00:00:00Z'%20and%20DueDate%20le%20'2023-07-03T00:00:00Z' 
 status=200, reason=OK 
 headers={'Date': 'Mon, 03 Jul 2023 13:57:40 GMT', 'Server': 'Apache', 'Set-Cookie': 'B1SESSION=931981a6-19a9-11ee-8000-40b0341f3228;HttpOnly;', 'DataServiceVersion': '3.0', 'Keep-Alive': 'timeout=5, max=100', 'Connection': 'Keep-Alive', 'Transfer-Encoding': 'chunked', 'Content-Type': 'application/json;odata=minimalmetadata;charset=utf-8'} 
 body={
   "odata.metadata" : "http://116.74.253.177:50001/b1s/v1/$metadata#JournalEntries",
   "value" : [
      {
         "ReferenceDate" : "2023-07-03T00:00:00Z",
         "Memo" : "A/R Invoices - CUST001",
         "Reference" : "322",
         "Reference2" : "",
         "TransactionCode" : null,
         "ProjectCode" : null,
         "TaxDate" : "2023-07-03T00:00:00Z",
         "JdtNum" : 2875,
         "Indicator" : null,
         "UseAutoStorno" : "tNO",
         "StornoDate" : null,
         "VatDate" : null,
         "Series" : 14,
         "StampTax" : "tNO",
         "DueDate" : "2023-07-03T00:00:00Z",
         "AutoVAT" : "tNO",
         "Number" : 2875,
         "FolioNumber" : null,
         "FolioPrefixString" : null,
         "ReportEU" : "tNO",
         "Report347" : "tNO",
         "Printed" : "psNo",
         "LocationCode" : null,
         "OriginalJournal" : "ttARInvoice",
         "Original" : 322,
         "BaseReference" : "322",
         "BlockDunningLetter" : "tNO",
         "AutomaticWT" : "tNO",
         "WTSum" : 0.0,
         "WTSumSC" : 0.0,
         "WTSumFC" : 0.0,
         "SignatureInputMessage" : null,
         "SignatureDigest" : null,
         "CertificationNumber" : null,
         "PrivateKeyVersion" : null,
         "Corisptivi" : "tNO",
         "Reference3" : null,
         "DocumentType" : null,
         "DeferredTax" : "tNO",
         "BlanketAgreementNumber" : null,
         "OperationCode" : null,
         "ResidenceNumberType" : "rntSpanishFiscalID",
         "ECDPostingType" : "ecdNormal",
         "ExposedTransNumber" : null,
         "PointOfIssueCode" : null,
         "Letter" : null,
         "FolioNumberFrom" : null,
         "FolioNumberTo" : null,
         "IsCostCenterTransfer" : "tNO",
         "ReportingSectionControlStatementVAT" : null,
         "ExcludeFromTaxReportControlStatementVAT" : "tNO",
         "SAPPassport" : null,
         "Cig" : null,
         "Cup" : null,
         "AdjustTransaction" : "tNO",
         "AttachmentEntry" : null,
         "JournalEntryLines" : [
            {
               "Line_ID" : 0,
               "AccountCode" : "140000",
               "Debit" : 18720.0,
               "Credit" : 0.0,
               "FCDebit" : 0.0,
               "FCCredit" : 0.0,
               "FCCurrency" : null,
               "DueDate" : "2023-07-03T00:00:00Z",
               "ShortName" : "CUST001",
               "ContraAccount" : "400000",
               "LineMemo" : "A/R Invoices - CUST001",
               "ReferenceDate1" : "2023-07-03T00:00:00Z",
               "ReferenceDate2" : null,
               "Reference1" : "322",
               "Reference2" : "",
               "ProjectCode" : null,
               "CostingCode" : null,
               "TaxDate" : "2023-07-03T00:00:00Z",
               "BaseSum" : 0.0,
               "TaxGroup" : null,
               "DebitSys" : 18720.0,
               "CreditSys" : 0.0,
               "VatDate" : null,
               "VatLine" : "tNO",
               "SystemBaseAmount" : 0.0,
               "VatAmount" : 0.0,
               "SystemVatAmount" : 0.0,
               "GrossValue" : 0.0,
               "AdditionalReference" : "1",
               "CheckAbs" : null,
               "CostingCode2" : null,
               "CostingCode3" : null,
               "CostingCode4" : null,
               "TaxCode" : null,
               "TaxPostAccount" : "tpa_Default",
               "CostingCode5" : null,
               "LocationCode" : null,
               "ControlAccount" : "140000",
               "EqualizationTaxAmount" : 0.0,
               "SystemEqualizationTaxAmount" : 0.0,
               "TotalTax" : 0.0,
               "SystemTotalTax" : 0.0,
               "WTLiable" : "tNO",
               "WTRow" : "tNO",
               "PaymentBlock" : "tNO",
               "BlockReason" : null,
               "FederalTaxID" : null,
               "BPLID" : null,
               "BPLName" : null,
               "VATRegNum" : null,
               "PaymentOrdered" : "tNO",
               "ExposedTransNumber" : null,
               "DocumentArray" : 0,
               "DocumentLine" : -1,
               "CostElementCode" : null,
               "Cig" : null,
               "Cup" : null,
               "IncomeClassificationCategory" : null,
               "IncomeClassificationType" : null,
               "ExpensesClassificationCategory" : null,
               "ExpensesClassificationType" : null,
               "VATClassificationCategory" : null,
               "VATClassificationType" : null,
               "VATExemptionCause" : null,
               "CashFlowAssignments" : []
            },
            {
               "Line_ID" : 1,
               "AccountCode" : "207130",
               "Debit" : 0.0,
               "Credit" : 720.0,
               "FCDebit" : 0.0,
               "FCCredit" : 0.0,
               "FCCurrency" : null,
               "DueDate" : "2023-07-03T00:00:00Z",
               "ShortName" : "207130",
               "ContraAccount" : "CUST001",
               "LineMemo" : "A/R Invoices - CUST001",
               "ReferenceDate1" : "2023-07-03T00:00:00Z",
               "ReferenceDate2" : null,
               "Reference1" : "322",
               "Reference2" : "",
               "ProjectCode" : null,
               "CostingCode" : "",
               "TaxDate" : "2023-07-03T00:00:00Z",
               "BaseSum" : 0.0,
               "TaxGroup" : null,
               "DebitSys" : 0.0,
               "CreditSys" : 720.0,
               "VatDate" : null,
               "VatLine" : "tNO",
               "SystemBaseAmount" : 0.0,
               "VatAmount" : 0.0,
               "SystemVatAmount" : 0.0,
               "GrossValue" : 0.0,
               "AdditionalReference" : "",
               "CheckAbs" : null,
               "CostingCode2" : "",
               "CostingCode3" : "",
               "CostingCode4" : "",
               "TaxCode" : null,
               "TaxPostAccount" : "tpa_Default",
               "CostingCode5" : "",
               "LocationCode" : 1,
               "ControlAccount" : "207130",
               "EqualizationTaxAmount" : 0.0,
               "SystemEqualizationTaxAmount" : 0.0,
               "TotalTax" : 0.0,
               "SystemTotalTax" : 0.0,
               "WTLiable" : "tNO",
               "WTRow" : "tNO",
               "PaymentBlock" : "tNO",
               "BlockReason" : null,
               "FederalTaxID" : null,
               "BPLID" : null,
               "BPLName" : null,
               "VATRegNum" : null,
               "PaymentOrdered" : "tNO",
               "ExposedTransNumber" : null,
               "DocumentArray" : 0,
               "DocumentLine" : -1,
               "CostElementCode" : null,
               "Cig" : null,
               "Cup" : null,
               "IncomeClassificationCategory" : null,
               "IncomeClassificationType" : null,
               "ExpensesClassificationCategory" : null,
               "ExpensesClassificationType" : null,
               "VATClassificationCategory" : null,
               "VATClassificationType" : null,
               "VATExemptionCause" : null,
               "CashFlowAssignments" : []
            },
            {
               "Line_ID" : 2,
               "AccountCode" : "400000",
               "Debit" : 0.0,
               "Credit" : 18000.0,
               "FCDebit" : 0.0,
               "FCCredit" : 0.0,
               "FCCurrency" : null,
               "DueDate" : "2023-07-03T00:00:00Z",
               "ShortName" : "400000",
               "ContraAccount" : "CUST001",
               "LineMemo" : "A/R Invoices - CUST001",
               "ReferenceDate1" : "2023-07-03T00:00:00Z",
               "ReferenceDate2" : null,
               "Reference1" : "322",
               "Reference2" : "",
               "ProjectCode" : null,
               "CostingCode" : "",
               "TaxDate" : "2023-07-03T00:00:00Z",
               "BaseSum" : 0.0,
               "TaxGroup" : null,
               "DebitSys" : 0.0,
               "CreditSys" : 18000.0,
               "VatDate" : null,
               "VatLine" : "tNO",
               "SystemBaseAmount" : 0.0,
               "VatAmount" : 0.0,
               "SystemVatAmount" : 0.0,
               "GrossValue" : 0.0,
               "AdditionalReference" : "",
               "CheckAbs" : null,
               "CostingCode2" : "",
               "CostingCode3" : "",
               "CostingCode4" : "",
               "TaxCode" : null,
               "TaxPostAccount" : "tpa_Default",
               "CostingCode5" : "",
               "LocationCode" : null,
               "ControlAccount" : "400000",
               "EqualizationTaxAmount" : 0.0,
               "SystemEqualizationTaxAmount" : 0.0,
               "TotalTax" : 0.0,
               "SystemTotalTax" : 0.0,
               "WTLiable" : "tNO",
               "WTRow" : "tNO",
               "PaymentBlock" : "tNO",
               "BlockReason" : null,
               "FederalTaxID" : null,
               "BPLID" : null,
               "BPLName" : null,
               "VATRegNum" : null,
               "PaymentOrdered" : "tNO",
               "ExposedTransNumber" : null,
               "DocumentArray" : 0,
               "DocumentLine" : -1,
               "CostElementCode" : null,
               "Cig" : null,
               "Cup" : null,
               "IncomeClassificationCategory" : null,
               "IncomeClassificationType" : null,
               "ExpensesClassificationCategory" : null,
               "ExpensesClassificationType" : null,
               "VATClassificationCategory" : null,
               "VATClassificationType" : null,
               "VATExemptionCause" : null,
               "CashFlowAssignments" : []
            },
            {
               "Line_ID" : 3,
               "AccountCode" : "130000",
               "Debit" : 0.0,
               "Credit" : 15344.740,
               "FCD... (set the log level to DEBUG or TRACE to see the full content) 
 </msg>
<msg timestamp="20230703 13:57:42.146" level="INFO">${customer_response} = &lt;Response [200]&gt;</msg>
<status status="PASS" starttime="20230703 13:57:40.248" endtime="20230703 13:57:42.146"/>
</kw>
<if>
<branch type="IF" condition="${customer_response.status_code} == 200">
<kw name="Set Variable" library="BuiltIn">
<var>${Journal_filter_data}</var>
<arg>${customer_response.json()}</arg>
<doc>Returns the given values which can then be assigned to a variables.</doc>
<msg timestamp="20230703 13:57:42.148" level="INFO">${Journal_filter_data} = {'odata.metadata': 'http://116.74.253.177:50001/b1s/v1/$metadata#JournalEntries', 'value': [{'ReferenceDate': '2023-07-03T00:00:00Z', 'Memo': 'A/R Invoices - CUST001', 'Reference': '322', 'Reference2'...</msg>
<status status="PASS" starttime="20230703 13:57:42.147" endtime="20230703 13:57:42.148"/>
</kw>
<kw name="Create List" library="BuiltIn">
<var>${line_ids}</var>
<doc>Returns a list containing given items.</doc>
<msg timestamp="20230703 13:57:42.149" level="INFO">${line_ids} = []</msg>
<status status="PASS" starttime="20230703 13:57:42.149" endtime="20230703 13:57:42.149"/>
</kw>
<kw name="Create List" library="BuiltIn">
<var>${account_codes}</var>
<doc>Returns a list containing given items.</doc>
<msg timestamp="20230703 13:57:42.149" level="INFO">${account_codes} = []</msg>
<status status="PASS" starttime="20230703 13:57:42.149" endtime="20230703 13:57:42.149"/>
</kw>
<kw name="Create List" library="BuiltIn">
<var>${credits}</var>
<doc>Returns a list containing given items.</doc>
<msg timestamp="20230703 13:57:42.149" level="INFO">${credits} = []</msg>
<status status="PASS" starttime="20230703 13:57:42.149" endtime="20230703 13:57:42.149"/>
</kw>
<kw name="Create List" library="BuiltIn">
<var>${debits}</var>
<doc>Returns a list containing given items.</doc>
<msg timestamp="20230703 13:57:42.149" level="INFO">${debits} = []</msg>
<status status="PASS" starttime="20230703 13:57:42.149" endtime="20230703 13:57:42.149"/>
</kw>
<kw name="Create List" library="BuiltIn">
<var>${amounts}</var>
<doc>Returns a list containing given items.</doc>
<msg timestamp="20230703 13:57:42.150" level="INFO">${amounts} = []</msg>
<status status="PASS" starttime="20230703 13:57:42.149" endtime="20230703 13:57:42.150"/>
</kw>
<kw name="Create List" library="BuiltIn">
<var>${Trans_Ids}</var>
<doc>Returns a list containing given items.</doc>
<msg timestamp="20230703 13:57:42.150" level="INFO">${Trans_Ids} = []</msg>
<status status="PASS" starttime="20230703 13:57:42.150" endtime="20230703 13:57:42.150"/>
</kw>
<kw name="Create List" library="BuiltIn">
<var>${JLine_DatesList}</var>
<doc>Returns a list containing given items.</doc>
<msg timestamp="20230703 13:57:42.150" level="INFO">${JLine_DatesList} = []</msg>
<status status="PASS" starttime="20230703 13:57:42.150" endtime="20230703 13:57:42.150"/>
</kw>
<kw name="Create Dictionary" library="BuiltIn">
<var>${sorted_dict}</var>
<doc>Creates and returns a dictionary based on the given ``items``.</doc>
<msg timestamp="20230703 13:57:42.150" level="INFO">${sorted_dict} = {}</msg>
<status status="PASS" starttime="20230703 13:57:42.150" endtime="20230703 13:57:42.150"/>
</kw>
<kw name="Create Dictionary" library="BuiltIn">
<var>${filtered_data}</var>
<doc>Creates and returns a dictionary based on the given ``items``.</doc>
<msg timestamp="20230703 13:57:42.151" level="INFO">${filtered_data} = {}</msg>
<status status="PASS" starttime="20230703 13:57:42.150" endtime="20230703 13:57:42.151"/>
</kw>
<for flavor="IN">
<var>${entry}</var>
<value>@{Journal_filter_data['value']}</value>
<iter>
<var name="${entry}">{'ReferenceDate': '2023-07-03T00:00:00Z', 'Memo': 'A/R Invoices - CUST001', 'Reference': '322', 'Reference2': '', 'TransactionCode': None, 'ProjectCode': None, 'TaxDate': '2023-07-03T00:00:00Z', 'JdtN...</var>
<for flavor="IN">
<var>${journal_line}</var>
<value>@{entry['JournalEntryLines']}</value>
<iter>
<var name="${journal_line}">{'Line_ID': 0, 'AccountCode': '140000', 'Debit': 18720.0, 'Credit': 0.0, 'FCDebit': 0.0, 'FCCredit': 0.0, 'FCCurrency': None, 'DueDate': '2023-07-03T00:00:00Z', 'ShortName': 'CUST001', 'ContraAccount'...</var>
<for flavor="IN">
<var>${key}</var>
<var>${value}</var>
<value>&amp;{journal_line}</value>
<iter>
<var name="${key}">Line_ID</var>
<var name="${value}">0</var>
<kw name="Set To Dictionary" library="Collections">
<arg>${sorted_dict}</arg>
<arg>${key}</arg>
<arg>${value}</arg>
<doc>Adds the given ``key_value_pairs`` and ``items`` to the ``dictionary``.</doc>
<status status="PASS" starttime="20230703 13:57:42.153" endtime="20230703 13:57:42.153"/>
</kw>
<status status="PASS" starttime="20230703 13:57:42.153" endtime="20230703 13:57:42.153"/>
</iter>
<iter>
<var name="${key}">AccountCode</var>
<var name="${value}">140000</var>
<kw name="Set To Dictionary" library="Collections">
<arg>${sorted_dict}</arg>
<arg>${key}</arg>
<arg>${value}</arg>
<doc>Adds the given ``key_value_pairs`` and ``items`` to the ``dictionary``.</doc>
<status status="PASS" starttime="20230703 13:57:42.153" endtime="20230703 13:57:42.153"/>
</kw>
<status status="PASS" starttime="20230703 13:57:42.153" endtime="20230703 13:57:42.153"/>
</iter>
<iter>
<var name="${key}">Debit</var>
<var name="${value}">18720.0</var>
<kw name="Set To Dictionary" library="Collections">
<arg>${sorted_dict}</arg>
<arg>${key}</arg>
<arg>${value}</arg>
<doc>Adds the given ``key_value_pairs`` and ``items`` to the ``dictionary``.</doc>
<status status="PASS" starttime="20230703 13:57:42.153" endtime="20230703 13:57:42.154"/>
</kw>
<status status="PASS" starttime="20230703 13:57:42.153" endtime="20230703 13:57:42.154"/>
</iter>
<iter>
<var name="${key}">Credit</var>
<var name="${value}">0.0</var>
<kw name="Set To Dictionary" library="Collections">
<arg>${sorted_dict}</arg>
<arg>${key}</arg>
<arg>${value}</arg>
<doc>Adds the given ``key_value_pairs`` and ``items`` to the ``dictionary``.</doc>
<status status="PASS" starttime="20230703 13:57:42.154" endtime="20230703 13:57:42.154"/>
</kw>
<status status="PASS" starttime="20230703 13:57:42.154" endtime="20230703 13:57:42.154"/>
</iter>
<iter>
<var name="${key}">FCDebit</var>
<var name="${value}">0.0</var>
<kw name="Set To Dictionary" library="Collections">
<arg>${sorted_dict}</arg>
<arg>${key}</arg>
<arg>${value}</arg>
<doc>Adds the given ``key_value_pairs`` and ``items`` to the ``dictionary``.</doc>
<status status="PASS" starttime="20230703 13:57:42.154" endtime="20230703 13:57:42.154"/>
</kw>
<status status="PASS" starttime="20230703 13:57:42.154" endtime="20230703 13:57:42.154"/>
</iter>
<iter>
<var name="${key}">FCCredit</var>
<var name="${value}">0.0</var>
<kw name="Set To Dictionary" library="Collections">
<arg>${sorted_dict}</arg>
<arg>${key}</arg>
<arg>${value}</arg>
<doc>Adds the given ``key_value_pairs`` and ``items`` to the ``dictionary``.</doc>
<status status="PASS" starttime="20230703 13:57:42.154" endtime="20230703 13:57:42.155"/>
</kw>
<status status="PASS" starttime="20230703 13:57:42.154" endtime="20230703 13:57:42.155"/>
</iter>
<iter>
<var name="${key}">FCCurrency</var>
<var name="${value}">None</var>
<kw name="Set To Dictionary" library="Collections">
<arg>${sorted_dict}</arg>
<arg>${key}</arg>
<arg>${value}</arg>
<doc>Adds the given ``key_value_pairs`` and ``items`` to the ``dictionary``.</doc>
<status status="PASS" starttime="20230703 13:57:42.155" endtime="20230703 13:57:42.155"/>
</kw>
<status status="PASS" starttime="20230703 13:57:42.155" endtime="20230703 13:57:42.155"/>
</iter>
<iter>
<var name="${key}">DueDate</var>
<var name="${value}">2023-07-03T00:00:00Z</var>
<kw name="Set To Dictionary" library="Collections">
<arg>${sorted_dict}</arg>
<arg>${key}</arg>
<arg>${value}</arg>
<doc>Adds the given ``key_value_pairs`` and ``items`` to the ``dictionary``.</doc>
<status status="PASS" starttime="20230703 13:57:42.155" endtime="20230703 13:57:42.156"/>
</kw>
<status status="PASS" starttime="20230703 13:57:42.155" endtime="20230703 13:57:42.156"/>
</iter>
<iter>
<var name="${key}">ShortName</var>
<var name="${value}">CUST001</var>
<kw name="Set To Dictionary" library="Collections">
<arg>${sorted_dict}</arg>
<arg>${key}</arg>
<arg>${value}</arg>
<doc>Adds the given ``key_value_pairs`` and ``items`` to the ``dictionary``.</doc>
<status status="PASS" starttime="20230703 13:57:42.156" endtime="20230703 13:57:42.156"/>
</kw>
<status status="PASS" starttime="20230703 13:57:42.156" endtime="20230703 13:57:42.156"/>
</iter>
<iter>
<var name="${key}">ContraAccount</var>
<var name="${value}">400000</var>
<kw name="Set To Dictionary" library="Collections">
<arg>${sorted_dict}</arg>
<arg>${key}</arg>
<arg>${value}</arg>
<doc>Adds the given ``key_value_pairs`` and ``items`` to the ``dictionary``.</doc>
<status status="PASS" starttime="20230703 13:57:42.156" endtime="20230703 13:57:42.157"/>
</kw>
<status status="PASS" starttime="20230703 13:57:42.156" endtime="20230703 13:57:42.157"/>
</iter>
<iter>
<var name="${key}">LineMemo</var>
<var name="${value}">A/R Invoices - CUST001</var>
<kw name="Set To Dictionary" library="Collections">
<arg>${sorted_dict}</arg>
<arg>${key}</arg>
<arg>${value}</arg>
<doc>Adds the given ``key_value_pairs`` and ``items`` to the ``dictionary``.</doc>
<status status="PASS" starttime="20230703 13:57:42.157" endtime="20230703 13:57:42.157"/>
</kw>
<status status="PASS" starttime="20230703 13:57:42.157" endtime="20230703 13:57:42.157"/>
</iter>
<iter>
<var name="${key}">ReferenceDate1</var>
<var name="${value}">2023-07-03T00:00:00Z</var>
<kw name="Set To Dictionary" library="Collections">
<arg>${sorted_dict}</arg>
<arg>${key}</arg>
<arg>${value}</arg>
<doc>Adds the given ``key_value_pairs`` and ``items`` to the ``dictionary``.</doc>
<status status="PASS" starttime="20230703 13:57:42.157" endtime="20230703 13:57:42.158"/>
</kw>
<status status="PASS" starttime="20230703 13:57:42.157" endtime="20230703 13:57:42.158"/>
</iter>
<iter>
<var name="${key}">ReferenceDate2</var>
<var name="${value}">None</var>
<kw name="Set To Dictionary" library="Collections">
<arg>${sorted_dict}</arg>
<arg>${key}</arg>
<arg>${value}</arg>
<doc>Adds the given ``key_value_pairs`` and ``items`` to the ``dictionary``.</doc>
<status status="PASS" starttime="20230703 13:57:42.158" endtime="20230703 13:57:42.158"/>
</kw>
<status status="PASS" starttime="20230703 13:57:42.158" endtime="20230703 13:57:42.158"/>
</iter>
<iter>
<var name="${key}">Reference1</var>
<var name="${value}">322</var>
<kw name="Set To Dictionary" library="Collections">
<arg>${sorted_dict}</arg>
<arg>${key}</arg>
<arg>${value}</arg>
<doc>Adds the given ``key_value_pairs`` and ``items`` to the ``dictionary``.</doc>
<status status="PASS" starttime="20230703 13:57:42.158" endtime="20230703 13:57:42.159"/>
</kw>
<status status="PASS" starttime="20230703 13:57:42.158" endtime="20230703 13:57:42.159"/>
</iter>
<iter>
<var name="${key}">Reference2</var>
<var name="${value}"/>
<kw name="Set To Dictionary" library="Collections">
<arg>${sorted_dict}</arg>
<arg>${key}</arg>
<arg>${value}</arg>
<doc>Adds the given ``key_value_pairs`` and ``items`` to the ``dictionary``.</doc>
<status status="PASS" starttime="20230703 13:57:42.159" endtime="20230703 13:57:42.159"/>
</kw>
<status status="PASS" starttime="20230703 13:57:42.159" endtime="20230703 13:57:42.159"/>
</iter>
<iter>
<var name="${key}">ProjectCode</var>
<var name="${value}">None</var>
<kw name="Set To Dictionary" library="Collections">
<arg>${sorted_dict}</arg>
<arg>${key}</arg>
<arg>${value}</arg>
<doc>Adds the given ``key_value_pairs`` and ``items`` to the ``dictionary``.</doc>
<status status="PASS" starttime="20230703 13:57:42.159" endtime="20230703 13:57:42.160"/>
</kw>
<status status="PASS" starttime="20230703 13:57:42.159" endtime="20230703 13:57:42.160"/>
</iter>
<iter>
<var name="${key}">CostingCode</var>
<var name="${value}">None</var>
<kw name="Set To Dictionary" library="Collections">
<arg>${sorted_dict}</arg>
<arg>${key}</arg>
<arg>${value}</arg>
<doc>Adds the given ``key_value_pairs`` and ``items`` to the ``dictionary``.</doc>
<status status="PASS" starttime="20230703 13:57:42.160" endtime="20230703 13:57:42.160"/>
</kw>
<status status="PASS" starttime="20230703 13:57:42.160" endtime="20230703 13:57:42.160"/>
</iter>
<iter>
<var name="${key}">TaxDate</var>
<var name="${value}">2023-07-03T00:00:00Z</var>
<kw name="Set To Dictionary" library="Collections">
<arg>${sorted_dict}</arg>
<arg>${key}</arg>
<arg>${value}</arg>
<doc>Adds the given ``key_value_pairs`` and ``items`` to the ``dictionary``.</doc>
<status status="PASS" starttime="20230703 13:57:42.160" endtime="20230703 13:57:42.160"/>
</kw>
<status status="PASS" starttime="20230703 13:57:42.160" endtime="20230703 13:57:42.160"/>
</iter>
<iter>
<var name="${key}">BaseSum</var>
<var name="${value}">0.0</var>
<kw name="Set To Dictionary" library="Collections">
<arg>${sorted_dict}</arg>
<arg>${key}</arg>
<arg>${value}</arg>
<doc>Adds the given ``key_value_pairs`` and ``items`` to the ``dictionary``.</doc>
<status status="PASS" starttime="20230703 13:57:42.161" endtime="20230703 13:57:42.161"/>
</kw>
<status status="PASS" starttime="20230703 13:57:42.161" endtime="20230703 13:57:42.161"/>
</iter>
<iter>
<var name="${key}">TaxGroup</var>
<var name="${value}">None</var>
<kw name="Set To Dictionary" library="Collections">
<arg>${sorted_dict}</arg>
<arg>${key}</arg>
<arg>${value}</arg>
<doc>Adds the given ``key_value_pairs`` and ``items`` to the ``dictionary``.</doc>
<status status="PASS" starttime="20230703 13:57:42.161" endtime="20230703 13:57:42.161"/>
</kw>
<status status="PASS" starttime="20230703 13:57:42.161" endtime="20230703 13:57:42.161"/>
</iter>
<iter>
<var name="${key}">DebitSys</var>
<var name="${value}">18720.0</var>
<kw name="Set To Dictionary" library="Collections">
<arg>${sorted_dict}</arg>
<arg>${key}</arg>
<arg>${value}</arg>
<doc>Adds the given ``key_value_pairs`` and ``items`` to the ``dictionary``.</doc>
<status status="PASS" starttime="20230703 13:57:42.161" endtime="20230703 13:57:42.162"/>
</kw>
<status status="PASS" starttime="20230703 13:57:42.161" endtime="20230703 13:57:42.162"/>
</iter>
<iter>
<var name="${key}">CreditSys</var>
<var name="${value}">0.0</var>
<kw name="Set To Dictionary" library="Collections">
<arg>${sorted_dict}</arg>
<arg>${key}</arg>
<arg>${value}</arg>
<doc>Adds the given ``key_value_pairs`` and ``items`` to the ``dictionary``.</doc>
<status status="PASS" starttime="20230703 13:57:42.162" endtime="20230703 13:57:42.162"/>
</kw>
<status status="PASS" starttime="20230703 13:57:42.162" endtime="20230703 13:57:42.162"/>
</iter>
<iter>
<var name="${key}">VatDate</var>
<var name="${value}">None</var>
<kw name="Set To Dictionary" library="Collections">
<arg>${sorted_dict}</arg>
<arg>${key}</arg>
<arg>${value}</arg>
<doc>Adds the given ``key_value_pairs`` and ``items`` to the ``dictionary``.</doc>
<status status="PASS" starttime="20230703 13:57:42.162" endtime="20230703 13:57:42.162"/>
</kw>
<status status="PASS" starttime="20230703 13:57:42.162" endtime="20230703 13:57:42.162"/>
</iter>
<iter>
<var name="${key}">VatLine</var>
<var name="${value}">tNO</var>
<kw name="Set To Dictionary" library="Collections">
<arg>${sorted_dict}</arg>
<arg>${key}</arg>
<arg>${value}</arg>
<doc>Adds the given ``key_value_pairs`` and ``items`` to the ``dictionary``.</doc>
<status status="PASS" starttime="20230703 13:57:42.162" endtime="20230703 13:57:42.163"/>
</kw>
<status status="PASS" starttime="20230703 13:57:42.162" endtime="20230703 13:57:42.163"/>
</iter>
<iter>
<var name="${key}">SystemBaseAmount</var>
<var name="${value}">0.0</var>
<kw name="Set To Dictionary" library="Collections">
<arg>${sorted_dict}</arg>
<arg>${key}</arg>
<arg>${value}</arg>
<doc>Adds the given ``key_value_pairs`` and ``items`` to the ``dictionary``.</doc>
<status status="PASS" starttime="20230703 13:57:42.163" endtime="20230703 13:57:42.163"/>
</kw>
<status status="PASS" starttime="20230703 13:57:42.163" endtime="20230703 13:57:42.163"/>
</iter>
<iter>
<var name="${key}">VatAmount</var>
<var name="${value}">0.0</var>
<kw name="Set To Dictionary" library="Collections">
<arg>${sorted_dict}</arg>
<arg>${key}</arg>
<arg>${value}</arg>
<doc>Adds the given ``key_value_pairs`` and ``items`` to the ``dictionary``.</doc>
<status status="PASS" starttime="20230703 13:57:42.163" endtime="20230703 13:57:42.163"/>
</kw>
<status status="PASS" starttime="20230703 13:57:42.163" endtime="20230703 13:57:42.163"/>
</iter>
<iter>
<var name="${key}">SystemVatAmount</var>
<var name="${value}">0.0</var>
<kw name="Set To Dictionary" library="Collections">
<arg>${sorted_dict}</arg>
<arg>${key}</arg>
<arg>${value}</arg>
<doc>Adds the given ``key_value_pairs`` and ``items`` to the ``dictionary``.</doc>
<status status="PASS" starttime="20230703 13:57:42.164" endtime="20230703 13:57:42.164"/>
</kw>
<status status="PASS" starttime="20230703 13:57:42.164" endtime="20230703 13:57:42.164"/>
</iter>
<iter>
<var name="${key}">GrossValue</var>
<var name="${value}">0.0</var>
<kw name="Set To Dictionary" library="Collections">
<arg>${sorted_dict}</arg>
<arg>${key}</arg>
<arg>${value}</arg>
<doc>Adds the given ``key_value_pairs`` and ``items`` to the ``dictionary``.</doc>
<status status="PASS" starttime="20230703 13:57:42.164" endtime="20230703 13:57:42.164"/>
</kw>
<status status="PASS" starttime="20230703 13:57:42.164" endtime="20230703 13:57:42.164"/>
</iter>
<iter>
<var name="${key}">AdditionalReference</var>
<var name="${value}">1</var>
<kw name="Set To Dictionary" library="Collections">
<arg>${sorted_dict}</arg>
<arg>${key}</arg>
<arg>${value}</arg>
<doc>Adds the given ``key_value_pairs`` and ``items`` to the ``dictionary``.</doc>
<status status="PASS" starttime="20230703 13:57:42.164" endtime="20230703 13:57:42.165"/>
</kw>
<status status="PASS" starttime="20230703 13:57:42.164" endtime="20230703 13:57:42.165"/>
</iter>
<iter>
<var name="${key}">CheckAbs</var>
<var name="${value}">None</var>
<kw name="Set To Dictionary" library="Collections">
<arg>${sorted_dict}</arg>
<arg>${key}</arg>
<arg>${value}</arg>
<doc>Adds the given ``key_value_pairs`` and ``items`` to the ``dictionary``.</doc>
<status status="PASS" starttime="20230703 13:57:42.165" endtime="20230703 13:57:42.165"/>
</kw>
<status status="PASS" starttime="20230703 13:57:42.165" endtime="20230703 13:57:42.165"/>
</iter>
<iter>
<var name="${key}">CostingCode2</var>
<var name="${value}">None</var>
<kw name="Set To Dictionary" library="Collections">
<arg>${sorted_dict}</arg>
<arg>${key}</arg>
<arg>${value}</arg>
<doc>Adds the given ``key_value_pairs`` and ``items`` to the ``dictionary``.</doc>
<status status="PASS" starttime="20230703 13:57:42.165" endtime="20230703 13:57:42.165"/>
</kw>
<status status="PASS" starttime="20230703 13:57:42.165" endtime="20230703 13:57:42.165"/>
</iter>
<iter>
<var name="${key}">CostingCode3</var>
<var name="${value}">None</var>
<kw name="Set To Dictionary" library="Collections">
<arg>${sorted_dict}</arg>
<arg>${key}</arg>
<arg>${value}</arg>
<doc>Adds the given ``key_value_pairs`` and ``items`` to the ``dictionary``.</doc>
<status status="PASS" starttime="20230703 13:57:42.166" endtime="20230703 13:57:42.166"/>
</kw>
<status status="PASS" starttime="20230703 13:57:42.166" endtime="20230703 13:57:42.166"/>
</iter>
<iter>
<var name="${key}">CostingCode4</var>
<var name="${value}">None</var>
<kw name="Set To Dictionary" library="Collections">
<arg>${sorted_dict}</arg>
<arg>${key}</arg>
<arg>${value}</arg>
<doc>Adds the given ``key_value_pairs`` and ``items`` to the ``dictionary``.</doc>
<status status="PASS" starttime="20230703 13:57:42.166" endtime="20230703 13:57:42.166"/>
</kw>
<status status="PASS" starttime="20230703 13:57:42.166" endtime="20230703 13:57:42.166"/>
</iter>
<iter>
<var name="${key}">TaxCode</var>
<var name="${value}">None</var>
<kw name="Set To Dictionary" library="Collections">
<arg>${sorted_dict}</arg>
<arg>${key}</arg>
<arg>${value}</arg>
<doc>Adds the given ``key_value_pairs`` and ``items`` to the ``dictionary``.</doc>
<status status="PASS" starttime="20230703 13:57:42.166" endtime="20230703 13:57:42.167"/>
</kw>
<status status="PASS" starttime="20230703 13:57:42.166" endtime="20230703 13:57:42.167"/>
</iter>
<iter>
<var name="${key}">TaxPostAccount</var>
<var name="${value}">tpa_Default</var>
<kw name="Set To Dictionary" library="Collections">
<arg>${sorted_dict}</arg>
<arg>${key}</arg>
<arg>${value}</arg>
<doc>Adds the given ``key_value_pairs`` and ``items`` to the ``dictionary``.</doc>
<status status="PASS" starttime="20230703 13:57:42.167" endtime="20230703 13:57:42.167"/>
</kw>
<status status="PASS" starttime="20230703 13:57:42.167" endtime="20230703 13:57:42.167"/>
</iter>
<iter>
<var name="${key}">CostingCode5</var>
<var name="${value}">None</var>
<kw name="Set To Dictionary" library="Collections">
<arg>${sorted_dict}</arg>
<arg>${key}</arg>
<arg>${value}</arg>
<doc>Adds the given ``key_value_pairs`` and ``items`` to the ``dictionary``.</doc>
<status status="PASS" starttime="20230703 13:57:42.167" endtime="20230703 13:57:42.167"/>
</kw>
<status status="PASS" starttime="20230703 13:57:42.167" endtime="20230703 13:57:42.167"/>
</iter>
<iter>
<var name="${key}">LocationCode</var>
<var name="${value}">None</var>
<kw name="Set To Dictionary" library="Collections">
<arg>${sorted_dict}</arg>
<arg>${key}</arg>
<arg>${value}</arg>
<doc>Adds the given ``key_value_pairs`` and ``items`` to the ``dictionary``.</doc>
<status status="PASS" starttime="20230703 13:57:42.167" endtime="20230703 13:57:42.168"/>
</kw>
<status status="PASS" starttime="20230703 13:57:42.167" endtime="20230703 13:57:42.168"/>
</iter>
<iter>
[...]
<arg>Sequence=${sequencelist}[${count}]</arg>
<doc>Creates and returns a dictionary based on the given ``items``.</doc>
<msg timestamp="20230703 13:57:43.160" level="INFO">${bnkstmnt_line} = {'BankStatementAccountCode': '161012', 'Sequence': 2}</msg>
<status status="PASS" starttime="20230703 13:57:43.160" endtime="20230703 13:57:43.160"/>
</kw>
<kw name="Append To List" library="Collections">
<arg>${bnkstmnt_lines}</arg>
<arg>${bnkstmnt_line}</arg>
<doc>Adds ``values`` to the end of ``list``.</doc>
<status status="PASS" starttime="20230703 13:57:43.160" endtime="20230703 13:57:43.161"/>
</kw>
<kw name="Log To Console" library="BuiltIn">
<arg>\n\nbnkstmnt_line: ${bnkstmnt_line}</arg>
<doc>Logs the given message to the console.</doc>
<status status="PASS" starttime="20230703 13:57:43.161" endtime="20230703 13:57:43.161"/>
</kw>
<status status="PASS" starttime="20230703 13:57:43.160" endtime="20230703 13:57:43.161"/>
</iter>
<status status="PASS" starttime="20230703 13:57:43.158" endtime="20230703 13:57:43.161"/>
</for>
<for flavor="IN RANGE">
<var>${TrCount}</var>
<value>0</value>
<value>${unRec_TransIdlenth }</value>
<iter>
<var name="${TrCount}">0</var>
<kw name="Create Dictionary" library="BuiltIn">
<var>${reconciliation_line}</var>
<arg>LineNumber=${LineIdsMatchedList}[${TrCount}]</arg>
<arg>TransactionNumber=${matched_Ids_Un_rec}[${TrCount}]</arg>
<doc>Creates and returns a dictionary based on the given ``items``.</doc>
<msg timestamp="20230703 13:57:43.162" level="INFO">${reconciliation_line} = {'LineNumber': 0, 'TransactionNumber': 2876}</msg>
<status status="PASS" starttime="20230703 13:57:43.161" endtime="20230703 13:57:43.162"/>
</kw>
<kw name="Append To List" library="Collections">
<arg>${reconciliation_lines}</arg>
<arg>${reconciliation_line}</arg>
<doc>Adds ``values`` to the end of ``list``.</doc>
<status status="PASS" starttime="20230703 13:57:43.162" endtime="20230703 13:57:43.162"/>
</kw>
<kw name="Log To Console" library="BuiltIn">
<arg>\n\nReconciliation_line: ${reconciliation_line}</arg>
<doc>Logs the given message to the console.</doc>
<status status="PASS" starttime="20230703 13:57:43.162" endtime="20230703 13:57:43.162"/>
</kw>
<status status="PASS" starttime="20230703 13:57:43.161" endtime="20230703 13:57:43.162"/>
</iter>
<status status="PASS" starttime="20230703 13:57:43.161" endtime="20230703 13:57:43.162"/>
</for>
<if>
<branch type="IF" condition="${JdtNumbsListLength} == 1">
<kw name="Create Dictionary" library="BuiltIn">
<var>${reconciliation_line}</var>
<arg>LineNumber=0</arg>
<arg>TransactionNumber=${JdtNumbsList}[0]</arg>
<doc>Creates and returns a dictionary based on the given ``items``.</doc>
<msg timestamp="20230703 13:57:43.163" level="INFO">${reconciliation_line} = {'LineNumber': '0', 'TransactionNumber': 2879}</msg>
<status status="PASS" starttime="20230703 13:57:43.162" endtime="20230703 13:57:43.163"/>
</kw>
<kw name="Append To List" library="Collections">
<arg>${reconciliation_lines}</arg>
<arg>${reconciliation_line}</arg>
<doc>Adds ``values`` to the end of ``list``.</doc>
<status status="PASS" starttime="20230703 13:57:43.163" endtime="20230703 13:57:43.163"/>
</kw>
<kw name="Log To Console" library="BuiltIn">
<arg>\n\nReconciliation_line: ${reconciliation_line}</arg>
<doc>Logs the given message to the console.</doc>
<status status="PASS" starttime="20230703 13:57:43.163" endtime="20230703 13:57:43.163"/>
</kw>
<status status="PASS" starttime="20230703 13:57:43.162" endtime="20230703 13:57:43.163"/>
</branch>
<status status="PASS" starttime="20230703 13:57:43.162" endtime="20230703 13:57:43.163"/>
</if>
<kw name="Evaluate" library="BuiltIn">
<var>${reconciliation_journal_entry_lines}</var>
<arg>json.dumps(${reconciliation_lines})</arg>
<doc>Evaluates the given expression in Python and returns the result.</doc>
<msg timestamp="20230703 13:57:43.164" level="INFO">${reconciliation_journal_entry_lines} = [{"LineNumber": 0, "TransactionNumber": 2876}, {"LineNumber": "0", "TransactionNumber": 2879}]</msg>
<status status="PASS" starttime="20230703 13:57:43.163" endtime="20230703 13:57:43.164"/>
</kw>
<kw name="Evaluate" library="BuiltIn">
<var>${reconciliation_bank_statement_lines}</var>
<arg>json.dumps(${bnkstmnt_lines})</arg>
<doc>Evaluates the given expression in Python and returns the result.</doc>
<msg timestamp="20230703 13:57:43.164" level="INFO">${reconciliation_bank_statement_lines} = [{"BankStatementAccountCode": "161012", "Sequence": 1}, {"BankStatementAccountCode": "161012", "Sequence": 2}]</msg>
<status status="PASS" starttime="20230703 13:57:43.164" endtime="20230703 13:57:43.164"/>
</kw>
<kw name="Set Variable" library="BuiltIn">
<var>${reconciliation_journal_entry_lines}</var>
<arg>${reconciliation_journal_entry_lines.replace('"[', '[').replace(']"', ']')}</arg>
<doc>Returns the given values which can then be assigned to a variables.</doc>
<msg timestamp="20230703 13:57:43.165" level="INFO">${reconciliation_journal_entry_lines} = [{"LineNumber": 0, "TransactionNumber": 2876}, {"LineNumber": "0", "TransactionNumber": 2879}]</msg>
<status status="PASS" starttime="20230703 13:57:43.164" endtime="20230703 13:57:43.165"/>
</kw>
<kw name="Set Variable" library="BuiltIn">
<var>${reconciliation_bank_statement_lines}</var>
<arg>${reconciliation_bank_statement_lines.replace('"[', '[').replace(']"', ']')}</arg>
<doc>Returns the given values which can then be assigned to a variables.</doc>
<msg timestamp="20230703 13:57:43.167" level="INFO">${reconciliation_bank_statement_lines} = [{"BankStatementAccountCode": "161012", "Sequence": 1}, {"BankStatementAccountCode": "161012", "Sequence": 2}]</msg>
<status status="PASS" starttime="20230703 13:57:43.165" endtime="20230703 13:57:43.167"/>
</kw>
<kw name="Set Variable" library="BuiltIn">
<var>${reconciliation_journal_entry_lines}</var>
<arg>${reconciliation_journal_entry_lines.replace('"\\[', '[').replace('\\]"', ']')}</arg>
<doc>Returns the given values which can then be assigned to a variables.</doc>
<msg timestamp="20230703 13:57:43.168" level="INFO">${reconciliation_journal_entry_lines} = [{"LineNumber": 0, "TransactionNumber": 2876}, {"LineNumber": "0", "TransactionNumber": 2879}]</msg>
<status status="PASS" starttime="20230703 13:57:43.167" endtime="20230703 13:57:43.168"/>
</kw>
<kw name="Set Variable" library="BuiltIn">
<var>${reconciliation_bank_statement_lines}</var>
<arg>${reconciliation_bank_statement_lines.replace('"\\[', '[').replace('\\]"', ']')}</arg>
<doc>Returns the given values which can then be assigned to a variables.</doc>
<msg timestamp="20230703 13:57:43.170" level="INFO">${reconciliation_bank_statement_lines} = [{"BankStatementAccountCode": "161012", "Sequence": 1}, {"BankStatementAccountCode": "161012", "Sequence": 2}]</msg>
<status status="PASS" starttime="20230703 13:57:43.168" endtime="20230703 13:57:43.170"/>
</kw>
<kw name="Create Dictionary" library="BuiltIn">
<var>${payload3}</var>
<arg>ReconciliationAccountType=${datatype}</arg>
<arg>ReconciliationBankStatementLines=${reconciliation_bank_statement_lines}</arg>
<arg>ReconciliationJournalEntryLines=${reconciliation_journal_entry_lines}</arg>
<doc>Creates and returns a dictionary based on the given ``items``.</doc>
<msg timestamp="20230703 13:57:43.171" level="INFO">${payload3} = {'ReconciliationAccountType': 'rat_GLAccount', 'ReconciliationBankStatementLines': '[{"BankStatementAccountCode": "161012", "Sequence": 1}, {"BankStatementAccountCode": "161012", "Sequence": 2}]', 'Re...</msg>
<status status="PASS" starttime="20230703 13:57:43.170" endtime="20230703 13:57:43.171"/>
</kw>
<kw name="Create Dictionary" library="BuiltIn">
<var>${final_payload}</var>
<arg>ExternalReconciliation=${payload3}</arg>
<doc>Creates and returns a dictionary based on the given ``items``.</doc>
<msg timestamp="20230703 13:57:43.171" level="INFO">${final_payload} = {'ExternalReconciliation': {'ReconciliationAccountType': 'rat_GLAccount', 'ReconciliationBankStatementLines': '[{"BankStatementAccountCode": "161012", "Sequence": 1}, {"BankStatementAccountCode": "161...</msg>
<status status="PASS" starttime="20230703 13:57:43.171" endtime="20230703 13:57:43.171"/>
</kw>
<kw name="Evaluate" library="BuiltIn">
<var>${final_payload_string}</var>
<arg>json.dumps(${final_payload})</arg>
<doc>Evaluates the given expression in Python and returns the result.</doc>
<msg timestamp="20230703 13:57:43.171" level="INFO">${final_payload_string} = {"ExternalReconciliation": {"ReconciliationAccountType": "rat_GLAccount", "ReconciliationBankStatementLines": "[{\"BankStatementAccountCode\": \"161012\", \"Sequence\": 1}, {\"BankStatementAccountCode...</msg>
<status status="PASS" starttime="20230703 13:57:43.171" endtime="20230703 13:57:43.171"/>
</kw>
<kw name="Set Variable" library="BuiltIn">
<var>${final_payload_string}</var>
<arg>${final_payload_string.replace('\\', '')}</arg>
<doc>Returns the given values which can then be assigned to a variables.</doc>
<msg timestamp="20230703 13:57:43.173" level="INFO">${final_payload_string} = {"ExternalReconciliation": {"ReconciliationAccountType": "rat_GLAccount", "ReconciliationBankStatementLines": "[{"BankStatementAccountCode": "161012", "Sequence": 1}, {"BankStatementAccountCode": "161...</msg>
<status status="PASS" starttime="20230703 13:57:43.171" endtime="20230703 13:57:43.173"/>
</kw>
<kw name="Set Variable" library="BuiltIn">
<var>${final_payload_string}</var>
<arg>${final_payload_string.replace('"[', '[').replace(']"', ']')}</arg>
<doc>Returns the given values which can then be assigned to a variables.</doc>
<msg timestamp="20230703 13:57:43.174" level="INFO">${final_payload_string} = {"ExternalReconciliation": {"ReconciliationAccountType": "rat_GLAccount", "ReconciliationBankStatementLines": [{"BankStatementAccountCode": "161012", "Sequence": 1}, {"BankStatementAccountCode": "1610...</msg>
<status status="PASS" starttime="20230703 13:57:43.173" endtime="20230703 13:57:43.174"/>
</kw>
<kw name="Set Variable" library="BuiltIn">
<var>${final_payload_string}</var>
<arg>${final_payload_string.replace('"\\[', '[').replace('\\]"', ']')}</arg>
<doc>Returns the given values which can then be assigned to a variables.</doc>
<msg timestamp="20230703 13:57:43.175" level="INFO">${final_payload_string} = {"ExternalReconciliation": {"ReconciliationAccountType": "rat_GLAccount", "ReconciliationBankStatementLines": [{"BankStatementAccountCode": "161012", "Sequence": 1}, {"BankStatementAccountCode": "1610...</msg>
<status status="PASS" starttime="20230703 13:57:43.174" endtime="20230703 13:57:43.175"/>
</kw>
<kw name="Log To Console" library="BuiltIn">
<arg>\nFinal Body ExterNal ReconciliationService:\n ${final_payload_string}</arg>
<doc>Logs the given message to the console.</doc>
<status status="PASS" starttime="20230703 13:57:43.175" endtime="20230703 13:57:43.176"/>
</kw>
<kw name="Post Request" library="RequestsLibrary">
<var>${responseFinal}</var>
<arg>${sessionname}</arg>
<arg>${base_url}/ExternalReconciliationsService_Reconcile</arg>
<arg>data=${final_payload_string}</arg>
<arg>headers=${headers}</arg>
<doc>*DEPRECATED* Please use `POST On Session` instead.</doc>
<msg timestamp="20230703 13:57:43.176" level="WARN">Keyword 'RequestsLibrary.Post Request' is deprecated. Please use `POST On Session` instead.</msg>
<msg timestamp="20230703 13:57:43.266" level="INFO">POST Request : url=http://116.74.253.177:50001/b1s/v1/ExternalReconciliationsService_Reconcile 
 path_url=/b1s/v1/ExternalReconciliationsService_Reconcile 
 headers={'User-Agent': 'python-requests/2.30.0', 'Accept-Encoding': 'gzip, deflate', 'Accept': '*/*', 'Connection': 'keep-alive', 'Content-Type': 'application/json', 'Cookie': 'B1SESSION=931981a6-19a9-11ee-8000-40b0341f3228', 'Content-Length': '353', 'Authorization': 'Basic eyJDb21wYW55REIiOiAiU0JPRGVtb0lOIiwiVXNlck5hbWUiOiAiZmF2YXMifTpUZXN0QDEyMw=='} 
 body=b'{"ExternalReconciliation": {"ReconciliationAccountType": "rat_GLAccount", "ReconciliationBankStatementLines": [{"BankStatementAccountCode": "161012", "Sequence": 1}, {"BankStatementAccountCode": "161012", "Sequence": 2}], "ReconciliationJournalEntryLines": [{"LineNumber": 0, "TransactionNumber": 2876}, {"LineNumber": "0", "TransactionNumber": 2879}]}}' 
 </msg>
<msg timestamp="20230703 13:57:43.266" level="INFO">POST Response : url=http://116.74.253.177:50001/b1s/v1/ExternalReconciliationsService_Reconcile 
 status=204, reason=No Content 
 headers={'Date': 'Mon, 03 Jul 2023 13:57:43 GMT', 'Server': 'Apache', 'DataServiceVersion': '3.0', 'Keep-Alive': 'timeout=5, max=94', 'Connection': 'Keep-Alive'} 
 body=None 
 </msg>
<msg timestamp="20230703 13:57:43.266" level="INFO">${responseFinal} = &lt;Response [204]&gt;</msg>
<status status="PASS" starttime="20230703 13:57:43.176" endtime="20230703 13:57:43.266"/>
</kw>
<if>
<branch type="IF" condition="${responseFinal.status_code} == 204">
<kw name="Log To Console" library="BuiltIn">
<arg>\nSuccess All</arg>
<doc>Logs the given message to the console.</doc>
<status status="PASS" starttime="20230703 13:57:43.268" endtime="20230703 13:57:43.268"/>
</kw>
<kw name="Open Workbook" library="RPA.Excel.Files">
<arg>${url}</arg>
<doc>Open an existing Excel workbook.</doc>
<msg timestamp="20230703 13:57:43.268" level="INFO">Closing workbook: &lt;RPA.Excel.Files.XlsxWorkbook object at 0x7f3506a96be0&gt;</msg>
<msg timestamp="20230703 13:57:43.275" level="INFO">Opened workbook: &lt;RPA.Excel.Files.XlsxWorkbook object at 0x7f3506988850&gt;</msg>
<status status="PASS" starttime="20230703 13:57:43.268" endtime="20230703 13:57:43.275"/>
</kw>
<kw name="Set Active Worksheet" library="RPA.Excel.Files">
<arg>Sheet1</arg>
<doc>Set the active worksheet.</doc>
<status status="PASS" starttime="20230703 13:57:43.276" endtime="20230703 13:57:43.276"/>
</kw>
<kw name="Set Styles" library="RPA.Excel.Files">
<arg>G6:G9</arg>
<arg>color=ffffff</arg>
<arg>align_horizontal=center</arg>
<arg>align_vertical=center</arg>
<arg>bold=True</arg>
<arg>cell_fill=198754</arg>
<doc>Set styles for range of cells.</doc>
<status status="PASS" starttime="20230703 13:57:43.276" endtime="20230703 13:57:43.277"/>
</kw>
<kw name="Set Cell Value" library="RPA.Excel.Files">
<arg>7</arg>
<arg>7</arg>
<arg>${success_msg}</arg>
<doc>Set a cell value in the given worksheet.</doc>
<status status="PASS" starttime="20230703 13:57:43.277" endtime="20230703 13:57:43.277"/>
</kw>
<kw name="Save Workbook" library="RPA.Excel.Files">
<doc>Save the active workbook.</doc>
<status status="PASS" starttime="20230703 13:57:43.277" endtime="20230703 13:57:43.283"/>
</kw>
<kw name="Log To Console" library="BuiltIn">
<arg>\nReconciliation Success</arg>
<doc>Logs the given message to the console.</doc>
<status status="PASS" starttime="20230703 13:57:43.283" endtime="20230703 13:57:43.283"/>
</kw>
<status status="PASS" starttime="20230703 13:57:43.268" endtime="20230703 13:57:43.283"/>
</branch>
<branch type="ELSE">
<kw name="Set Variable" library="BuiltIn">
<var>${ErrorMsg}</var>
<arg>${response.json()['error']['message']['value']}</arg>
<doc>Returns the given values which can then be assigned to a variables.</doc>
<status status="NOT RUN" starttime="20230703 13:57:43.284" endtime="20230703 13:57:43.284"/>
</kw>
<kw name="Open Workbook" library="RPA.Excel.Files">
<arg>${url}</arg>
<doc>Open an existing Excel workbook.</doc>
<status status="NOT RUN" starttime="20230703 13:57:43.284" endtime="20230703 13:57:43.284"/>
</kw>
<kw name="Set Active Worksheet" library="RPA.Excel.Files">
<arg>Sheet1</arg>
<doc>Set the active worksheet.</doc>
<status status="NOT RUN" starttime="20230703 13:57:43.284" endtime="20230703 13:57:43.284"/>
</kw>
<kw name="Set Styles" library="RPA.Excel.Files">
<arg>G6:G9</arg>
<arg>color=ffffff</arg>
<arg>align_horizontal=center</arg>
<arg>align_vertical=center</arg>
<arg>bold=True</arg>
<arg>cell_fill=DC143C</arg>
<doc>Set styles for range of cells.</doc>
<status status="NOT RUN" starttime="20230703 13:57:43.284" endtime="20230703 13:57:43.284"/>
</kw>
<kw name="Set Cell Value" library="RPA.Excel.Files">
<arg>6</arg>
<arg>7</arg>
<arg>${fail_msg}</arg>
<doc>Set a cell value in the given worksheet.</doc>
<status status="NOT RUN" starttime="20230703 13:57:43.284" endtime="20230703 13:57:43.284"/>
</kw>
<kw name="Set Cell Value" library="RPA.Excel.Files">
<arg>7</arg>
<arg>7</arg>
<arg>Value: ${ErrorMsg}</arg>
<doc>Set a cell value in the given worksheet.</doc>
<status status="NOT RUN" starttime="20230703 13:57:43.284" endtime="20230703 13:57:43.284"/>
</kw>
<kw name="Set Cell Format" library="RPA.Excel.Files">
<arg>7</arg>
<arg>7</arg>
<arg>wrap_text=True</arg>
<doc>Set format for cell.</doc>
<status status="NOT RUN" starttime="20230703 13:57:43.284" endtime="20230703 13:57:43.284"/>
</kw>
<kw name="Save Workbook" library="RPA.Excel.Files">
<doc>Save the active workbook.</doc>
<status status="NOT RUN" starttime="20230703 13:57:43.284" endtime="20230703 13:57:43.285"/>
</kw>
<kw name="Log To Console" library="BuiltIn">
<arg>Reconciliation Failed</arg>
<doc>Logs the given message to the console.</doc>
<status status="NOT RUN" starttime="20230703 13:57:43.285" endtime="20230703 13:57:43.285"/>
</kw>
<status status="NOT RUN" starttime="20230703 13:57:43.283" endtime="20230703 13:57:43.285"/>
</branch>
<status status="PASS" starttime="20230703 13:57:43.266" endtime="20230703 13:57:43.285"/>
</if>
<status status="PASS" starttime="20230703 13:57:43.158" endtime="20230703 13:57:43.285"/>
</branch>
<status status="PASS" starttime="20230703 13:57:43.158" endtime="20230703 13:57:43.285"/>
</if>
<status status="PASS" starttime="20230703 13:57:40.207" endtime="20230703 13:57:43.285"/>
</kw>
<status status="PASS" starttime="20230703 13:57:40.186" endtime="20230703 13:57:43.285"/>
</test>
<doc>account reconciliation using RPA</doc>
<status status="PASS" starttime="20230703 13:57:39.807" endtime="20230703 13:57:43.286"/>
</suite>
<statistics>
<total>
<stat pass="1" fail="0" skip="0">All Tasks</stat>
</total>
<tag>
</tag>
<suite>
<stat pass="1" fail="0" skip="0" id="s1" name="reconciliationCheck">reconciliationCheck</stat>
</suite>
</statistics>
<errors>
<msg timestamp="20230703 13:57:40.184" level="ERROR">Error in file '/var/lib/jenkins/workspace/rpa-reconciliation/RobocorpTestRobots/SAP-Project/reconciliationCheck.robot' on line 9: Importing library 'JSONLibrary' failed: ModuleNotFoundError: No module named 'JSONLibrary'
Traceback (most recent call last):
  None
PYTHONPATH:
  /usr/local/bin
  /usr/lib/python38.zip
  /usr/lib/python3.8
  /usr/lib/python3.8/lib-dynload
  /usr/local/lib/python3.8/dist-packages
  /usr/lib/python3/dist-packages</msg>
<msg timestamp="20230703 13:57:40.248" level="WARN">Keyword 'RequestsLibrary.Get Request' is deprecated. Please use `GET On Session` instead.</msg>
<msg timestamp="20230703 13:57:42.593" level="WARN">Keyword 'RequestsLibrary.Post Request' is deprecated. Please use `POST On Session` instead.</msg>
<msg timestamp="20230703 13:57:42.672" level="WARN">Keyword 'RequestsLibrary.Post Request' is deprecated. Please use `POST On Session` instead.</msg>
<msg timestamp="20230703 13:57:42.813" level="WARN">Keyword 'RequestsLibrary.Post Request' is deprecated. Please use `POST On Session` instead.</msg>
<msg timestamp="20230703 13:57:42.905" level="WARN">Keyword 'RequestsLibrary.Post Request' is deprecated. Please use `POST On Session` instead.</msg>
<msg timestamp="20230703 13:57:42.998" level="WARN">Keyword 'RequestsLibrary.Post Request' is deprecated. Please use `POST On Session` instead.</msg>
<msg timestamp="20230703 13:57:43.000" level="WARN">Keyword 'RequestsLibrary.Post Request' is deprecated. Please use `POST On Session` instead.</msg>
<msg timestamp="20230703 13:57:43.004" level="WARN">Keyword 'RequestsLibrary.Post Request' is deprecated. Please use `POST On Session` instead.</msg>
<msg timestamp="20230703 13:57:43.176" level="WARN">Keyword 'RequestsLibrary.Post Request' is deprecated. Please use `POST On Session` instead.</msg>
</errors>
</robot>
