<?xml version="1.0" encoding="UTF-8"?>
<robot generator="Robot 5.0.1 (Python 3.9.13 on win32)" generated="20230522 16:22:38.805" rpa="true" schemaversion="3">
<suite id="s1" name="Reconciliationcheck" source="c:\Users\admin\Desktop\RpaBuildTest\RpaTesting\RobocorpTestRobots\sap-project\reconciliationcheck.robot">
<test id="s1-t1" name="main task" line="23">
<kw name="main page">
<kw name="Create List" library="BuiltIn">
<var>${auth_data}</var>
<arg>${username}</arg>
<arg>${password}</arg>
<doc>Returns a list containing given items.</doc>
<msg timestamp="20230522 16:22:40.962" level="INFO">${auth_data} = ['{"CompanyDB": "SBODemoGB","UserName": "favas"}', 'Test@123']</msg>
<status status="PASS" starttime="20230522 16:22:40.961" endtime="20230522 16:22:40.963"/>
</kw>
<kw name="Create Session" library="RequestsLibrary">
<arg>${sessionname}</arg>
<arg>${base_url}/Login</arg>
<arg>auth=${auth_data}</arg>
<doc>Create Session: create a HTTP session to a server</doc>
<msg timestamp="20230522 16:22:40.964" level="INFO">Creating Session using : alias=sapb, url=http://151.80.190.234:50001/b1s/v1/Login, headers={},                     cookies={}, auth=&lt;requests.auth.HTTPBasicAuth object at 0x000001EFA6A5E0A0&gt;, timeout=None, proxies=None, verify=False,                     debug=0 </msg>
<status status="PASS" starttime="20230522 16:22:40.963" endtime="20230522 16:22:40.964"/>
</kw>
<status status="PASS" starttime="20230522 16:22:40.961" endtime="20230522 16:22:40.965"/>
</kw>
<kw name="first page">
<var>${excelinfo}</var>
<var>${exceld}</var>
<kw name="Open Workbook" library="RPA.Excel.Files">
<arg>${url}</arg>
<doc>Open an existing Excel workbook.</doc>
<msg timestamp="20230522 16:22:40.987" level="INFO">Opened workbook: &lt;RPA.Excel.Files.XlsxWorkbook object at 0x000001EFA69E5820&gt;</msg>
<status status="PASS" starttime="20230522 16:22:40.967" endtime="20230522 16:22:40.987"/>
</kw>
<kw name="Set Active Worksheet" library="RPA.Excel.Files">
<arg>Sheet1</arg>
<doc>Set the active worksheet.</doc>
<status status="PASS" starttime="20230522 16:22:40.988" endtime="20230522 16:22:40.988"/>
</kw>
<kw name="Get Cell Value" library="RPA.Excel.Files">
<var>${code}</var>
<arg>1</arg>
<arg>2</arg>
<doc>Get a cell value in the given worksheet.</doc>
<msg timestamp="20230522 16:22:40.990" level="INFO">${code} = ACUST0001</msg>
<status status="PASS" starttime="20230522 16:22:40.988" endtime="20230522 16:22:40.991"/>
</kw>
<kw name="Read Worksheet As Table" library="RPA.Excel.Files">
<var>${exceldata}</var>
<arg>header=True</arg>
<arg>start=2</arg>
<arg>trim=${True}</arg>
<doc>Read the contents of a worksheet into a Table container. Allows
sorting/filtering/manipulating using the ``RPA.Tables`` library.</doc>
<msg timestamp="20230522 16:22:40.993" level="INFO">Created table: Table(columns=['Transaction ID', 'Transaction date', 'reference No.', 'Details', 'Debit', 'Credit', 'STATUS'], rows=3)</msg>
<msg timestamp="20230522 16:22:40.994" level="INFO">${exceldata} = Table(columns=['Transaction ID', 'Transaction date', 'reference No.', 'Details', 'Debit', 'Credit', 'STATUS'], rows=3)</msg>
<status status="PASS" starttime="20230522 16:22:40.991" endtime="20230522 16:22:40.994"/>
</kw>
<kw name="Save Workbook" library="RPA.Excel.Files">
<doc>Save the active workbook.</doc>
<status status="PASS" starttime="20230522 16:22:40.994" endtime="20230522 16:22:41.015"/>
</kw>
<msg timestamp="20230522 16:22:41.016" level="INFO">${excelinfo} = Table(columns=['Transaction ID', 'Transaction date', 'reference No.', 'Details', 'Debit', 'Credit', 'STATUS'], rows=3)</msg>
<msg timestamp="20230522 16:22:41.017" level="INFO">${exceld} = ACUST0001</msg>
<status status="PASS" starttime="20230522 16:22:40.966" endtime="20230522 16:22:41.017"/>
</kw>
<kw name="second page">
<arg>${excelinfo}</arg>
<arg>${exceld}</arg>
<kw name="Log To Console" library="BuiltIn">
<arg>\nUser Sata${username}</arg>
<doc>Logs the given message to the console.</doc>
<status status="PASS" starttime="20230522 16:22:41.019" endtime="20230522 16:22:41.021"/>
</kw>
<kw name="Create List" library="BuiltIn">
<var>${linidlist}</var>
<doc>Returns a list containing given items.</doc>
<msg timestamp="20230522 16:22:41.023" level="INFO">${linidlist} = []</msg>
<status status="PASS" starttime="20230522 16:22:41.023" endtime="20230522 16:22:41.024"/>
</kw>
<kw name="Create List" library="BuiltIn">
<var>${Refnolist}</var>
<doc>Returns a list containing given items.</doc>
<msg timestamp="20230522 16:22:41.026" level="INFO">${Refnolist} = []</msg>
<status status="PASS" starttime="20230522 16:22:41.025" endtime="20230522 16:22:41.026"/>
</kw>
<kw name="Create List" library="BuiltIn">
<var>${Debitlist}</var>
<doc>Returns a list containing given items.</doc>
<msg timestamp="20230522 16:22:41.026" level="INFO">${Debitlist} = []</msg>
<status status="PASS" starttime="20230522 16:22:41.026" endtime="20230522 16:22:41.027"/>
</kw>
<kw name="Create List" library="BuiltIn">
<var>${Creditlist}</var>
<doc>Returns a list containing given items.</doc>
<msg timestamp="20230522 16:22:41.028" level="INFO">${Creditlist} = []</msg>
<status status="PASS" starttime="20230522 16:22:41.028" endtime="20230522 16:22:41.029"/>
</kw>
<kw name="Create List" library="BuiltIn">
<var>${sequencelist}</var>
<doc>Returns a list containing given items.</doc>
<msg timestamp="20230522 16:22:41.029" level="INFO">${sequencelist} = []</msg>
<status status="PASS" starttime="20230522 16:22:41.029" endtime="20230522 16:22:41.029"/>
</kw>
<kw name="Create List" library="BuiltIn">
<var>${TransIDlist}</var>
<doc>Returns a list containing given items.</doc>
<msg timestamp="20230522 16:22:41.030" level="INFO">${TransIDlist} = []</msg>
<status status="PASS" starttime="20230522 16:22:41.030" endtime="20230522 16:22:41.030"/>
</kw>
<kw name="Create List" library="BuiltIn">
<var>${Transdatelist}</var>
<doc>Returns a list containing given items.</doc>
<msg timestamp="20230522 16:22:41.031" level="INFO">${Transdatelist} = []</msg>
<status status="PASS" starttime="20230522 16:22:41.030" endtime="20230522 16:22:41.031"/>
</kw>
<kw name="Create List" library="BuiltIn">
<var>${Detailslist}</var>
<doc>Returns a list containing given items.</doc>
<msg timestamp="20230522 16:22:41.032" level="INFO">${Detailslist} = []</msg>
<status status="PASS" starttime="20230522 16:22:41.031" endtime="20230522 16:22:41.032"/>
</kw>
<kw name="Create Dictionary" library="BuiltIn">
<var>${headers}</var>
<arg>Content-Type=application/json</arg>
<doc>Creates and returns a dictionary based on the given ``items``.</doc>
<msg timestamp="20230522 16:22:41.032" level="INFO">${headers} = {'Content-Type': 'application/json'}</msg>
<status status="PASS" starttime="20230522 16:22:41.032" endtime="20230522 16:22:41.033"/>
</kw>
<kw name="Log To Console" library="BuiltIn">
<arg>${exceld}</arg>
<doc>Logs the given message to the console.</doc>
<status status="PASS" starttime="20230522 16:22:41.033" endtime="20230522 16:22:41.033"/>
</kw>
<for flavor="IN">
<var>${sales_rep}</var>
<value>@{exceld}</value>
<iter>
<var name="${sales_rep}">{'Transaction ID': 25005, 'Transaction date': datetime.datetime(2023, 5, 19, 0, 0), 'reference No.': 1412, 'Details': 'A/R Invoices - ACUST0001', 'Debit': 600, 'Credit': None, 'STATUS': None}</var>
<kw name="Set Variable" library="BuiltIn">
<var>${exTransID}</var>
<arg>${sales_rep}[Transaction ID]</arg>
<doc>Returns the given values which can then be assigned to a variables.</doc>
<msg timestamp="20230522 16:22:41.036" level="INFO">${exTransID} = 25005</msg>
<status status="PASS" starttime="20230522 16:22:41.035" endtime="20230522 16:22:41.036"/>
</kw>
<kw name="Log To Console" library="BuiltIn">
<arg>TransID: ${exTransID}</arg>
<doc>Logs the given message to the console.</doc>
<status status="PASS" starttime="20230522 16:22:41.037" endtime="20230522 16:22:41.038"/>
</kw>
<kw name="Get Request" library="RequestsLibrary">
<var>${TransCheck}</var>
<arg>${sessionname}</arg>
<arg>${base_url}/JournalEntries(${exTransID})/JournalEntryLines</arg>
<doc>*DEPRECATED* Please use `GET On Session` instead.</doc>
<msg timestamp="20230522 16:22:41.040" level="WARN">Keyword 'RequestsLibrary.Get Request' is deprecated. Please use `GET On Session` instead.</msg>
<msg timestamp="20230522 16:22:41.541" level="INFO">GET Request : url=http://151.80.190.234:50001/b1s/v1/JournalEntries(25005)/JournalEntryLines 
 path_url=/b1s/v1/JournalEntries(25005)/JournalEntryLines 
 headers={'User-Agent': 'python-requests/2.29.0', 'Accept-Encoding': 'gzip, deflate', 'Accept': '*/*', 'Connection': 'keep-alive', 'Authorization': 'Basic eyJDb21wYW55REIiOiAiU0JPRGVtb0dCIiwiVXNlck5hbWUiOiAiZmF2YXMifTpUZXN0QDEyMw=='} 
 body=None 
 </msg>
<msg timestamp="20230522 16:22:41.542" level="INFO">GET Response : url=http://151.80.190.234:50001/b1s/v1/JournalEntries(25005)/JournalEntryLines 
 status=200, reason=OK 
 headers={'Date': 'Mon, 22 May 2023 11:09:12 GMT', 'Server': 'Apache', 'Set-Cookie': 'B1SESSION=14e2e536-f891-11ed-8000-005056009c46;HttpOnly;', 'DataServiceVersion': '3.0', 'Keep-Alive': 'timeout=5, max=100', 'Connection': 'Keep-Alive', 'Transfer-Encoding': 'chunked', 'Content-Type': 'application/json;odata=minimalmetadata;charset=utf-8'} 
 body={
   "odata.metadata" : "http://151.80.190.234:50001/b1s/v1/$metadata#JournalEntries/@Element",
   "JournalEntryLines" : [
      {
         "Line_ID" : 0,
         "AccountCode" : "140000",
         "Debit" : 600.0,
         "Credit" : 0.0,
         "FCDebit" : 0.0,
         "FCCredit" : 0.0,
         "FCCurrency" : null,
         "DueDate" : "2023-05-19T00:00:00Z",
         "ShortName" : "ACUST0001",
         "ContraAccount" : "420000",
         "LineMemo" : "A/R Invoices - ACUST0001",
         "ReferenceDate1" : "2023-05-19T00:00:00Z",
         "ReferenceDate2" : null,
         "Reference1" : "1412",
         "Reference2" : "",
         "ProjectCode" : null,
         "CostingCode" : null,
         "TaxDate" : "2023-05-19T00:00:00Z",
         "BaseSum" : 0.0,
         "TaxGroup" : null,
         "DebitSys" : 600.0,
         "CreditSys" : 0.0,
         "VatDate" : null,
         "VatLine" : "tNO",
         "SystemBaseAmount" : 0.0,
         "VatAmount" : 0.0,
         "SystemVatAmount" : 0.0,
         "GrossValue" : 0.0,
         "AdditionalReference" : "1",
         "CheckAbs" : null,
         "CostingCode2" : null,
         "CostingCode3" : null,
         "CostingCode4" : null,
         "TaxCode" : null,
         "TaxPostAccount" : "tpa_Default",
         "CostingCode5" : null,
         "LocationCode" : null,
         "ControlAccount" : "140000",
         "EqualizationTaxAmount" : 0.0,
         "SystemEqualizationTaxAmount" : 0.0,
         "TotalTax" : 0.0,
         "SystemTotalTax" : 0.0,
         "WTLiable" : "tNO",
         "WTRow" : "tNO",
         "PaymentBlock" : "tNO",
         "BlockReason" : null,
         "FederalTaxID" : null,
         "BPLID" : 1,
         "BPLName" : "OEC Computers UK",
         "VATRegNum" : null,
         "PaymentOrdered" : "tNO",
         "ExposedTransNumber" : null,
         "DocumentArray" : 0,
         "DocumentLine" : -1,
         "CostElementCode" : null,
         "Cig" : null,
         "Cup" : null,
         "IncomeClassificationCategory" : null,
         "IncomeClassificationType" : null,
         "ExpensesClassificationCategory" : null,
         "ExpensesClassificationType" : null,
         "VATClassificationCategory" : null,
         "VATClassificationType" : null,
         "VATExemptionCause" : null,
         "CashFlowAssignments" : []
      },
      {
         "Line_ID" : 1,
         "AccountCode" : "207000",
         "Debit" : 0.0,
         "Credit" : 0.0,
         "FCDebit" : 0.0,
         "FCCredit" : 0.0,
         "FCCurrency" : null,
         "DueDate" : "2023-05-19T00:00:00Z",
         "ShortName" : "207000",
         "ContraAccount" : "ACUST0001",
         "LineMemo" : "A/R Invoices - ACUST0001",
         "ReferenceDate1" : "2023-05-19T00:00:00Z",
         "ReferenceDate2" : null,
         "Reference1" : "1412",
         "Reference2" : "",
         "ProjectCode" : null,
         "CostingCode" : "",
         "TaxDate" : "2023-05-19T00:00:00Z",
         "BaseSum" : 600.0,
         "TaxGroup" : "O2",
         "DebitSys" : 0.0,
         "CreditSys" : 0.0,
         "VatDate" : null,
         "VatLine" : "tYES",
         "SystemBaseAmount" : 600.0,
         "VatAmount" : 0.0,
         "SystemVatAmount" : 0.0,
         "GrossValue" : 0.0,
         "AdditionalReference" : "",
         "CheckAbs" : null,
         "CostingCode2" : "",
         "CostingCode3" : "",
         "CostingCode4" : "",
         "TaxCode" : null,
         "TaxPostAccount" : "tpa_Default",
         "CostingCode5" : "",
         "LocationCode" : null,
         "ControlAccount" : "207000",
         "EqualizationTaxAmount" : 0.0,
         "SystemEqualizationTaxAmount" : 0.0,
         "TotalTax" : 0.0,
         "SystemTotalTax" : 0.0,
         "WTLiable" : "tNO",
         "WTRow" : "tNO",
         "PaymentBlock" : "tNO",
         "BlockReason" : null,
         "FederalTaxID" : null,
         "BPLID" : 1,
         "BPLName" : "OEC Computers UK",
         "VATRegNum" : null,
         "PaymentOrdered" : "tNO",
         "ExposedTransNumber" : null,
         "DocumentArray" : 0,
         "DocumentLine" : -1,
         "CostElementCode" : null,
         "Cig" : null,
         "Cup" : null,
         "IncomeClassificationCategory" : null,
         "IncomeClassificationType" : null,
         "ExpensesClassificationCategory" : null,
         "ExpensesClassificationType" : null,
         "VATClassificationCategory" : null,
         "VATClassificationType" : null,
         "VATExemptionCause" : null,
         "CashFlowAssignments" : []
      },
      {
         "Line_ID" : 2,
         "AccountCode" : "420000",
         "Debit" : 0.0,
         "Credit" : 600.0,
         "FCDebit" : 0.0,
         "FCCredit" : 0.0,
         "FCCurrency" : null,
         "DueDate" : "2023-05-19T00:00:00Z",
         "ShortName" : "420000",
         "ContraAccount" : "ACUST0001",
         "LineMemo" : "A/R Invoices - ACUST0001",
         "ReferenceDate1" : "2023-05-19T00:00:00Z",
         "ReferenceDate2" : null,
         "Reference1" : "1412",
         "Reference2" : "",
         "ProjectCode" : null,
         "CostingCode" : "",
         "TaxDate" : "2023-05-19T00:00:00Z",
         "BaseSum" : 0.0,
         "TaxGroup" : null,
         "DebitSys" : 0.0,
         "CreditSys" : 600.0,
         "VatDate" : null,
         "VatLine" : "tNO",
         "SystemBaseAmount" : 0.0,
         "VatAmount" : 0.0,
         "SystemVatAmount" : 0.0,
         "GrossValue" : 0.0,
         "AdditionalReference" : "",
         "CheckAbs" : null,
         "CostingCode2" : "",
         "CostingCode3" : "",
         "CostingCode4" : "",
         "TaxCode" : null,
         "TaxPostAccount" : "tpa_Default",
         "CostingCode5" : "",
         "LocationCode" : null,
         "ControlAccount" : "420000",
         "EqualizationTaxAmount" : 0.0,
         "SystemEqualizationTaxAmount" : 0.0,
         "TotalTax" : 0.0,
         "SystemTotalTax" : 0.0,
         "WTLiable" : "tNO",
         "WTRow" : "tNO",
         "PaymentBlock" : "tNO",
         "BlockReason" : null,
         "FederalTaxID" : null,
         "BPLID" : 1,
         "BPLName" : "OEC Computers UK",
         "VATRegNum" : null,
         "PaymentOrdered" : "tNO",
         "ExposedTransNumber" : null,
         "DocumentArray" : 0,
         "DocumentLine" : -1,
         "CostElementCode" : null,
         "Cig" : null,
         "Cup" : null,
         "IncomeClassificationCategory" : null,
         "IncomeClassificationType" : null,
         "ExpensesClassificationCategory" : null,
         "ExpensesClassificationType" : null,
         "VATClassificationCategory" : null,
         "VATClassificationType" : null,
         "VATExemptionCause" : null,
         "CashFlowAssignments" : []
      },
      {
         "Line_ID" : 3,
         "AccountCode" : "130000",
         "Debit" : 0.0,
         "Credit" : 443.080,
         "FCDebit" : 0.0,
         "FCCredit" : 0.0,
         "FCCurrency" : null,
         "DueDate" : "2023-05-19T00:00:00Z",
         "ShortName" : "130000",
         "ContraAccount" : "ACUST0001",
         "LineMemo" : "A/R Invoices - ACUST0001",
         "ReferenceDate1" : "2023-05-19T00:00:00Z",
         "ReferenceDate2" : null,
         "Reference1" : "1412",
         "Reference2" : "",
         "ProjectCode" : null,
         "CostingCode" : "",
         "TaxDate" : "2023-05-19T00:00:00Z",
         "BaseSum" : 0.0,
         "TaxGroup" : null,
         "DebitSys" : 0.0,
         "CreditSys" : 443.080,
         "VatDate" : null,
         "VatLine" : "tNO",
         "SystemBaseAmount" : 0.0,
         "VatAmount" : 0.0,
         "SystemVatAmount" : 0.0,
         "GrossValue" : 0.0,
         "AdditionalReference" : "",
         "CheckAbs" : null,
         "CostingCode2" : "",
         "CostingCode3" : "",
         "CostingCode4" : "",
         "TaxCode" : null,
         "TaxPostAccount" : "tpa_Default",
         "CostingCode5" : "",
         "LocationCode" : null,
         "ControlAccount" : "130000",
         "EqualizationTaxAmount" : 0.0,
         "SystemEqualizationTaxAmount" : 0.0,
         "TotalTax" : 0.0,
         "SystemTotalTax" : 0.0,
         "WTLiable" : "tNO",
         "WTRow" : "tNO",
         "PaymentBlock" : "tNO",
         "BlockReason" : null,
         "FederalTaxID" : null,
         "BPLID" : 1,
         "BPLName" : "OEC Computers UK",
         "VATRegNum" : null,
         "PaymentOrdered" : "tNO",
         "ExposedTransNumber" : null,
         "DocumentArray" : 0,
         "DocumentLine" : -1,
         "CostElementCode" : null,
         "Cig" : null,
         "Cup" : null,
         "IncomeClassificationCategory" : null,
         "IncomeClassificationType" : null,
         "ExpensesClassificationCategory" : null,
         "ExpensesClassificationType" : null,
         "VATClassificationCategory" : null,
         "VATClassificationType" : null,
         "VATExemptionCause" : null,
         "CashFlowAssignments" : []
      },
      {
         "Line_ID" : 4,
         "AccountCode" : "500005",
         "Debit" : 443.080,
         "Credit" : 0.0,
         "FCDebit" : 0.0,
         "FCCredit" : 0.0,
         "FCCurrency" : null,
         "DueDate" : "2023-05-19T00:00:00Z",
         "ShortName" : "500005",
         "ContraAccount" : "ACUST0001",
         "LineMemo" : "A/R Invoices - ACUST0001",
         "ReferenceDate1" : "2023-05-19T00:00:00Z",
         "ReferenceDate2" : null,
         "Reference1" : "1412",
         "Reference2" : "",
         "ProjectCode" : null,
         "CostingCode" : "",
         "TaxDate" : "2023-05-19T00:00:00Z",
         "BaseSum" : 0.0,
         "TaxGroup" : null,
         "DebitSys" : 443.080,
         "CreditSys" : 0.0,
         "VatDate" : null,
         "VatLine" : "tNO",
         "SystemBaseAmount" : 0.0,
         "VatAmount" : 0.0,
         "SystemVatAmount" : 0.0,
         "GrossValue" : 0.0,
         "AdditionalReference" : "",
         "CheckAbs" : null,
         "CostingCode2" : "",
         "CostingCode3" : "",
         "CostingCode4" : "",
      ... (set the log level to DEBUG or TRACE to see the full content) 
 </msg>
<msg timestamp="20230522 16:22:41.544" level="INFO">${TransCheck} = &lt;Response [200]&gt;</msg>
<status status="PASS" starttime="20230522 16:22:41.039" endtime="20230522 16:22:41.544"/>
</kw>
<kw name="Log To Console" library="BuiltIn">
<arg>Status Code: ${TransCheck.status_code}</arg>
<doc>Logs the given message to the console.</doc>
<status status="PASS" starttime="20230522 16:22:41.545" endtime="20230522 16:22:41.549"/>
</kw>
<kw name="Run Keyword If" library="BuiltIn">
<var>${exTransID}</var>
<arg>'${exTransID}' == 'None'</arg>
<arg>Set Variable</arg>
<arg>0</arg>
<arg>ELSE</arg>
<arg>Set Variable</arg>
<arg>${exTransID}</arg>
<doc>Runs the given keyword with the given arguments, if ``condition`` is true.</doc>
<kw name="Set Variable" library="BuiltIn">
<arg>${exTransID}</arg>
<doc>Returns the given values which can then be assigned to a variables.</doc>
<status status="PASS" starttime="20230522 16:22:41.551" endtime="20230522 16:22:41.552"/>
</kw>
<msg timestamp="20230522 16:22:41.553" level="INFO">${exTransID} = 25005</msg>
<status status="PASS" starttime="20230522 16:22:41.549" endtime="20230522 16:22:41.553"/>
</kw>
<kw name="Set Variable" library="BuiltIn">
<var>${exTransdate}</var>
<arg>${sales_rep}[Transaction date]</arg>
<doc>Returns the given values which can then be assigned to a variables.</doc>
<msg timestamp="20230522 16:22:41.554" level="INFO">${exTransdate} = 2023-05-19 00:00:00</msg>
<status status="PASS" starttime="20230522 16:22:41.554" endtime="20230522 16:22:41.555"/>
</kw>
<kw name="Convert Date" library="DateTime">
<var>${exTransdate}</var>
<arg>${exTransdate}</arg>
<arg>result_format=%Y-%m-%dT%H:%M:%SZ</arg>
<doc>Converts between supported `date formats`.</doc>
<msg timestamp="20230522 16:22:41.558" level="INFO">${exTransdate} = 2023-05-19T00:00:00Z</msg>
<status status="PASS" starttime="20230522 16:22:41.555" endtime="20230522 16:22:41.559"/>
</kw>
<kw name="Log To Console" library="BuiltIn">
<arg>${exTransdate}</arg>
<doc>Logs the given message to the console.</doc>
<status status="PASS" starttime="20230522 16:22:41.560" endtime="20230522 16:22:41.562"/>
</kw>
<kw name="Set Variable" library="BuiltIn">
<var>${exRefno}</var>
<arg>${sales_rep}[reference No.]</arg>
<doc>Returns the given values which can then be assigned to a variables.</doc>
<msg timestamp="20230522 16:22:41.564" level="INFO">${exRefno} = 1412</msg>
<status status="PASS" starttime="20230522 16:22:41.562" endtime="20230522 16:22:41.564"/>
</kw>
<kw name="Run Keyword If" library="BuiltIn">
<var>${exRefno}</var>
<arg>'${exRefno}' == 'None'</arg>
<arg>Set Variable</arg>
<arg>0</arg>
<arg>ELSE</arg>
<arg>Set Variable</arg>
<arg>${exRefno}</arg>
<doc>Runs the given keyword with the given arguments, if ``condition`` is true.</doc>
<kw name="Set Variable" library="BuiltIn">
<arg>${exRefno}</arg>
<doc>Returns the given values which can then be assigned to a variables.</doc>
<status status="PASS" starttime="20230522 16:22:41.566" endtime="20230522 16:22:41.567"/>
</kw>
<msg timestamp="20230522 16:22:41.567" level="INFO">${exRefno} = 1412</msg>
<status status="PASS" starttime="20230522 16:22:41.565" endtime="20230522 16:22:41.567"/>
</kw>
<kw name="Set Variable" library="BuiltIn">
<var>${exDetails}</var>
<arg>${sales_rep}[Details]</arg>
<doc>Returns the given values which can then be assigned to a variables.</doc>
<msg timestamp="20230522 16:22:41.569" level="INFO">${exDetails} = A/R Invoices - ACUST0001</msg>
<status status="PASS" starttime="20230522 16:22:41.568" endtime="20230522 16:22:41.569"/>
</kw>
<kw name="Run Keyword If" library="BuiltIn">
<var>${exDetails}</var>
<arg>'${exDetails}' == 'None'</arg>
<arg>Set Variable</arg>
<arg>0</arg>
<arg>ELSE</arg>
<arg>Set Variable</arg>
<arg>${exDetails}</arg>
<doc>Runs the given keyword with the given arguments, if ``condition`` is true.</doc>
<kw name="Set Variable" library="BuiltIn">
<arg>${exDetails}</arg>
<doc>Returns the given values which can then be assigned to a variables.</doc>
<status status="PASS" starttime="20230522 16:22:41.572" endtime="20230522 16:22:41.573"/>
</kw>
<msg timestamp="20230522 16:22:41.574" level="INFO">${exDetails} = A/R Invoices - ACUST0001</msg>
<status status="PASS" starttime="20230522 16:22:41.570" endtime="20230522 16:22:41.576"/>
</kw>
<kw name="Set Variable" library="BuiltIn">
<var>${exDebit}</var>
<arg>${sales_rep}[Debit]</arg>
<doc>Returns the given values which can then be assigned to a variables.</doc>
<msg timestamp="20230522 16:22:41.580" level="INFO">${exDebit} = 600</msg>
<status status="PASS" starttime="20230522 16:22:41.577" endtime="20230522 16:22:41.580"/>
</kw>
<kw name="Run Keyword If" library="BuiltIn">
<var>${exDebit}</var>
<arg>'${exDebit}' == 'None'</arg>
<arg>Set Variable</arg>
<arg>0</arg>
<arg>ELSE</arg>
<arg>Set Variable</arg>
<arg>${exDebit}</arg>
<doc>Runs the given keyword with the given arguments, if ``condition`` is true.</doc>
<kw name="Set Variable" library="BuiltIn">
<arg>${exDebit}</arg>
<doc>Returns the given values which can then be assigned to a variables.</doc>
<status status="PASS" starttime="20230522 16:22:41.582" endtime="20230522 16:22:41.582"/>
</kw>
<msg timestamp="20230522 16:22:41.583" level="INFO">${exDebit} = 600</msg>
<status status="PASS" starttime="20230522 16:22:41.581" endtime="20230522 16:22:41.583"/>
</kw>
<kw name="Set Variable" library="BuiltIn">
<var>${exCredit}</var>
<arg>${sales_rep}[Credit]</arg>
<doc>Returns the given values which can then be assigned to a variables.</doc>
<msg timestamp="20230522 16:22:41.585" level="INFO">${exCredit} = None</msg>
<status status="PASS" starttime="20230522 16:22:41.583" endtime="20230522 16:22:41.585"/>
</kw>
<kw name="Run Keyword If" library="BuiltIn">
<var>${exCredit}</var>
<arg>'${exCredit}' == 'None'</arg>
<arg>Set Variable</arg>
<arg>0</arg>
<arg>ELSE</arg>
<arg>Set Variable</arg>
<arg>${exCredit}</arg>
<doc>Runs the given keyword with the given arguments, if ``condition`` is true.</doc>
<kw name="Set Variable" library="BuiltIn">
<arg>0</arg>
<doc>Returns the given values which can then be assigned to a variables.</doc>
<status status="PASS" starttime="20230522 16:22:41.587" endtime="20230522 16:22:41.587"/>
</kw>
<msg timestamp="20230522 16:22:41.588" level="INFO">${exCredit} = 0</msg>
<status status="PASS" starttime="20230522 16:22:41.586" endtime="20230522 16:22:41.588"/>
</kw>
<kw name="Append To List" library="Collections">
<arg>${TransIDlist}</arg>
<arg>${exTransID}</arg>
<doc>Adds ``values`` to the end of ``list``.</doc>
<status status="PASS" starttime="20230522 16:22:41.589" endtime="20230522 16:22:41.591"/>
</kw>
<kw name="Append To List" library="Collections">
<arg>${Transdatelist}</arg>
<arg>${exTransdate}</arg>
<doc>Adds ``values`` to the end of ``list``.</doc>
<status status="PASS" starttime="20230522 16:22:41.592" endtime="20230522 16:22:41.594"/>
</kw>
<kw name="Append To List" library="Collections">
<arg>${Refnolist}</arg>
<arg>${exRefno}</arg>
<doc>Adds ``values`` to the end of ``list``.</doc>
<status status="PASS" starttime="20230522 16:22:41.594" endtime="20230522 16:22:41.596"/>
</kw>
<kw name="Append To List" library="Collections">
<arg>${Debitlist}</arg>
<arg>${exDebit}</arg>
<doc>Adds ``values`` to the end of ``list``.</doc>
<status status="PASS" starttime="20230522 16:22:41.596" endtime="20230522 16:22:41.598"/>
</kw>
<kw name="Append To List" library="Collections">
<arg>${Creditlist}</arg>
<arg>${exCredit}</arg>
<doc>Adds ``values`` to the end of ``list``.</doc>
<status status="PASS" starttime="20230522 16:22:41.598" endtime="20230522 16:22:41.600"/>
</kw>
<kw name="Append To List" library="Collections">
<arg>${Detailslist}</arg>
<arg>${exDetails}</arg>
<doc>Adds ``values`` to the end of ``list``.</doc>
<status status="PASS" starttime="20230522 16:22:41.600" endtime="20230522 16:22:41.601"/>
</kw>
<status status="PASS" starttime="20230522 16:22:41.035" endtime="20230522 16:22:41.601"/>
</iter>
<iter>
<var name="${sales_rep}">{'Transaction ID': 25006, 'Transaction date': datetime.datetime(2023, 5, 19, 0, 0), 'reference No.': 2022, 'Details': 'Incoming Payments - ACUST0001', 'Debit': None, 'Credit': 600, 'STATUS': None}</var>
<kw name="Set Variable" library="BuiltIn">
<var>${exTransID}</var>
<arg>${sales_rep}[Transaction ID]</arg>
<doc>Returns the given values which can then be assigned to a variables.</doc>
<msg timestamp="20230522 16:22:41.603" level="INFO">${exTransID} = 25006</msg>
<status status="PASS" starttime="20230522 16:22:41.602" endtime="20230522 16:22:41.603"/>
</kw>
<kw name="Log To Console" library="BuiltIn">
<arg>TransID: ${exTransID}</arg>
<doc>Logs the given message to the console.</doc>
<status status="PASS" starttime="20230522 16:22:41.606" endtime="20230522 16:22:41.608"/>
</kw>
<kw name="Get Request" library="RequestsLibrary">
<var>${TransCheck}</var>
<arg>${sessionname}</arg>
<arg>${base_url}/JournalEntries(${exTransID})/JournalEntryLines</arg>
<doc>*DEPRECATED* Please use `GET On Session` instead.</doc>
<msg timestamp="20230522 16:22:41.610" level="WARN">Keyword 'RequestsLibrary.Get Request' is deprecated. Please use `GET On Session` instead.</msg>
<msg timestamp="20230522 16:22:41.920" level="INFO">GET Request : url=http://151.80.190.234:50001/b1s/v1/JournalEntries(25006)/JournalEntryLines 
 path_url=/b1s/v1/JournalEntries(25006)/JournalEntryLines 
 headers={'User-Agent': 'python-requests/2.29.0', 'Accept-Encoding': 'gzip, deflate', 'Accept': '*/*', 'Connection': 'keep-alive', 'Authorization': 'Basic eyJDb21wYW55REIiOiAiU0JPRGVtb0dCIiwiVXNlck5hbWUiOiAiZmF2YXMifTpUZXN0QDEyMw=='} 
 body=None 
 </msg>
<msg timestamp="20230522 16:22:41.920" level="INFO">GET Response : url=http://151.80.190.234:50001/b1s/v1/JournalEntries(25006)/JournalEntryLines 
 status=200, reason=OK 
 headers={'Date': 'Mon, 22 May 2023 11:09:12 GMT', 'Server': 'Apache', 'Set-Cookie': 'B1SESSION=152126c0-f891-11ed-8000-005056009c46;HttpOnly;', 'DataServiceVersion': '3.0', 'Keep-Alive': 'timeout=5, max=99', 'Connection': 'Keep-Alive', 'Transfer-Encoding': 'chunked', 'Content-Type': 'application/json;odata=minimalmetadata;charset=utf-8'} 
 body={
   "odata.metadata" : "http://151.80.190.234:50001/b1s/v1/$metadata#JournalEntries/@Element",
   "JournalEntryLines" : [
      {
         "Line_ID" : 0,
         "AccountCode" : "160000",
         "Debit" : 600.0,
         "Credit" : 0.0,
         "FCDebit" : 0.0,
         "FCCredit" : 0.0,
         "FCCurrency" : null,
         "DueDate" : "2023-05-19T00:00:00Z",
         "ShortName" : "160000",
         "ContraAccount" : "ACUST0001",
         "LineMemo" : "Incoming Payments - ACUST0001",
         "ReferenceDate1" : "2023-05-19T00:00:00Z",
         "ReferenceDate2" : null,
         "Reference1" : "2022",
         "Reference2" : "",
         "ProjectCode" : null,
         "CostingCode" : null,
         "TaxDate" : "2023-05-19T00:00:00Z",
         "BaseSum" : 0.0,
         "TaxGroup" : null,
         "DebitSys" : 600.0,
         "CreditSys" : 0.0,
         "VatDate" : null,
         "VatLine" : "tNO",
         "SystemBaseAmount" : 0.0,
         "VatAmount" : 0.0,
         "SystemVatAmount" : 0.0,
         "GrossValue" : 0.0,
         "AdditionalReference" : "Test",
         "CheckAbs" : null,
         "CostingCode2" : null,
         "CostingCode3" : null,
         "CostingCode4" : null,
         "TaxCode" : null,
         "TaxPostAccount" : "tpa_Default",
         "CostingCode5" : null,
         "LocationCode" : null,
         "ControlAccount" : "160000",
         "EqualizationTaxAmount" : 0.0,
         "SystemEqualizationTaxAmount" : 0.0,
         "TotalTax" : 0.0,
         "SystemTotalTax" : 0.0,
         "WTLiable" : "tNO",
         "WTRow" : "tNO",
         "PaymentBlock" : "tNO",
         "BlockReason" : null,
         "FederalTaxID" : null,
         "BPLID" : 1,
         "BPLName" : "OEC Computers UK",
         "VATRegNum" : null,
         "PaymentOrdered" : "tNO",
         "ExposedTransNumber" : null,
         "DocumentArray" : 0,
         "DocumentLine" : -1,
         "CostElementCode" : null,
         "Cig" : null,
         "Cup" : null,
         "IncomeClassificationCategory" : null,
         "IncomeClassificationType" : null,
         "ExpensesClassificationCategory" : null,
         "ExpensesClassificationType" : null,
         "VATClassificationCategory" : null,
         "VATClassificationType" : null,
         "VATExemptionCause" : null,
         "CashFlowAssignments" : []
      },
      {
         "Line_ID" : 1,
         "AccountCode" : "140000",
         "Debit" : 0.0,
         "Credit" : 600.0,
         "FCDebit" : 0.0,
         "FCCredit" : 0.0,
         "FCCurrency" : null,
         "DueDate" : "2023-05-19T00:00:00Z",
         "ShortName" : "ACUST0001",
         "ContraAccount" : "160000",
         "LineMemo" : "Incoming Payments - ACUST0001",
         "ReferenceDate1" : "2023-05-19T00:00:00Z",
         "ReferenceDate2" : null,
         "Reference1" : "2022",
         "Reference2" : "",
         "ProjectCode" : null,
         "CostingCode" : null,
         "TaxDate" : "2023-05-19T00:00:00Z",
         "BaseSum" : 0.0,
         "TaxGroup" : null,
         "DebitSys" : 0.0,
         "CreditSys" : 600.0,
         "VatDate" : null,
         "VatLine" : "tNO",
         "SystemBaseAmount" : 0.0,
         "VatAmount" : 0.0,
         "SystemVatAmount" : 0.0,
         "GrossValue" : 0.0,
         "AdditionalReference" : "2022",
         "CheckAbs" : null,
         "CostingCode2" : null,
         "CostingCode3" : null,
         "CostingCode4" : null,
         "TaxCode" : null,
         "TaxPostAccount" : "tpa_Default",
         "CostingCode5" : null,
         "LocationCode" : null,
         "ControlAccount" : "140000",
         "EqualizationTaxAmount" : 0.0,
         "SystemEqualizationTaxAmount" : 0.0,
         "TotalTax" : 0.0,
         "SystemTotalTax" : 0.0,
         "WTLiable" : "tNO",
         "WTRow" : "tNO",
         "PaymentBlock" : "tNO",
         "BlockReason" : null,
         "FederalTaxID" : null,
         "BPLID" : 1,
         "BPLName" : "OEC Computers UK",
         "VATRegNum" : null,
         "PaymentOrdered" : "tNO",
         "ExposedTransNumber" : null,
         "DocumentArray" : 0,
         "DocumentLine" : -1,
         "CostElementCode" : null,
         "Cig" : null,
         "Cup" : null,
         "IncomeClassificationCategory" : null,
         "IncomeClassificationType" : null,
         "ExpensesClassificationCategory" : null,
         "ExpensesClassificationType" : null,
         "VATClassificationCategory" : null,
         "VATClassificationType" : null,
         "VATExemptionCause" : null,
         "CashFlowAssignments" : []
      }
   ]
}
 
 </msg>
<msg timestamp="20230522 16:22:41.920" level="INFO">${TransCheck} = &lt;Response [200]&gt;</msg>
<status status="PASS" starttime="20230522 16:22:41.609" endtime="20230522 16:22:41.921"/>
</kw>
<kw name="Log To Console" library="BuiltIn">
<arg>Status Code: ${TransCheck.status_code}</arg>
<doc>Logs the given message to the console.</doc>
<status status="PASS" starttime="20230522 16:22:41.921" endtime="20230522 16:22:41.922"/>
</kw>
<kw name="Run Keyword If" library="BuiltIn">
<var>${exTransID}</var>
<arg>'${exTransID}' == 'None'</arg>
<arg>Set Variable</arg>
<arg>0</arg>
<arg>ELSE</arg>
<arg>Set Variable</arg>
<arg>${exTransID}</arg>
<doc>Runs the given keyword with the given arguments, if ``condition`` is true.</doc>
<kw name="Set Variable" library="BuiltIn">
<arg>${exTransID}</arg>
<doc>Returns the given values which can then be assigned to a variables.</doc>
<status status="PASS" starttime="20230522 16:22:41.924" endtime="20230522 16:22:41.926"/>
</kw>
<msg timestamp="20230522 16:22:41.927" level="INFO">${exTransID} = 25006</msg>
<status status="PASS" starttime="20230522 16:22:41.923" endtime="20230522 16:22:41.927"/>
</kw>
<kw name="Set Variable" library="BuiltIn">
<var>${exTransdate}</var>
<arg>${sales_rep}[Transaction date]</arg>
<doc>Returns the given values which can then be assigned to a variables.</doc>
<msg timestamp="20230522 16:22:41.929" level="INFO">${exTransdate} = 2023-05-19 00:00:00</msg>
<status status="PASS" starttime="20230522 16:22:41.927" endtime="20230522 16:22:41.929"/>
</kw>
<kw name="Convert Date" library="DateTime">
<var>${exTransdate}</var>
<arg>${exTransdate}</arg>
<arg>result_format=%Y-%m-%dT%H:%M:%SZ</arg>
<doc>Converts between supported `date formats`.</doc>
<msg timestamp="20230522 16:22:41.930" level="INFO">${exTransdate} = 2023-05-19T00:00:00Z</msg>
<status status="PASS" starttime="20230522 16:22:41.930" endtime="20230522 16:22:41.930"/>
</kw>
<kw name="Log To Console" library="BuiltIn">
<arg>${exTransdate}</arg>
<doc>Logs the given message to the console.</doc>
<status status="PASS" starttime="20230522 16:22:41.931" endtime="20230522 16:22:41.932"/>
</kw>
<kw name="Set Variable" library="BuiltIn">
<var>${exRefno}</var>
<arg>${sales_rep}[reference No.]</arg>
<doc>Returns the given values which can then be assigned to a variables.</doc>
<msg timestamp="20230522 16:22:41.934" level="INFO">${exRefno} = 2022</msg>
<status status="PASS" starttime="20230522 16:22:41.933" endtime="20230522 16:22:41.934"/>
</kw>
<kw name="Run Keyword If" library="BuiltIn">
<var>${exRefno}</var>
<arg>'${exRefno}' == 'None'</arg>
<arg>Set Variable</arg>
<arg>0</arg>
<arg>ELSE</arg>
<arg>Set Variable</arg>
<arg>${exRefno}</arg>
<doc>Runs the given keyword with the given arguments, if ``condition`` is true.</doc>
<kw name="Set Variable" library="BuiltIn">
<arg>${exRefno}</arg>
<doc>Returns the given values which can then be assigned to a variables.</doc>
<status status="PASS" starttime="20230522 16:22:41.936" endtime="20230522 16:22:41.937"/>
</kw>
<msg timestamp="20230522 16:22:41.937" level="INFO">${exRefno} = 2022</msg>
<status status="PASS" starttime="20230522 16:22:41.934" endtime="20230522 16:22:41.937"/>
</kw>
<kw name="Set Variable" library="BuiltIn">
<var>${exDetails}</var>
<arg>${sales_rep}[Details]</arg>
<doc>Returns the given values which can then be assigned to a variables.</doc>
<msg timestamp="20230522 16:22:41.939" level="INFO">${exDetails} = Incoming Payments - ACUST0001</msg>
<status status="PASS" starttime="20230522 16:22:41.938" endtime="20230522 16:22:41.939"/>
</kw>
<kw name="Run Keyword If" library="BuiltIn">
<var>${exDetails}</var>
<arg>'${exDetails}' == 'None'</arg>
<arg>Set Variable</arg>
<arg>0</arg>
<arg>ELSE</arg>
<arg>Set Variable</arg>
<arg>${exDetails}</arg>
<doc>Runs the given keyword with the given arguments, if ``condition`` is true.</doc>
<kw name="Set Variable" library="BuiltIn">
<arg>${exDetails}</arg>
<doc>Returns the given values which can then be assigned to a variables.</doc>
<status status="PASS" starttime="20230522 16:22:41.940" endtime="20230522 16:22:41.941"/>
</kw>
<msg timestamp="20230522 16:22:41.941" level="INFO">${exDetails} = Incoming Payments - ACUST0001</msg>
<status status="PASS" starttime="20230522 16:22:41.939" endtime="20230522 16:22:41.942"/>
</kw>
<kw name="Set Variable" library="BuiltIn">
<var>${exDebit}</var>
<arg>${sales_rep}[Debit]</arg>
<doc>Returns the given values which can then be assigned to a variables.</doc>
<msg timestamp="20230522 16:22:41.944" level="INFO">${exDebit} = None</msg>
<status status="PASS" starttime="20230522 16:22:41.943" endtime="20230522 16:22:41.945"/>
</kw>
<kw name="Run Keyword If" library="BuiltIn">
<var>${exDebit}</var>
<arg>'${exDebit}' == 'None'</arg>
<arg>Set Variable</arg>
<arg>0</arg>
<arg>ELSE</arg>
<arg>Set Variable</arg>
<arg>${exDebit}</arg>
<doc>Runs the given keyword with the given arguments, if ``condition`` is true.</doc>
<kw name="Set Variable" library="BuiltIn">
<arg>0</arg>
<doc>Returns the given values which can then be assigned to a variables.</doc>
<status status="PASS" starttime="20230522 16:22:41.947" endtime="20230522 16:22:41.948"/>
</kw>
<msg timestamp="20230522 16:22:41.949" level="INFO">${exDebit} = 0</msg>
<status status="PASS" starttime="20230522 16:22:41.946" endtime="20230522 16:22:41.949"/>
</kw>
<kw name="Set Variable" library="BuiltIn">
<var>${exCredit}</var>
<arg>${sales_rep}[Credit]</arg>
<doc>Returns the given values which can then be assigned to a variables.</doc>
<msg timestamp="20230522 16:22:41.950" level="INFO">${exCredit} = 600</msg>
<status status="PASS" starttime="20230522 16:22:41.950" endtime="20230522 16:22:41.951"/>
</kw>
<kw name="Run Keyword If" library="BuiltIn">
<var>${exCredit}</var>
<arg>'${exCredit}' == 'None'</arg>
<arg>Set Variable</arg>
<arg>0</arg>
<arg>ELSE</arg>
<arg>Set Variable</arg>
<arg>${exCredit}</arg>
<doc>Runs the given keyword with the given arguments, if ``condition`` is true.</doc>
<kw name="Set Variable" library="BuiltIn">
<arg>${exCredit}</arg>
<doc>Returns the given values which can then be assigned to a variables.</doc>
<status status="PASS" starttime="20230522 16:22:41.952" endtime="20230522 16:22:41.953"/>
</kw>
<msg timestamp="20230522 16:22:41.954" level="INFO">${exCredit} = 600</msg>
<status status="PASS" starttime="20230522 16:22:41.951" endtime="20230522 16:22:41.954"/>
</kw>
<kw name="Append To List" library="Collections">
<arg>${TransIDlist}</arg>
<arg>${exTransID}</arg>
<doc>Adds ``values`` to the end of ``list``.</doc>
<status status="PASS" starttime="20230522 16:22:41.955" endtime="20230522 16:22:41.957"/>
</kw>
<kw name="Append To List" library="Collections">
<arg>${Transdatelist}</arg>
<arg>${exTransdate}</arg>
<doc>Adds ``values`` to the end of ``list``.</doc>
<status status="PASS" starttime="20230522 16:22:41.957" endtime="20230522 16:22:41.959"/>
</kw>
<kw name="Append To List" library="Collections">
<arg>${Refnolist}</arg>
<arg>${exRefno}</arg>
<doc>Adds ``values`` to the end of ``list``.</doc>
<status status="PASS" starttime="20230522 16:22:41.961" endtime="20230522 16:22:41.963"/>
</kw>
<kw name="Append To List" library="Collections">
<arg>${Debitlist}</arg>
<arg>${exDebit}</arg>
<doc>Adds ``values`` to the end of ``list``.</doc>
<status status="PASS" starttime="20230522 16:22:41.965" endtime="20230522 16:22:41.966"/>
</kw>
<kw name="Append To List" library="Collections">
<arg>${Creditlist}</arg>
<arg>${exCredit}</arg>
<doc>Adds ``values`` to the end of ``list``.</doc>
<status status="PASS" starttime="20230522 16:22:41.967" endtime="20230522 16:22:41.967"/>
</kw>
<kw name="Append To List" library="Collections">
<arg>${Detailslist}</arg>
<arg>${exDetails}</arg>
<doc>Adds ``values`` to the end of ``list``.</doc>
<status status="PASS" starttime="20230522 16:22:41.968" endtime="20230522 16:22:41.968"/>
</kw>
<status status="PASS" starttime="20230522 16:22:41.602" endtime="20230522 16:22:41.968"/>
</iter>
<iter>
<var name="${sales_rep}">{'Transaction ID': None, 'Transaction date': datetime.datetime(2023, 5, 19, 0, 0), 'reference No.': None, 'Details': 'Interest Payable', 'Debit': 20, 'Credit': None, 'STATUS': None}</var>
<kw name="Set Variable" library="BuiltIn">
<var>${exTransID}</var>
<arg>${sales_rep}[Transaction ID]</arg>
<doc>Returns the given values which can then be assigned to a variables.</doc>
<msg timestamp="20230522 16:22:41.971" level="INFO">${exTransID} = None</msg>
<status status="PASS" starttime="20230522 16:22:41.969" endtime="20230522 16:22:41.972"/>
</kw>
<kw name="Log To Console" library="BuiltIn">
<arg>TransID: ${exTransID}</arg>
<doc>Logs the given message to the console.</doc>
<status status="PASS" starttime="20230522 16:22:41.972" endtime="20230522 16:22:41.974"/>
</kw>
<kw name="Get Request" library="RequestsLibrary">
<var>${TransCheck}</var>
<arg>${sessionname}</arg>
<arg>${base_url}/JournalEntries(${exTransID})/JournalEntryLines</arg>
<doc>*DEPRECATED* Please use `GET On Session` instead.</doc>
<msg timestamp="20230522 16:22:41.975" level="WARN">Keyword 'RequestsLibrary.Get Request' is deprecated. Please use `GET On Session` instead.</msg>
<msg timestamp="20230522 16:22:42.304" level="INFO">GET Request : url=http://151.80.190.234:50001/b1s/v1/JournalEntries(None)/JournalEntryLines 
 path_url=/b1s/v1/JournalEntries(None)/JournalEntryLines 
 headers={'User-Agent': 'python-requests/2.29.0', 'Accept-Encoding': 'gzip, deflate', 'Accept': '*/*', 'Connection': 'keep-alive', 'Authorization': 'Basic eyJDb21wYW55REIiOiAiU0JPRGVtb0dCIiwiVXNlck5hbWUiOiAiZmF2YXMifTpUZXN0QDEyMw=='} 
 body=None 
 </msg>
<msg timestamp="20230522 16:22:42.304" level="INFO">GET Response : url=http://151.80.190.234:50001/b1s/v1/JournalEntries(None)/JournalEntryLines 
 status=400, reason=Bad Request 
 headers={'Date': 'Mon, 22 May 2023 11:09:13 GMT', 'Server': 'Apache', 'Set-Cookie': 'B1SESSION=15594da2-f891-11ed-8000-005056009c46;HttpOnly;', 'DataServiceVersion': '3.0', 'Connection': 'close', 'Transfer-Encoding': 'chunked', 'Content-Type': 'application/json;charset=utf-8'} 
 body={
   "error" : {
      "code" : 201,
      "message" : {
         "lang" : "en-us",
         "value" : "Invalid query option: key value is not matched with its type"
      }
   }
}
 
 </msg>
<msg timestamp="20230522 16:22:42.305" level="INFO">${TransCheck} = &lt;Response [400]&gt;</msg>
<status status="PASS" starttime="20230522 16:22:41.975" endtime="20230522 16:22:42.305"/>
</kw>
<kw name="Log To Console" library="BuiltIn">
<arg>Status Code: ${TransCheck.status_code}</arg>
<doc>Logs the given message to the console.</doc>
<status status="PASS" starttime="20230522 16:22:42.305" endtime="20230522 16:22:42.306"/>
</kw>
<kw name="Run Keyword If" library="BuiltIn">
<var>${exTransID}</var>
<arg>'${exTransID}' == 'None'</arg>
<arg>Set Variable</arg>
<arg>0</arg>
<arg>ELSE</arg>
<arg>Set Variable</arg>
<arg>${exTransID}</arg>
<doc>Runs the given keyword with the given arguments, if ``condition`` is true.</doc>
<kw name="Set Variable" library="BuiltIn">
<arg>0</arg>
<doc>Returns the given values which can then be assigned to a variables.</doc>
<status status="PASS" starttime="20230522 16:22:42.308" endtime="20230522 16:22:42.309"/>
</kw>
<msg timestamp="20230522 16:22:42.309" level="INFO">${exTransID} = 0</msg>
<status status="PASS" starttime="20230522 16:22:42.307" endtime="20230522 16:22:42.310"/>
</kw>
<kw name="Set Variable" library="BuiltIn">
<var>${exTransdate}</var>
<arg>${sales_rep}[Transaction date]</arg>
<doc>Returns the given values which can then be assigned to a variables.</doc>
<msg timestamp="20230522 16:22:42.311" level="INFO">${exTransdate} = 2023-05-19 00:00:00</msg>
<status status="PASS" starttime="20230522 16:22:42.310" endtime="20230522 16:22:42.311"/>
</kw>
<kw name="Convert Date" library="DateTime">
<var>${exTransdate}</var>
<arg>${exTransdate}</arg>
<arg>result_format=%Y-%m-%dT%H:%M:%SZ</arg>
<doc>Converts between supported `date formats`.</doc>
<msg timestamp="20230522 16:22:42.311" level="INFO">${exTransdate} = 2023-05-19T00:00:00Z</msg>
<status status="PASS" starttime="20230522 16:22:42.311" endtime="20230522 16:22:42.311"/>
</kw>
<kw name="Log To Console" library="BuiltIn">
<arg>${exTransdate}</arg>
<doc>Logs the given message to the console.</doc>
<status status="PASS" starttime="20230522 16:22:42.312" endtime="20230522 16:22:42.312"/>
</kw>
<kw name="Set Variable" library="BuiltIn">
<var>${exRefno}</var>
<arg>${sales_rep}[reference No.]</arg>
<doc>Returns the given values which can then be assigned to a variables.</doc>
<msg timestamp="20230522 16:22:42.313" level="INFO">${exRefno} = None</msg>
<status status="PASS" starttime="20230522 16:22:42.313" endtime="20230522 16:22:42.313"/>
</kw>
<kw name="Run Keyword If" library="BuiltIn">
<var>${exRefno}</var>
<arg>'${exRefno}' == 'None'</arg>
<arg>Set Variable</arg>
<arg>0</arg>
<arg>ELSE</arg>
<arg>Set Variable</arg>
<arg>${exRefno}</arg>
<doc>Runs the given keyword with the given arguments, if ``condition`` is true.</doc>
<kw name="Set Variable" library="BuiltIn">
<arg>0</arg>
<doc>Returns the given values which can then be assigned to a variables.</doc>
<status status="PASS" starttime="20230522 16:22:42.315" endtime="20230522 16:22:42.316"/>
</kw>
<msg timestamp="20230522 16:22:42.316" level="INFO">${exRefno} = 0</msg>
<status status="PASS" starttime="20230522 16:22:42.314" endtime="20230522 16:22:42.316"/>
</kw>
<kw name="Set Variable" library="BuiltIn">
<var>${exDetails}</var>
<arg>${sales_rep}[Details]</arg>
<doc>Returns the given values which can then be assigned to a variables.</doc>
<msg timestamp="20230522 16:22:42.317" level="INFO">${exDetails} = Interest Payable</msg>
<status status="PASS" starttime="20230522 16:22:42.316" endtime="20230522 16:22:42.317"/>
</kw>
<kw name="Run Keyword If" library="BuiltIn">
<var>${exDetails}</var>
<arg>'${exDetails}' == 'None'</arg>
<arg>Set Variable</arg>
<arg>0</arg>
<arg>ELSE</arg>
<arg>Set Variable</arg>
<arg>${exDetails}</arg>
<doc>Runs the given keyword with the given arguments, if ``condition`` is true.</doc>
<kw name="Set Variable" library="BuiltIn">
<arg>${exDetails}</arg>
<doc>Returns the given values which can then be assigned to a variables.</doc>
<status status="PASS" starttime="20230522 16:22:42.317" endtime="20230522 16:22:42.318"/>
</kw>
<msg timestamp="20230522 16:22:42.318" level="INFO">${exDetails} = Interest Payable</msg>
<status status="PASS" starttime="20230522 16:22:42.317" endtime="20230522 16:22:42.318"/>
</kw>
<kw name="Set Variable" library="BuiltIn">
<var>${exDebit}</var>
<arg>${sales_rep}[Debit]</arg>
<doc>Returns the given values which can then be assigned to a variables.</doc>
<msg timestamp="20230522 16:22:42.318" level="INFO">${exDebit} = 20</msg>
<status status="PASS" starttime="20230522 16:22:42.318" endtime="20230522 16:22:42.319"/>
</kw>
<kw name="Run Keyword If" library="BuiltIn">
<var>${exDebit}</var>
<arg>'${exDebit}' == 'None'</arg>
<arg>Set Variable</arg>
<arg>0</arg>
<arg>ELSE</arg>
<arg>Set Variable</arg>
<arg>${exDebit}</arg>
<doc>Runs the given keyword with the given arguments, if ``condition`` is true.</doc>
<kw name="Set Variable" library="BuiltIn">
<arg>${exDebit}</arg>
<doc>Returns the given values which can then be assigned to a variables.</doc>
<status status="PASS" starttime="20230522 16:22:42.319" endtime="20230522 16:22:42.319"/>
</kw>
<msg timestamp="20230522 16:22:42.320" level="INFO">${exDebit} = 20</msg>
<status status="PASS" starttime="20230522 16:22:42.319" endtime="20230522 16:22:42.320"/>
</kw>
<kw name="Set Variable" library="BuiltIn">
<var>${exCredit}</var>
<arg>${sales_rep}[Credit]</arg>
<doc>Returns the given values which can then be assigned to a variables.</doc>
<msg timestamp="20230522 16:22:42.320" level="INFO">${exCredit} = None</msg>
<status status="PASS" starttime="20230522 16:22:42.320" endtime="20230522 16:22:42.320"/>
</kw>
<kw name="Run Keyword If" library="BuiltIn">
<var>${exCredit}</var>
<arg>'${exCredit}' == 'None'</arg>
<arg>Set Variable</arg>
<arg>0</arg>
<arg>ELSE</arg>
<arg>Set Variable</arg>
<arg>${exCredit}</arg>
<doc>Runs the given keyword with the given arguments, if ``condition`` is true.</doc>
<kw name="Set Variable" library="BuiltIn">
<arg>0</arg>
<doc>Returns the given values which can then be assigned to a variables.</doc>
<status status="PASS" starttime="20230522 16:22:42.321" endtime="20230522 16:22:42.321"/>
</kw>
<msg timestamp="20230522 16:22:42.321" level="INFO">${exCredit} = 0</msg>
<status status="PASS" starttime="20230522 16:22:42.320" endtime="20230522 16:22:42.321"/>
</kw>
<kw name="Append To List" library="Collections">
<arg>${TransIDlist}</arg>
<arg>${exTransID}</arg>
<doc>Adds ``values`` to the end of ``list``.</doc>
<status status="PASS" starttime="20230522 16:22:42.321" endtime="20230522 16:22:42.322"/>
</kw>
<kw name="Append To List" library="Collections">
<arg>${Transdatelist}</arg>
<arg>${exTransdate}</arg>
<doc>Adds ``values`` to the end of ``list``.</doc>
<status status="PASS" starttime="20230522 16:22:42.322" endtime="20230522 16:22:42.322"/>
</kw>
<kw name="Append To List" library="Collections">
<arg>${Refnolist}</arg>
<arg>${exRefno}</arg>
<doc>Adds ``values`` to the end of ``list``.</doc>
<status status="PASS" starttime="20230522 16:22:42.322" endtime="20230522 16:22:42.323"/>
</kw>
<kw name="Append To List" library="Collections">
<arg>${Debitlist}</arg>
<arg>${exDebit}</arg>
<doc>Adds ``values`` to the end of ``list``.</doc>
<status status="PASS" starttime="20230522 16:22:42.323" endtime="20230522 16:22:42.324"/>
</kw>
<kw name="Append To List" library="Collections">
<arg>${Creditlist}</arg>
<arg>${exCredit}</arg>
<doc>Adds ``values`` to the end of ``list``.</doc>
<status status="PASS" starttime="20230522 16:22:42.324" endtime="20230522 16:22:42.324"/>
</kw>
<kw name="Append To List" library="Collections">
<arg>${Detailslist}</arg>
<arg>${exDetails}</arg>
<doc>Adds ``values`` to the end of ``list``.</doc>
<status status="PASS" starttime="20230522 16:22:42.324" endtime="20230522 16:22:42.325"/>
</kw>
<status status="PASS" starttime="20230522 16:22:41.969" endtime="20230522 16:22:42.325"/>
</iter>
<status status="PASS" starttime="20230522 16:22:41.034" endtime="20230522 16:22:42.326"/>
</for>
<kw name="Evaluate" library="BuiltIn">
<var>${list_length}</var>
<arg>len(${TransIDlist})</arg>
<doc>Evaluates the given expression in Python and returns the result.</doc>
<msg timestamp="20230522 16:22:42.329" level="INFO">${list_length} = 3</msg>
<status status="PASS" starttime="20230522 16:22:42.326" endtime="20230522 16:22:42.330"/>
</kw>
<for flavor="IN RANGE">
<var>${counter}</var>
<value>0</value>
<value>${list_length}-1</value>
<iter>
<var name="${counter}">0</var>
<if>
<branch type="IF" condition="${Debitlist}[${counter}] == 0">
<kw name="Set Variable" library="BuiltIn">
<var>${payload1}</var>
<arg>{"AccountCode": "${coded}", "CardCode": "${coded}", "CreditAmount": "${Creditlist}[${counter}]", "DocNumberType": "bpdt_DocNum", "PaymentReference": ${Refnolist}[${counter}]}</arg>
<doc>Returns the given values which can then be assigned to a variables.</doc>
<status status="NOT RUN" starttime="20230522 16:22:42.332" endtime="20230522 16:22:42.332"/>
</kw>
<status status="NOT RUN" starttime="20230522 16:22:42.331" endtime="20230522 16:22:42.332"/>
</branch>
<branch type="ELSE">
<kw name="Set Variable" library="BuiltIn">
<var>${payload1}</var>
<arg>{"AccountCode": "${coded}", "CardCode": "${coded}", "DebitAmount": "${Debitlist}[${counter}]", "DocNumberType": "bpdt_DocNum", "PaymentReference": ${Refnolist}[${counter}]}</arg>
<doc>Returns the given values which can then be assigned to a variables.</doc>
<msg timestamp="20230522 16:22:42.333" level="INFO">${payload1} = {"AccountCode": "ACUST0001", "CardCode": "ACUST0001", "DebitAmount": "600", "DocNumberType": "bpdt_DocNum", "PaymentReference": 1412}</msg>
<status status="PASS" starttime="20230522 16:22:42.333" endtime="20230522 16:22:42.333"/>
</kw>
<status status="PASS" starttime="20230522 16:22:42.332" endtime="20230522 16:22:42.333"/>
</branch>
<status status="PASS" starttime="20230522 16:22:42.331" endtime="20230522 16:22:42.334"/>
</if>
<kw name="Post Request" library="RequestsLibrary">
<var>${response}</var>
<arg>${sessionname}</arg>
<arg>${base_url}/BankPages</arg>
<arg>data=${payload1}</arg>
<arg>headers=${headers}</arg>
<doc>*DEPRECATED* Please use `POST On Session` instead.</doc>
<msg timestamp="20230522 16:22:42.334" level="WARN">Keyword 'RequestsLibrary.Post Request' is deprecated. Please use `POST On Session` instead.</msg>
<msg timestamp="20230522 16:22:42.799" level="INFO">POST Request : url=http://151.80.190.234:50001/b1s/v1/BankPages 
 path_url=/b1s/v1/BankPages 
 headers={'User-Agent': 'python-requests/2.29.0', 'Accept-Encoding': 'gzip, deflate', 'Accept': '*/*', 'Connection': 'keep-alive', 'Content-Type': 'application/json', 'Content-Length': '133', 'Authorization': 'Basic eyJDb21wYW55REIiOiAiU0JPRGVtb0dCIiwiVXNlck5hbWUiOiAiZmF2YXMifTpUZXN0QDEyMw=='} 
 body=b'{"AccountCode": "ACUST0001", "CardCode": "ACUST0001", "DebitAmount": "600", "DocNumberType": "bpdt_DocNum", "PaymentReference": 1412}' 
 </msg>
<msg timestamp="20230522 16:22:42.799" level="INFO">POST Response : url=http://151.80.190.234:50001/b1s/v1/BankPages 
 status=201, reason=Created 
 headers={'Date': 'Mon, 22 May 2023 11:09:13 GMT', 'Server': 'Apache', 'Set-Cookie': 'B1SESSION=15a6f890-f891-11ed-8000-005056009c46;HttpOnly;', 'DataServiceVersion': '3.0', 'Location': "http://151.80.190.234:50001/b1s/v1/BankPages(AccountCode='ACUST0001',Sequence=68)", 'Keep-Alive': 'timeout=5, max=100', 'Connection': 'Keep-Alive', 'Transfer-Encoding': 'chunked', 'Content-Type': 'application/json;odata=minimalmetadata;charset=utf-8'} 
 body={
   "odata.metadata" : "http://151.80.190.234:50001/b1s/v1/$metadata#BankPages/@Element",
   "AccountCode" : "ACUST0001",
   "Sequence" : 68,
   "AccountName" : "Roy Mathew",
   "Reference" : null,
   "DueDate" : "2023-05-22T00:00:00Z",
   "Memo" : null,
   "DebitAmount" : 600.0,
   "CreditAmount" : 0.0,
   "BankMatch" : 0,
   "DataSource" : "S",
   "UserSignature" : 47,
   "ExternalCode" : null,
   "CardCode" : "ACUST0001",
   "CardName" : "Roy Mathew",
   "StatementNumber" : null,
   "InvoiceNumber" : null,
   "PaymentCreated" : "tNO",
   "VisualOrder" : 68,
   "DocNumberType" : "bpdt_DocNum",
   "PaymentReference" : "1412",
   "InvoiceNumberEx" : null,
   "BICSwiftCode" : null
}
 
 </msg>
<msg timestamp="20230522 16:22:42.800" level="INFO">${response} = &lt;Response [201]&gt;</msg>
<status status="PASS" starttime="20230522 16:22:42.334" endtime="20230522 16:22:42.800"/>
</kw>
<if>
<branch type="IF" condition="${response.status_code} == 201">
<kw name="Log To Console" library="BuiltIn">
<arg>successbankpages</arg>
<doc>Logs the given message to the console.</doc>
<status status="PASS" starttime="20230522 16:22:42.801" endtime="20230522 16:22:42.802"/>
</kw>
<status status="PASS" starttime="20230522 16:22:42.801" endtime="20230522 16:22:42.802"/>
</branch>
<branch type="ELSE">
<kw name="Log To Console" library="BuiltIn">
<arg>failbankpages</arg>
<doc>Logs the given message to the console.</doc>
<status status="NOT RUN" starttime="20230522 16:22:42.803" endtime="20230522 16:22:42.804"/>
</kw>
<status status="NOT RUN" starttime="20230522 16:22:42.803" endtime="20230522 16:22:42.804"/>
</branch>
<status status="PASS" starttime="20230522 16:22:42.800" endtime="20230522 16:22:42.804"/>
</if>
<status status="PASS" starttime="20230522 16:22:42.331" endtime="20230522 16:22:42.804"/>
</iter>
<iter>
<var name="${counter}">1</var>
<if>
<branch type="IF" condition="${Debitlist}[${counter}] == 0">
<kw name="Set Variable" library="BuiltIn">
<var>${payload1}</var>
<arg>{"AccountCode": "${coded}", "CardCode": "${coded}", "CreditAmount": "${Creditlist}[${counter}]", "DocNumberType": "bpdt_DocNum", "PaymentReference": ${Refnolist}[${counter}]}</arg>
<doc>Returns the given values which can then be assigned to a variables.</doc>
<msg timestamp="20230522 16:22:42.807" level="INFO">${payload1} = {"AccountCode": "ACUST0001", "CardCode": "ACUST0001", "CreditAmount": "600", "DocNumberType": "bpdt_DocNum", "PaymentReference": 2022}</msg>
<status status="PASS" starttime="20230522 16:22:42.806" endtime="20230522 16:22:42.807"/>
</kw>
<status status="PASS" starttime="20230522 16:22:42.805" endtime="20230522 16:22:42.807"/>
</branch>
<branch type="ELSE">
<kw name="Set Variable" library="BuiltIn">
<var>${payload1}</var>
<arg>{"AccountCode": "${coded}", "CardCode": "${coded}", "DebitAmount": "${Debitlist}[${counter}]", "DocNumberType": "bpdt_DocNum", "PaymentReference": ${Refnolist}[${counter}]}</arg>
<doc>Returns the given values which can then be assigned to a variables.</doc>
<status status="NOT RUN" starttime="20230522 16:22:42.808" endtime="20230522 16:22:42.808"/>
</kw>
<status status="NOT RUN" starttime="20230522 16:22:42.807" endtime="20230522 16:22:42.808"/>
</branch>
<status status="PASS" starttime="20230522 16:22:42.805" endtime="20230522 16:22:42.808"/>
</if>
<kw name="Post Request" library="RequestsLibrary">
<var>${response}</var>
<arg>${sessionname}</arg>
<arg>${base_url}/BankPages</arg>
<arg>data=${payload1}</arg>
<arg>headers=${headers}</arg>
<doc>*DEPRECATED* Please use `POST On Session` instead.</doc>
<msg timestamp="20230522 16:22:42.809" level="WARN">Keyword 'RequestsLibrary.Post Request' is deprecated. Please use `POST On Session` instead.</msg>
<msg timestamp="20230522 16:22:42.981" level="INFO">POST Request : url=http://151.80.190.234:50001/b1s/v1/BankPages 
 path_url=/b1s/v1/BankPages 
 headers={'User-Agent': 'python-requests/2.29.0', 'Accept-Encoding': 'gzip, deflate', 'Accept': '*/*', 'Connection': 'keep-alive', 'Content-Type': 'application/json', 'Cookie': 'B1SESSION=15a6f890-f891-11ed-8000-005056009c46', 'Content-Length': '134', 'Authorization': 'Basic eyJDb21wYW55REIiOiAiU0JPRGVtb0dCIiwiVXNlck5hbWUiOiAiZmF2YXMifTpUZXN0QDEyMw=='} 
 body=b'{"AccountCode": "ACUST0001", "CardCode": "ACUST0001", "CreditAmount": "600", "DocNumberType": "bpdt_DocNum", "PaymentReference": 2022}' 
 </msg>
<msg timestamp="20230522 16:22:42.982" level="INFO">POST Response : url=http://151.80.190.234:50001/b1s/v1/BankPages 
 status=201, reason=Created 
 headers={'Date': 'Mon, 22 May 2023 11:09:13 GMT', 'Server': 'Apache', 'DataServiceVersion': '3.0', 'Location': "http://151.80.190.234:50001/b1s/v1/BankPages(AccountCode='ACUST0001',Sequence=69)", 'Keep-Alive': 'timeout=5, max=99', 'Connection': 'Keep-Alive', 'Transfer-Encoding': 'chunked', 'Content-Type': 'application/json;odata=minimalmetadata;charset=utf-8'} 
 body={
   "odata.metadata" : "http://151.80.190.234:50001/b1s/v1/$metadata#BankPages/@Element",
   "AccountCode" : "ACUST0001",
   "Sequence" : 69,
   "AccountName" : "Roy Mathew",
   "Reference" : null,
   "DueDate" : "2023-05-22T00:00:00Z",
   "Memo" : null,
   "DebitAmount" : 0.0,
   "CreditAmount" : 600.0,
   "BankMatch" : 0,
   "DataSource" : "S",
   "UserSignature" : 47,
   "ExternalCode" : null,
   "CardCode" : "ACUST0001",
   "CardName" : "Roy Mathew",
   "StatementNumber" : null,
   "InvoiceNumber" : null,
   "PaymentCreated" : "tNO",
   "VisualOrder" : 69,
   "DocNumberType" : "bpdt_DocNum",
   "PaymentReference" : "2022",
   "InvoiceNumberEx" : null,
   "BICSwiftCode" : null
}
 
 </msg>
<msg timestamp="20230522 16:22:42.983" level="INFO">${response} = &lt;Response [201]&gt;</msg>
<status status="PASS" starttime="20230522 16:22:42.809" endtime="20230522 16:22:42.984"/>
</kw>
<if>
<branch type="IF" condition="${response.status_code} == 201">
<kw name="Log To Console" library="BuiltIn">
<arg>successbankpages</arg>
<doc>Logs the given message to the console.</doc>
<status status="PASS" starttime="20230522 16:22:42.988" endtime="20230522 16:22:42.991"/>
</kw>
<status status="PASS" starttime="20230522 16:22:42.987" endtime="20230522 16:22:42.992"/>
</branch>
<branch type="ELSE">
<kw name="Log To Console" library="BuiltIn">
<arg>failbankpages</arg>
<doc>Logs the given message to the console.</doc>
<status status="NOT RUN" starttime="20230522 16:22:42.994" endtime="20230522 16:22:42.996"/>
</kw>
<status status="NOT RUN" starttime="20230522 16:22:42.993" endtime="20230522 16:22:42.997"/>
</branch>
<status status="PASS" starttime="20230522 16:22:42.985" endtime="20230522 16:22:42.998"/>
</if>
<status status="PASS" starttime="20230522 16:22:42.805" endtime="20230522 16:22:42.998"/>
</iter>
<status status="PASS" starttime="20230522 16:22:42.331" endtime="20230522 16:22:42.999"/>
</for>
<kw name="Create List" library="BuiltIn">
<var>${DebitAmount1list}</var>
<doc>Returns a list containing given items.</doc>
<msg timestamp="20230522 16:22:43.002" level="INFO">${DebitAmount1list} = []</msg>
<status status="PASS" starttime="20230522 16:22:43.000" endtime="20230522 16:22:43.003"/>
</kw>
<kw name="Create List" library="BuiltIn">
<var>${CreditAmount1list}</var>
<doc>Returns a list containing given items.</doc>
<msg timestamp="20230522 16:22:43.005" level="INFO">${CreditAmount1list} = []</msg>
<status status="PASS" starttime="20230522 16:22:43.003" endtime="20230522 16:22:43.005"/>
</kw>
<kw name="Create List" library="BuiltIn">
<var>${DueDate1list}</var>
<doc>Returns a list containing given items.</doc>
<msg timestamp="20230522 16:22:43.008" level="INFO">${DueDate1list} = []</msg>
<status status="PASS" starttime="20230522 16:22:43.006" endtime="20230522 16:22:43.008"/>
</kw>
<kw name="Create List" library="BuiltIn">
<var>${Memo1list}</var>
<doc>Returns a list containing given items.</doc>
<msg timestamp="20230522 16:22:43.011" level="INFO">${Memo1list} = []</msg>
<status status="PASS" starttime="20230522 16:22:43.009" endtime="20230522 16:22:43.013"/>
</kw>
<kw name="Log To Console" library="BuiltIn">
<arg>List Length: ${list_length}</arg>
<arg>-1</arg>
<doc>Logs the given message to the console.</doc>
<status status="PASS" starttime="20230522 16:22:43.014" endtime="20230522 16:22:43.017"/>
</kw>
<for flavor="IN RANGE">
<var>${counter}</var>
<value>0</value>
<value>${list_length}-1</value>
<iter>
<var name="${counter}">0</var>
<kw name="Get Request" library="RequestsLibrary">
<var>${customer_response1}</var>
<arg>${sessionname}</arg>
<arg>${base_url}/BankPages?$select=AccountCode,PaymentReference,DueDate,CreditAmount,DebitAmount,Sequence,AccountName&amp;$filter=AccountCode eq '${coded}' and CreditAmount eq ${Creditlist}[${counter}] and DebitAmount eq ${Debitlist}[${counter}] and DueDate eq '${Transdatelist}[${counter}]'&amp;$orderby=Sequence desc</arg>
<doc>*DEPRECATED* Please use `GET On Session` instead.</doc>
<msg timestamp="20230522 16:22:43.023" level="WARN">Keyword 'RequestsLibrary.Get Request' is deprecated. Please use `GET On Session` instead.</msg>
<msg timestamp="20230522 16:22:43.208" level="INFO">GET Request : url=http://151.80.190.234:50001/b1s/v1/BankPages?$select=AccountCode,PaymentReference,DueDate,CreditAmount,DebitAmount,Sequence,AccountName&amp;$filter=AccountCode%20eq%20'ACUST0001'%20and%20CreditAmount%20eq%200%20and%20DebitAmount%20eq%20600%20and%20DueDate%20eq%20'2023-05-19T00:00:00Z'&amp;$orderby=Sequence%20desc 
 path_url=/b1s/v1/BankPages?$select=AccountCode,PaymentReference,DueDate,CreditAmount,DebitAmount,Sequence,AccountName&amp;$filter=AccountCode%20eq%20'ACUST0001'%20and%20CreditAmount%20eq%200%20and%20DebitAmount%20eq%20600%20and%20DueDate%20eq%20'2023-05-19T00:00:00Z'&amp;$orderby=Sequence%20desc 
 headers={'User-Agent': 'python-requests/2.29.0', 'Accept-Encoding': 'gzip, deflate', 'Accept': '*/*', 'Connection': 'keep-alive', 'Cookie': 'B1SESSION=15a6f890-f891-11ed-8000-005056009c46', 'Authorization': 'Basic eyJDb21wYW55REIiOiAiU0JPRGVtb0dCIiwiVXNlck5hbWUiOiAiZmF2YXMifTpUZXN0QDEyMw=='} 
 body=None 
 </msg>
<msg timestamp="20230522 16:22:43.209" level="INFO">GET Response : url=http://151.80.190.234:50001/b1s/v1/BankPages?$select=AccountCode,PaymentReference,DueDate,CreditAmount,DebitAmount,Sequence,AccountName&amp;$filter=AccountCode%20eq%20'ACUST0001'%20and%20CreditAmount%20eq%200%20and%20DebitAmount%20eq%20600%20and%20DueDate%20eq%20'2023-05-19T00:00:00Z'&amp;$orderby=Sequence%20desc 
 status=200, reason=OK 
 headers={'Date': 'Mon, 22 May 2023 11:09:14 GMT', 'Server': 'Apache', 'DataServiceVersion': '3.0', 'Keep-Alive': 'timeout=5, max=98', 'Connection': 'Keep-Alive', 'Transfer-Encoding': 'chunked', 'Content-Type': 'application/json;odata=minimalmetadata;charset=utf-8'} 
 body={
   "odata.metadata" : "http://151.80.190.234:50001/b1s/v1/$metadata#BankPages",
   "value" : [
      {
         "AccountCode" : "ACUST0001",
         "Sequence" : 66,
         "AccountName" : "Roy Mathew",
         "DueDate" : "2023-05-19T00:00:00Z",
         "DebitAmount" : 600.0,
         "CreditAmount" : 0.0,
         "PaymentReference" : "1412"
      }
   ]
}
 
 </msg>
<msg timestamp="20230522 16:22:43.209" level="INFO">${customer_response1} = &lt;Response [200]&gt;</msg>
<status status="PASS" starttime="20230522 16:22:43.022" endtime="20230522 16:22:43.209"/>
</kw>
<if>
<branch type="IF" condition="${customer_response1.status_code} == 200">
<kw name="Set Variable" library="BuiltIn">
<var>${customer_data1}</var>
<arg>${customer_response1.json()['value'][0]}</arg>
<doc>Returns the given values which can then be assigned to a variables.</doc>
<msg timestamp="20230522 16:22:43.213" level="INFO">${customer_data1} = {'AccountCode': 'ACUST0001', 'Sequence': 66, 'AccountName': 'Roy Mathew', 'DueDate': '2023-05-19T00:00:00Z', 'DebitAmount': 600.0, 'CreditAmount': 0.0, 'PaymentReference': '1412'}</msg>
<status status="PASS" starttime="20230522 16:22:43.211" endtime="20230522 16:22:43.213"/>
</kw>
<kw name="Set Variable" library="BuiltIn">
<var>${AccountCode}</var>
<arg>${customer_data1['AccountCode']}</arg>
<doc>Returns the given values which can then be assigned to a variables.</doc>
<msg timestamp="20230522 16:22:43.215" level="INFO">${AccountCode} = ACUST0001</msg>
<status status="PASS" starttime="20230522 16:22:43.214" endtime="20230522 16:22:43.216"/>
</kw>
<kw name="Set Variable" library="BuiltIn">
<var>${Sequence}</var>
<arg>${customer_data1['Sequence']}</arg>
<doc>Returns the given values which can then be assigned to a variables.</doc>
<msg timestamp="20230522 16:22:43.217" level="INFO">${Sequence} = 66</msg>
<status status="PASS" starttime="20230522 16:22:43.216" endtime="20230522 16:22:43.217"/>
</kw>
<kw name="Log To Console" library="BuiltIn">
<arg>Sequencseeeeeeee: ${Sequence}</arg>
<doc>Logs the given message to the console.</doc>
<status status="PASS" starttime="20230522 16:22:43.217" endtime="20230522 16:22:43.218"/>
</kw>
<kw name="Set Variable" library="BuiltIn">
<var>${AccountName}</var>
<arg>${customer_data1['AccountName']}</arg>
<doc>Returns the given values which can then be assigned to a variables.</doc>
<msg timestamp="20230522 16:22:43.219" level="INFO">${AccountName} = Roy Mathew</msg>
<status status="PASS" starttime="20230522 16:22:43.218" endtime="20230522 16:22:43.220"/>
</kw>
<kw name="Set Variable" library="BuiltIn">
<var>${DueDate1}</var>
<arg>${customer_data1['DueDate']}</arg>
<doc>Returns the given values which can then be assigned to a variables.</doc>
<msg timestamp="20230522 16:22:43.221" level="INFO">${DueDate1} = 2023-05-19T00:00:00Z</msg>
<status status="PASS" starttime="20230522 16:22:43.220" endtime="20230522 16:22:43.221"/>
</kw>
<kw name="Convert Date" library="DateTime">
<var>${DueDate1}</var>
<arg>${customer_data1['DueDate']}</arg>
<arg>result_format=%d%m%Y</arg>
<doc>Converts between supported `date formats`.</doc>
<msg timestamp="20230522 16:22:43.253" level="INFO">${DueDate1} = 19052023</msg>
<status status="PASS" starttime="20230522 16:22:43.221" endtime="20230522 16:22:43.254"/>
</kw>
<kw name="Convert To Number" library="BuiltIn">
<var>${DueDate1}</var>
<arg>${DueDate1}</arg>
<doc>Converts the given item to a floating point number.</doc>
<msg timestamp="20230522 16:22:43.255" level="INFO">${DueDate1} = 19052023.0</msg>
<status status="PASS" starttime="20230522 16:22:43.254" endtime="20230522 16:22:43.255"/>
</kw>
<kw name="Set Variable" library="BuiltIn">
<var>${Memo1}</var>
<arg>${customer_data1['PaymentReference']}</arg>
<doc>Returns the given values which can then be assigned to a variables.</doc>
<msg timestamp="20230522 16:22:43.257" level="INFO">${Memo1} = 1412</msg>
<status status="PASS" starttime="20230522 16:22:43.255" endtime="20230522 16:22:43.257"/>
</kw>
<kw name="Set Variable" library="BuiltIn">
<var>${DebitAmount1}</var>
<arg>${customer_data1['DebitAmount']}</arg>
<doc>Returns the given values which can then be assigned to a variables.</doc>
<msg timestamp="20230522 16:22:43.258" level="INFO">${DebitAmount1} = 600.0</msg>
<status status="PASS" starttime="20230522 16:22:43.257" endtime="20230522 16:22:43.258"/>
</kw>
<kw name="Convert To Integer" library="BuiltIn">
<var>${DebitAmount1}</var>
<arg>${DebitAmount1}</arg>
<doc>Converts the given item to an integer number.</doc>
<msg timestamp="20230522 16:22:43.259" level="INFO">${DebitAmount1} = 600</msg>
<status status="PASS" starttime="20230522 16:22:43.258" endtime="20230522 16:22:43.259"/>
</kw>
<kw name="Set Variable" library="BuiltIn">
<var>${CreditAmount1}</var>
<arg>${customer_data1['CreditAmount']}</arg>
<doc>Returns the given values which can then be assigned to a variables.</doc>
<msg timestamp="20230522 16:22:43.260" level="INFO">${CreditAmount1} = 0.0</msg>
<status status="PASS" starttime="20230522 16:22:43.259" endtime="20230522 16:22:43.261"/>
</kw>
<kw name="Convert To Integer" library="BuiltIn">
<var>${CreditAmount1}</var>
<arg>${CreditAmount1}</arg>
<doc>Converts the given item to an integer number.</doc>
<msg timestamp="20230522 16:22:43.262" level="INFO">${CreditAmount1} = 0</msg>
<status status="PASS" starttime="20230522 16:22:43.261" endtime="20230522 16:22:43.263"/>
</kw>
<kw name="Append To List" library="Collections">
<arg>${sequencelist}</arg>
<arg>${Sequence}</arg>
<doc>Adds ``values`` to the end of ``list``.</doc>
<status status="PASS" starttime="20230522 16:22:43.264" endtime="20230522 16:22:43.265"/>
</kw>
<kw name="Append To List" library="Collections">
<arg>${DebitAmount1list}</arg>
<arg>${DebitAmount1}</arg>
<doc>Adds ``values`` to the end of ``list``.</doc>
<status status="PASS" starttime="20230522 16:22:43.266" endtime="20230522 16:22:43.267"/>
</kw>
<kw name="Append To List" library="Collections">
<arg>${CreditAmount1list}</arg>
<arg>${CreditAmount1}</arg>
<doc>Adds ``values`` to the end of ``list``.</doc>
<status status="PASS" starttime="20230522 16:22:43.267" endtime="20230522 16:22:43.268"/>
</kw>
<kw name="Append To List" library="Collections">
<arg>${DueDate1list}</arg>
<arg>${DueDate1}</arg>
<doc>Adds ``values`` to the end of ``list``.</doc>
<status status="PASS" starttime="20230522 16:22:43.268" endtime="20230522 16:22:43.268"/>
</kw>
<kw name="Append To List" library="Collections">
<arg>${Memo1list}</arg>
<arg>${Memo1}</arg>
<doc>Adds ``values`` to the end of ``list``.</doc>
<status status="PASS" starttime="20230522 16:22:43.268" endtime="20230522 16:22:43.269"/>
</kw>
<status status="PASS" starttime="20230522 16:22:43.210" endtime="20230522 16:22:43.269"/>
</branch>
<branch type="ELSE">
<kw name="Log To Console" library="BuiltIn">
<arg>failgetbankpages</arg>
<doc>Logs the given message to the console.</doc>
<status status="NOT RUN" starttime="20230522 16:22:43.269" endtime="20230522 16:22:43.270"/>
</kw>
<status status="NOT RUN" starttime="20230522 16:22:43.269" endtime="20230522 16:22:43.270"/>
</branch>
<status status="PASS" starttime="20230522 16:22:43.209" endtime="20230522 16:22:43.270"/>
</if>
<status status="PASS" starttime="20230522 16:22:43.020" endtime="20230522 16:22:43.270"/>
</iter>
<iter>
<var name="${counter}">1</var>
<kw name="Get Request" library="RequestsLibrary">
<var>${customer_response1}</var>
<arg>${sessionname}</arg>
<arg>${base_url}/BankPages?$select=AccountCode,PaymentReference,DueDate,CreditAmount,DebitAmount,Sequence,AccountName&amp;$filter=AccountCode eq '${coded}' and CreditAmount eq ${Creditlist}[${counter}] and DebitAmount eq ${Debitlist}[${counter}] and DueDate eq '${Transdatelist}[${counter}]'&amp;$orderby=Sequence desc</arg>
<doc>*DEPRECATED* Please use `GET On Session` instead.</doc>
<msg timestamp="20230522 16:22:43.270" level="WARN">Keyword 'RequestsLibrary.Get Request' is deprecated. Please use `GET On Session` instead.</msg>
<msg timestamp="20230522 16:22:43.432" level="INFO">GET Request : url=http://151.80.190.234:50001/b1s/v1/BankPages?$select=AccountCode,PaymentReference,DueDate,CreditAmount,DebitAmount,Sequence,AccountName&amp;$filter=AccountCode%20eq%20'ACUST0001'%20and%20CreditAmount%20eq%20600%20and%20DebitAmount%20eq%200%20and%20DueDate%20eq%20'2023-05-19T00:00:00Z'&amp;$orderby=Sequence%20desc 
 path_url=/b1s/v1/BankPages?$select=AccountCode,PaymentReference,DueDate,CreditAmount,DebitAmount,Sequence,AccountName&amp;$filter=AccountCode%20eq%20'ACUST0001'%20and%20CreditAmount%20eq%20600%20and%20DebitAmount%20eq%200%20and%20DueDate%20eq%20'2023-05-19T00:00:00Z'&amp;$orderby=Sequence%20desc 
 headers={'User-Agent': 'python-requests/2.29.0', 'Accept-Encoding': 'gzip, deflate', 'Accept': '*/*', 'Connection': 'keep-alive', 'Cookie': 'B1SESSION=15a6f890-f891-11ed-8000-005056009c46', 'Authorization': 'Basic eyJDb21wYW55REIiOiAiU0JPRGVtb0dCIiwiVXNlck5hbWUiOiAiZmF2YXMifTpUZXN0QDEyMw=='} 
 body=None 
 </msg>
<msg timestamp="20230522 16:22:43.432" level="INFO">GET Response : url=http://151.80.190.234:50001/b1s/v1/BankPages?$select=AccountCode,PaymentReference,DueDate,CreditAmount,DebitAmount,Sequence,AccountName&amp;$filter=AccountCode%20eq%20'ACUST0001'%20and%20CreditAmount%20eq%20600%20and%20DebitAmount%20eq%200%20and%20DueDate%20eq%20'2023-05-19T00:00:00Z'&amp;$orderby=Sequence%20desc 
 status=200, reason=OK 
 headers={'Date': 'Mon, 22 May 2023 11:09:14 GMT', 'Server': 'Apache', 'DataServiceVersion': '3.0', 'Keep-Alive': 'timeout=5, max=97', 'Connection': 'Keep-Alive', 'Transfer-Encoding': 'chunked', 'Content-Type': 'application/json;odata=minimalmetadata;charset=utf-8'} 
 body={
   "odata.metadata" : "http://151.80.190.234:50001/b1s/v1/$metadata#BankPages",
   "value" : [
      {
         "AccountCode" : "ACUST0001",
         "Sequence" : 67,
         "AccountName" : "Roy Mathew",
         "DueDate" : "2023-05-19T00:00:00Z",
         "DebitAmount" : 0.0,
         "CreditAmount" : 600.0,
         "PaymentReference" : "2022"
      }
   ]
}
 
 </msg>
<msg timestamp="20230522 16:22:43.433" level="INFO">${customer_response1} = &lt;Response [200]&gt;</msg>
<status status="PASS" starttime="20230522 16:22:43.270" endtime="20230522 16:22:43.433"/>
</kw>
<if>
<branch type="IF" condition="${customer_response1.status_code} == 200">
<kw name="Set Variable" library="BuiltIn">
<var>${customer_data1}</var>
<arg>${customer_response1.json()['value'][0]}</arg>
<doc>Returns the given values which can then be assigned to a variables.</doc>
<msg timestamp="20230522 16:22:43.438" level="INFO">${customer_data1} = {'AccountCode': 'ACUST0001', 'Sequence': 67, 'AccountName': 'Roy Mathew', 'DueDate': '2023-05-19T00:00:00Z', 'DebitAmount': 0.0, 'CreditAmount': 600.0, 'PaymentReference': '2022'}</msg>
<status status="PASS" starttime="20230522 16:22:43.436" endtime="20230522 16:22:43.438"/>
</kw>
<kw name="Set Variable" library="BuiltIn">
<var>${AccountCode}</var>
<arg>${customer_data1['AccountCode']}</arg>
<doc>Returns the given values which can then be assigned to a variables.</doc>
<msg timestamp="20230522 16:22:43.440" level="INFO">${AccountCode} = ACUST0001</msg>
<status status="PASS" starttime="20230522 16:22:43.438" endtime="20230522 16:22:43.440"/>
</kw>
<kw name="Set Variable" library="BuiltIn">
<var>${Sequence}</var>
<arg>${customer_data1['Sequence']}</arg>
<doc>Returns the given values which can then be assigned to a variables.</doc>
<msg timestamp="20230522 16:22:43.442" level="INFO">${Sequence} = 67</msg>
<status status="PASS" starttime="20230522 16:22:43.440" endtime="20230522 16:22:43.442"/>
</kw>
<kw name="Log To Console" library="BuiltIn">
<arg>Sequencseeeeeeee: ${Sequence}</arg>
<doc>Logs the given message to the console.</doc>
<status status="PASS" starttime="20230522 16:22:43.442" endtime="20230522 16:22:43.443"/>
</kw>
<kw name="Set Variable" library="BuiltIn">
<var>${AccountName}</var>
<arg>${customer_data1['AccountName']}</arg>
<doc>Returns the given values which can then be assigned to a variables.</doc>
<msg timestamp="20230522 16:22:43.446" level="INFO">${AccountName} = Roy Mathew</msg>
<status status="PASS" starttime="20230522 16:22:43.444" endtime="20230522 16:22:43.446"/>
</kw>
<kw name="Set Variable" library="BuiltIn">
<var>${DueDate1}</var>
<arg>${customer_data1['DueDate']}</arg>
<doc>Returns the given values which can then be assigned to a variables.</doc>
<msg timestamp="20230522 16:22:43.451" level="INFO">${DueDate1} = 2023-05-19T00:00:00Z</msg>
<status status="PASS" starttime="20230522 16:22:43.447" endtime="20230522 16:22:43.451"/>
</kw>
<kw name="Convert Date" library="DateTime">
<var>${DueDate1}</var>
<arg>${customer_data1['DueDate']}</arg>
<arg>result_format=%d%m%Y</arg>
<doc>Converts between supported `date formats`.</doc>
<msg timestamp="20230522 16:22:43.454" level="INFO">${DueDate1} = 19052023</msg>
<status status="PASS" starttime="20230522 16:22:43.452" endtime="20230522 16:22:43.454"/>
</kw>
<kw name="Convert To Number" library="BuiltIn">
<var>${DueDate1}</var>
<arg>${DueDate1}</arg>
<doc>Converts the given item to a floating point number.</doc>
<msg timestamp="20230522 16:22:43.455" level="INFO">${DueDate1} = 19052023.0</msg>
<status status="PASS" starttime="20230522 16:22:43.454" endtime="20230522 16:22:43.455"/>
</kw>
<kw name="Set Variable" library="BuiltIn">
<var>${Memo1}</var>
<arg>${customer_data1['PaymentReference']}</arg>
<doc>Returns the given values which can then be assigned to a variables.</doc>
<msg timestamp="20230522 16:22:43.458" level="INFO">${Memo1} = 2022</msg>
[...]
</kw>
<kw name="Convert To Integer" library="BuiltIn">
<var>${CreditAmount}</var>
<arg>${CreditAmount}</arg>
<doc>Converts the given item to an integer number.</doc>
<status status="NOT RUN" starttime="20230522 16:22:44.597" endtime="20230522 16:22:44.597"/>
</kw>
<kw name="Set Variable" library="BuiltIn">
<var>${Line_ID}</var>
<arg>${customer_data['Line_ID']}</arg>
<doc>Returns the given values which can then be assigned to a variables.</doc>
<status status="NOT RUN" starttime="20230522 16:22:44.597" endtime="20230522 16:22:44.597"/>
</kw>
<kw name="Set Variable" library="BuiltIn">
<var>${Referencid}</var>
<arg>${customer_data['Reference1']}</arg>
<doc>Returns the given values which can then be assigned to a variables.</doc>
<status status="NOT RUN" starttime="20230522 16:22:44.598" endtime="20230522 16:22:44.598"/>
</kw>
<kw name="Set Variable" library="BuiltIn">
<var>${DueDatejo}</var>
<arg>${customer_data['DueDate']}</arg>
<doc>Returns the given values which can then be assigned to a variables.</doc>
<status status="NOT RUN" starttime="20230522 16:22:44.598" endtime="20230522 16:22:44.598"/>
</kw>
<kw name="Convert Date" library="DateTime">
<var>${DueDatejo}</var>
<arg>${DueDatejo}</arg>
<arg>result_format=%Y-%m-%dT%H:%M:%SZ</arg>
<doc>Converts between supported `date formats`.</doc>
<status status="NOT RUN" starttime="20230522 16:22:44.598" endtime="20230522 16:22:44.598"/>
</kw>
<kw name="Set Variable" library="BuiltIn">
<var>${Memo}</var>
<arg>${customer_data['LineMemo']}</arg>
<doc>Returns the given values which can then be assigned to a variables.</doc>
<status status="NOT RUN" starttime="20230522 16:22:44.598" endtime="20230522 16:22:44.599"/>
</kw>
<for flavor="IN RANGE">
<var>${counter1}</var>
<value>0</value>
<value>${list_length}-1</value>
<iter>
<var name="${counter1}"/>
<kw name="Run Keyword And Ignore Error" library="BuiltIn">
<var>${memo1}</var>
<arg>Should Be Equal As Strings</arg>
<arg>${Memo}</arg>
<arg>${Detailslist}[${counter1}]</arg>
<doc>Runs the given keyword with the given arguments and ignores possible error.</doc>
<status status="NOT RUN" starttime="20230522 16:22:44.599" endtime="20230522 16:22:44.599"/>
</kw>
<kw name="Set Variable" library="BuiltIn">
<var>${memo1}</var>
<arg>${memo1}[0]</arg>
<doc>Returns the given values which can then be assigned to a variables.</doc>
<status status="NOT RUN" starttime="20230522 16:22:44.600" endtime="20230522 16:22:44.600"/>
</kw>
<kw name="Set Variable" library="BuiltIn">
<var>${pass}</var>
<arg>PASS</arg>
<doc>Returns the given values which can then be assigned to a variables.</doc>
<status status="NOT RUN" starttime="20230522 16:22:44.601" endtime="20230522 16:22:44.601"/>
</kw>
<kw name="Evaluate" library="BuiltIn">
<var>${condition}</var>
<arg>"${customer_data['LineMemo']}" == "${Detailslist}[${counter1}]" and ${Referencid} == ${Refnolist}[${counter1}]</arg>
<doc>Evaluates the given expression in Python and returns the result.</doc>
<status status="NOT RUN" starttime="20230522 16:22:44.601" endtime="20230522 16:22:44.601"/>
</kw>
<kw name="Run Keyword If" library="BuiltIn">
<arg>${condition}</arg>
<arg>Append To List</arg>
<arg>${linidlist}</arg>
<arg>${Line_ID}</arg>
<doc>Runs the given keyword with the given arguments, if ``condition`` is true.</doc>
<status status="NOT RUN" starttime="20230522 16:22:44.602" endtime="20230522 16:22:44.602"/>
</kw>
<status status="NOT RUN" starttime="20230522 16:22:44.599" endtime="20230522 16:22:44.602"/>
</iter>
<status status="NOT RUN" starttime="20230522 16:22:44.599" endtime="20230522 16:22:44.602"/>
</for>
<status status="NOT RUN" starttime="20230522 16:22:44.596" endtime="20230522 16:22:44.602"/>
</iter>
<status status="NOT RUN" starttime="20230522 16:22:44.596" endtime="20230522 16:22:44.602"/>
</for>
<status status="NOT RUN" starttime="20230522 16:22:44.592" endtime="20230522 16:22:44.603"/>
</branch>
<branch type="ELSE">
<kw name="Log To Console" library="BuiltIn">
<arg>fail</arg>
<doc>Logs the given message to the console.</doc>
<status status="NOT RUN" starttime="20230522 16:22:44.603" endtime="20230522 16:22:44.603"/>
</kw>
<status status="NOT RUN" starttime="20230522 16:22:44.603" endtime="20230522 16:22:44.603"/>
</branch>
<status status="NOT RUN" starttime="20230522 16:22:44.592" endtime="20230522 16:22:44.603"/>
</if>
<status status="NOT RUN" starttime="20230522 16:22:44.590" endtime="20230522 16:22:44.603"/>
</branch>
<status status="PASS" starttime="20230522 16:22:44.388" endtime="20230522 16:22:44.603"/>
</if>
<status status="PASS" starttime="20230522 16:22:44.388" endtime="20230522 16:22:44.603"/>
</iter>
<status status="PASS" starttime="20230522 16:22:43.478" endtime="20230522 16:22:44.604"/>
</for>
<kw name="Log To Console" library="BuiltIn">
<arg>\nLineIdLists: ${linidlist}\n</arg>
<doc>Logs the given message to the console.</doc>
<status status="PASS" starttime="20230522 16:22:44.604" endtime="20230522 16:22:44.605"/>
</kw>
<kw name="Log To Console" library="BuiltIn">
<arg>\nSequenceLists: ${sequencelist}\n</arg>
<doc>Logs the given message to the console.</doc>
<status status="PASS" starttime="20230522 16:22:44.605" endtime="20230522 16:22:44.606"/>
</kw>
<kw name="Remove Duplicates" library="Collections">
<var>${sequencelist}</var>
<arg>${sequencelist}</arg>
<doc>Returns a list without duplicates based on the given ``list``.</doc>
<msg timestamp="20230522 16:22:44.608" level="INFO">0 duplicates removed.</msg>
<msg timestamp="20230522 16:22:44.608" level="INFO">${sequencelist} = [66, 67]</msg>
<status status="PASS" starttime="20230522 16:22:44.607" endtime="20230522 16:22:44.608"/>
</kw>
<kw name="Remove Duplicates" library="Collections">
<var>${TransIDlist}</var>
<arg>${TransIDlist}</arg>
<doc>Returns a list without duplicates based on the given ``list``.</doc>
<msg timestamp="20230522 16:22:44.609" level="INFO">0 duplicates removed.</msg>
<msg timestamp="20230522 16:22:44.609" level="INFO">${TransIDlist} = [25005, 25006, '0']</msg>
<status status="PASS" starttime="20230522 16:22:44.609" endtime="20230522 16:22:44.609"/>
</kw>
<kw name="Get Length" library="BuiltIn">
<var>${linidlist_length}</var>
<arg>${linidlist}</arg>
<doc>Returns and logs the length of the given item as an integer.</doc>
<msg timestamp="20230522 16:22:44.610" level="INFO">Length is 7</msg>
<msg timestamp="20230522 16:22:44.610" level="INFO">${linidlist_length} = 7</msg>
<status status="PASS" starttime="20230522 16:22:44.610" endtime="20230522 16:22:44.610"/>
</kw>
<if>
<branch type="IF" condition="${linidlist_length} == 0">
<kw name="Log To Console" library="BuiltIn">
<arg>"There are no transaction with these details Or Already Reconciled..."</arg>
<doc>Logs the given message to the console.</doc>
<status status="NOT RUN" starttime="20230522 16:22:44.611" endtime="20230522 16:22:44.611"/>
</kw>
<status status="NOT RUN" starttime="20230522 16:22:44.611" endtime="20230522 16:22:44.611"/>
</branch>
<branch type="ELSE">
<kw name="Log To Console" library="BuiltIn">
<arg>\nLineIdList: ${linidlist}\nTransId: ${TransIDlist}\nAccountCode: ${coded}\nSequenceList:${sequencelist}\n</arg>
<doc>Logs the given message to the console.</doc>
<status status="PASS" starttime="20230522 16:22:44.612" endtime="20230522 16:22:44.613"/>
</kw>
<kw name="posting ExternalReconciliation">
<arg>${linidlist}</arg>
<arg>${TransIDlist}</arg>
<arg>${coded}</arg>
<arg>${sequencelist}</arg>
<arg>${headers}</arg>
<kw name="Log To Console" library="BuiltIn">
<arg>Line Id1: ${linidlist}[0],Line Id2:${linidlist}[1]</arg>
<doc>Logs the given message to the console.</doc>
<status status="PASS" starttime="20230522 16:22:44.614" endtime="20230522 16:22:44.615"/>
</kw>
<if>
<branch type="IF" condition="${linidlist}">
<kw name="Set Variable" library="BuiltIn">
<var>${payload3}</var>
<arg>{"ExternalReconciliation": {"ReconciliationAccountType": "${datatype}","ReconciliationBankStatementLines":[ {"BankStatementAccountCode": "${coded}","Sequence": ${sequencelist}[0]},{"BankStatementAccountCode": "${coded}","Sequence": ${sequencelist}[1]}],"ReconciliationJournalEntryLines":[{"LineNumber": ${linidlist}[0],"TransactionNumber": ${TransIDlist}[0]},{"LineNumber": ${linidlist}[1],"TransactionNumber": ${TransIDlist}[1]}]}}</arg>
<doc>Returns the given values which can then be assigned to a variables.</doc>
<msg timestamp="20230522 16:22:44.649" level="INFO">${payload3} = {"ExternalReconciliation": {"ReconciliationAccountType": "rat_BusinessPartner","ReconciliationBankStatementLines":[ {"BankStatementAccountCode": "ACUST0001","Sequence": 66},{"BankStatementAccountCode"...</msg>
<status status="PASS" starttime="20230522 16:22:44.616" endtime="20230522 16:22:44.649"/>
</kw>
<kw name="Post Request" library="RequestsLibrary">
<var>${response}</var>
<arg>${sessionname}</arg>
<arg>${base_url}/ExternalReconciliationsService_Reconcile</arg>
<arg>data=${payload3}</arg>
<arg>headers=${headers}</arg>
<doc>*DEPRECATED* Please use `POST On Session` instead.</doc>
<msg timestamp="20230522 16:22:44.650" level="WARN">Keyword 'RequestsLibrary.Post Request' is deprecated. Please use `POST On Session` instead.</msg>
<msg timestamp="20230522 16:22:44.818" level="INFO">POST Request : url=http://151.80.190.234:50001/b1s/v1/ExternalReconciliationsService_Reconcile 
 path_url=/b1s/v1/ExternalReconciliationsService_Reconcile 
 headers={'User-Agent': 'python-requests/2.29.0', 'Accept-Encoding': 'gzip, deflate', 'Accept': '*/*', 'Connection': 'keep-alive', 'Content-Type': 'application/json', 'Cookie': 'B1SESSION=15a6f890-f891-11ed-8000-005056009c46', 'Content-Length': '358', 'Authorization': 'Basic eyJDb21wYW55REIiOiAiU0JPRGVtb0dCIiwiVXNlck5hbWUiOiAiZmF2YXMifTpUZXN0QDEyMw=='} 
 body=b'{"ExternalReconciliation": {"ReconciliationAccountType": "rat_BusinessPartner","ReconciliationBankStatementLines":[ {"BankStatementAccountCode": "ACUST0001","Sequence": 66},{"BankStatementAccountCode": "ACUST0001","Sequence": 67}],"ReconciliationJournalEntryLines":[{"LineNumber": 0,"TransactionNumber": 25005},{"LineNumber": 1,"TransactionNumber": 25006}]}}' 
 </msg>
<msg timestamp="20230522 16:22:44.818" level="INFO">POST Response : url=http://151.80.190.234:50001/b1s/v1/ExternalReconciliationsService_Reconcile 
 status=412, reason=Precondition Failed 
 headers={'Date': 'Mon, 22 May 2023 11:09:15 GMT', 'Server': 'Apache', 'DataServiceVersion': '3.0', 'Keep-Alive': 'timeout=5, max=93', 'Connection': 'Keep-Alive', 'Transfer-Encoding': 'chunked', 'Content-Type': 'application/json;charset=utf-8'} 
 body={
   "error" : {
      "code" : -2039,
      "message" : {
         "lang" : "en-us",
         "value" : "Another user or another operation modified data; to continue, open the window again (ODBC -2039)  [Message 131-183]"
      }
   }
}
 
 </msg>
<msg timestamp="20230522 16:22:44.819" level="INFO">${response} = &lt;Response [412]&gt;</msg>
<status status="PASS" starttime="20230522 16:22:44.649" endtime="20230522 16:22:44.819"/>
</kw>
<if>
<branch type="IF" condition="${response.status_code} == 204">
<kw name="Open Workbook" library="RPA.Excel.Files">
<arg>${url}</arg>
<doc>Open an existing Excel workbook.</doc>
<status status="NOT RUN" starttime="20230522 16:22:44.820" endtime="20230522 16:22:44.820"/>
</kw>
<kw name="Set Active Worksheet" library="RPA.Excel.Files">
<arg>Sheet1</arg>
<doc>Set the active worksheet.</doc>
<status status="NOT RUN" starttime="20230522 16:22:44.820" endtime="20230522 16:22:44.821"/>
</kw>
<kw name="Set Styles" library="RPA.Excel.Files">
<arg>G3:G5</arg>
<arg>color=ffffff</arg>
<arg>align_horizontal=center</arg>
<arg>align_vertical=center</arg>
<arg>bold=True</arg>
<arg>cell_fill=198754</arg>
<doc>Set styles for range of cells.</doc>
<status status="NOT RUN" starttime="20230522 16:22:44.821" endtime="20230522 16:22:44.821"/>
</kw>
<kw name="Set Cell Value" library="RPA.Excel.Files">
<arg>4</arg>
<arg>7</arg>
<arg>${success_msg}</arg>
<doc>Set a cell value in the given worksheet.</doc>
<status status="NOT RUN" starttime="20230522 16:22:44.821" endtime="20230522 16:22:44.821"/>
</kw>
<kw name="Save Workbook" library="RPA.Excel.Files">
<doc>Save the active workbook.</doc>
<status status="NOT RUN" starttime="20230522 16:22:44.822" endtime="20230522 16:22:44.822"/>
</kw>
<kw name="Log To Console" library="BuiltIn">
<arg>Reconciliation Success</arg>
<doc>Logs the given message to the console.</doc>
<status status="NOT RUN" starttime="20230522 16:22:44.822" endtime="20230522 16:22:44.822"/>
</kw>
<status status="NOT RUN" starttime="20230522 16:22:44.820" endtime="20230522 16:22:44.822"/>
</branch>
<branch type="ELSE">
<kw name="Set Variable" library="BuiltIn">
<var>${ErrorMsg}</var>
<arg>${response.json()['error']['message']['value']}</arg>
<doc>Returns the given values which can then be assigned to a variables.</doc>
<msg timestamp="20230522 16:22:44.824" level="INFO">${ErrorMsg} = Another user or another operation modified data; to continue, open the window again (ODBC -2039)  [Message 131-183]</msg>
<status status="PASS" starttime="20230522 16:22:44.823" endtime="20230522 16:22:44.824"/>
</kw>
<kw name="Open Workbook" library="RPA.Excel.Files">
<arg>${url}</arg>
<doc>Open an existing Excel workbook.</doc>
<msg timestamp="20230522 16:22:44.825" level="INFO">Closing workbook: &lt;RPA.Excel.Files.XlsxWorkbook object at 0x000001EFA69E5820&gt;</msg>
<msg timestamp="20230522 16:22:44.847" level="INFO">Opened workbook: &lt;RPA.Excel.Files.XlsxWorkbook object at 0x000001EFA69E5820&gt;</msg>
<status status="PASS" starttime="20230522 16:22:44.824" endtime="20230522 16:22:44.847"/>
</kw>
<kw name="Set Active Worksheet" library="RPA.Excel.Files">
<arg>Sheet1</arg>
<doc>Set the active worksheet.</doc>
<status status="PASS" starttime="20230522 16:22:44.847" endtime="20230522 16:22:44.848"/>
</kw>
<kw name="Set Styles" library="RPA.Excel.Files">
<arg>G3:G5</arg>
<arg>color=ffffff</arg>
<arg>align_horizontal=center</arg>
<arg>align_vertical=center</arg>
<arg>bold=True</arg>
<arg>cell_fill=DC143C</arg>
<doc>Set styles for range of cells.</doc>
<status status="PASS" starttime="20230522 16:22:44.848" endtime="20230522 16:22:44.849"/>
</kw>
<kw name="Set Cell Value" library="RPA.Excel.Files">
<arg>4</arg>
<arg>7</arg>
<arg>${fail_msg}</arg>
<doc>Set a cell value in the given worksheet.</doc>
<status status="PASS" starttime="20230522 16:22:44.849" endtime="20230522 16:22:44.850"/>
</kw>
<kw name="Set Cell Value" library="RPA.Excel.Files">
<arg>5</arg>
<arg>7</arg>
<arg>Value: ${ErrorMsg}</arg>
<doc>Set a cell value in the given worksheet.</doc>
<status status="PASS" starttime="20230522 16:22:44.850" endtime="20230522 16:22:44.851"/>
</kw>
<kw name="Set Cell Format" library="RPA.Excel.Files">
<arg>5</arg>
<arg>7</arg>
<arg>wrap_text=True</arg>
<doc>Set format for cell.</doc>
<status status="PASS" starttime="20230522 16:22:44.852" endtime="20230522 16:22:44.852"/>
</kw>
<kw name="Save Workbook" library="RPA.Excel.Files">
<doc>Save the active workbook.</doc>
<status status="PASS" starttime="20230522 16:22:44.853" endtime="20230522 16:22:44.873"/>
</kw>
<kw name="Log To Console" library="BuiltIn">
<arg>Reconciliation Failed</arg>
<doc>Logs the given message to the console.</doc>
<status status="PASS" starttime="20230522 16:22:44.874" endtime="20230522 16:22:44.875"/>
</kw>
<status status="PASS" starttime="20230522 16:22:44.822" endtime="20230522 16:22:44.875"/>
</branch>
<status status="PASS" starttime="20230522 16:22:44.819" endtime="20230522 16:22:44.876"/>
</if>
<status status="PASS" starttime="20230522 16:22:44.615" endtime="20230522 16:22:44.876"/>
</branch>
<status status="PASS" starttime="20230522 16:22:44.615" endtime="20230522 16:22:44.876"/>
</if>
<status status="PASS" starttime="20230522 16:22:44.613" endtime="20230522 16:22:44.876"/>
</kw>
<status status="PASS" starttime="20230522 16:22:44.611" endtime="20230522 16:22:44.877"/>
</branch>
<status status="PASS" starttime="20230522 16:22:44.610" endtime="20230522 16:22:44.877"/>
</if>
<status status="PASS" starttime="20230522 16:22:41.018" endtime="20230522 16:22:44.877"/>
</kw>
<status status="PASS" starttime="20230522 16:22:40.959" endtime="20230522 16:22:44.877"/>
</test>
<doc>account reconciliation using RPA</doc>
<status status="PASS" starttime="20230522 16:22:38.816" endtime="20230522 16:22:44.880"/>
</suite>
<statistics>
<total>
<stat pass="1" fail="0" skip="0">All Tasks</stat>
</total>
<tag>
</tag>
<suite>
<stat pass="1" fail="0" skip="0" id="s1" name="Reconciliationcheck">Reconciliationcheck</stat>
</suite>
</statistics>
<errors>
<msg timestamp="20230522 16:22:40.951" level="ERROR">Error in file 'c:\Users\admin\Desktop\RpaBuildTest\RpaTesting\RobocorpTestRobots\sap-project\reconciliationcheck.robot' on line 9: Importing library 'JSONLibrary' failed: ModuleNotFoundError: No module named 'JSONLibrary'
Traceback (most recent call last):
  None
PYTHONPATH:
  c:\Users\admin\Desktop\RpaBuildTest\RpaTesting\RobocorpTestRobots
  c:\Users\admin\.vscode\extensions\robocorp.robotframework-lsp-1.10.1\src\robotframework_debug_adapter
  c:\Users\admin\Desktop\RpaBuildTest\RpaTesting\RobocorpTestRobots
  c:\Users\admin\.vscode\extensions\robocorp.robotframework-lsp-1.10.1\src
  c:\Users\admin\.vscode\extensions\robocorp.robotframework-lsp-1.10.1\src\robotframework_ls\vendored
  c:\ProgramData\robocorp\ht\781852c_b1f3c24_791b5f1e\python39.zip
  c:\ProgramData\robocorp\ht\781852c_b1f3c24_791b5f1e\DLLs
  c:\ProgramData\robocorp\ht\781852c_b1f3c24_791b5f1e\lib
  c:\ProgramData\robocorp\ht\781852c_b1f3c24_791b5f1e
  c:\ProgramData\robocorp\ht
  c:\ProgramData\robocorp\ht\781852c_b1f3c24_791b5f1e\lib\site-packages
  c:\ProgramData\robocorp\ht\781852c_b1f3c24_791b5f1e\lib\site-packages\win32
  c:\ProgramData\robocorp\ht\781852c_b1f3c24_791b5f1e\lib\site-packages\win32\lib
  c:\ProgramData\robocorp\ht\781852c_b1f3c24_791b5f1e\lib\site-packages\Pythonwin</msg>
<msg timestamp="20230522 16:22:41.040" level="WARN">Keyword 'RequestsLibrary.Get Request' is deprecated. Please use `GET On Session` instead.</msg>
<msg timestamp="20230522 16:22:41.610" level="WARN">Keyword 'RequestsLibrary.Get Request' is deprecated. Please use `GET On Session` instead.</msg>
<msg timestamp="20230522 16:22:41.975" level="WARN">Keyword 'RequestsLibrary.Get Request' is deprecated. Please use `GET On Session` instead.</msg>
<msg timestamp="20230522 16:22:42.334" level="WARN">Keyword 'RequestsLibrary.Post Request' is deprecated. Please use `POST On Session` instead.</msg>
<msg timestamp="20230522 16:22:42.809" level="WARN">Keyword 'RequestsLibrary.Post Request' is deprecated. Please use `POST On Session` instead.</msg>
<msg timestamp="20230522 16:22:43.023" level="WARN">Keyword 'RequestsLibrary.Get Request' is deprecated. Please use `GET On Session` instead.</msg>
<msg timestamp="20230522 16:22:43.270" level="WARN">Keyword 'RequestsLibrary.Get Request' is deprecated. Please use `GET On Session` instead.</msg>
<msg timestamp="20230522 16:22:43.485" level="WARN">Keyword 'RequestsLibrary.Post Request' is deprecated. Please use `POST On Session` instead.</msg>
<msg timestamp="20230522 16:22:43.490" level="WARN">Keyword 'RequestsLibrary.Get Request' is deprecated. Please use `GET On Session` instead.</msg>
<msg timestamp="20230522 16:22:43.993" level="WARN">Keyword 'RequestsLibrary.Post Request' is deprecated. Please use `POST On Session` instead.</msg>
<msg timestamp="20230522 16:22:43.999" level="WARN">Keyword 'RequestsLibrary.Get Request' is deprecated. Please use `GET On Session` instead.</msg>
<msg timestamp="20230522 16:22:44.391" level="WARN">Keyword 'RequestsLibrary.Post Request' is deprecated. Please use `POST On Session` instead.</msg>
<msg timestamp="20230522 16:22:44.591" level="WARN">Keyword 'RequestsLibrary.Get Request' is deprecated. Please use `GET On Session` instead.</msg>
<msg timestamp="20230522 16:22:44.650" level="WARN">Keyword 'RequestsLibrary.Post Request' is deprecated. Please use `POST On Session` instead.</msg>
</errors>
</robot>
